<?xml version="1.0" encoding="UTF-8"?>
<testng-results ignored="0" total="4" passed="3" failed="1" skipped="0">
  <reporter-output>
  </reporter-output>
  <suite started-at="2022-12-27T10:54:15Z" name="Default suite" finished-at="2022-12-27T10:54:20Z" duration-ms="4614">
    <groups>
    </groups>
    <test started-at="2022-12-27T10:54:15Z" name="Default test" finished-at="2022-12-27T10:54:20Z" duration-ms="4614">
      <class name="com.qa.anc.test.LoginPageTest">
        <test-method is-config="true" signature="setUp()[pri:0, instance:com.qa.anc.test.LoginPageTest@b70da4c]" started-at="2022-12-27T10:54:15Z" name="setUp" finished-at="2022-12-27T10:54:19Z" duration-ms="3947" status="PASS">
          <reporter-output>
          </reporter-output>
        </test-method> <!-- setUp -->
        <test-method signature="StayloginTest()[pri:0, instance:com.qa.anc.test.LoginPageTest@b70da4c]" started-at="2022-12-27T10:54:19Z" name="StayloginTest" finished-at="2022-12-27T10:54:19Z" duration-ms="92" status="PASS">
          <reporter-output>
          </reporter-output>
        </test-method> <!-- StayloginTest -->
        <test-method signature="forgotPwdLinkTest()[pri:0, instance:com.qa.anc.test.LoginPageTest@b70da4c]" started-at="2022-12-27T10:54:19Z" name="forgotPwdLinkTest" finished-at="2022-12-27T10:54:20Z" duration-ms="33" status="PASS">
          <reporter-output>
          </reporter-output>
        </test-method> <!-- forgotPwdLinkTest -->
        <test-method signature="loginPageTitleTest()[pri:0, instance:com.qa.anc.test.LoginPageTest@b70da4c]" started-at="2022-12-27T10:54:20Z" name="loginPageTitleTest" finished-at="2022-12-27T10:54:20Z" duration-ms="6" status="FAIL">
          <exception class="java.lang.StackOverflowError">
            <full-stacktrace>
              <![CDATA[java.lang.StackOverflowError
at com.qa.anc.page.LoginPage.getLoginPageTitle(LoginPage.java:30)
at com.qa.anc.page.LoginPage.getLoginPageTitle(LoginPage.java:30)
at com.qa.anc.page.LoginPage.getLoginPageTitle(LoginPage.java:30)
at com.qa.anc.page.LoginPage.getLoginPageTitle(LoginPage.java:30)
at com.qa.anc.page.LoginPage.getLoginPageTitle(LoginPage.java:30)
at com.qa.anc.page.LoginPage.getLoginPageTitle(LoginPage.java:30)
at com.qa.anc.page.LoginPage.getLoginPageTitle(LoginPage.java:30)
at com.qa.anc.page.LoginPage.getLoginPageTitle(LoginPage.java:30)
at com.qa.anc.page.LoginPage.getLoginPageTitle(LoginPage.java:30)
at com.qa.anc.page.LoginPage.getLoginPageTitle(LoginPage.java:30)
at com.qa.anc.page.LoginPage.getLoginPageTitle(LoginPage.java:30)
at com.qa.anc.page.LoginPage.getLoginPageTitle(LoginPage.java:30)
at com.qa.anc.page.LoginPage.getLoginPageTitle(LoginPage.java:30)
at com.qa.anc.page.LoginPage.getLoginPageTitle(LoginPage.java:30)
at com.qa.anc.page.LoginPage.getLoginPageTitle(LoginPage.java:30)
at com.qa.anc.page.LoginPage.getLoginPageTitle(LoginPage.java:30)
at com.qa.anc.page.LoginPage.getLoginPageTitle(LoginPage.java:30)
at com.qa.anc.page.LoginPage.getLoginPageTitle(LoginPage.java:30)
at com.qa.anc.page.LoginPage.getLoginPageTitle(LoginPage.java:30)
at com.qa.anc.page.LoginPage.getLoginPageTitle(LoginPage.java:30)
at com.qa.anc.page.LoginPage.getLoginPageTitle(LoginPage.java:30)
at com.qa.anc.page.LoginPage.getLoginPageTitle(LoginPage.java:30)
at com.qa.anc.page.LoginPage.getLoginPageTitle(LoginPage.java:30)
at com.qa.anc.page.LoginPage.getLoginPageTitle(LoginPage.java:30)
at com.qa.anc.page.LoginPage.getLoginPageTitle(LoginPage.java:30)
at com.qa.anc.page.LoginPage.getLoginPageTitle(LoginPage.java:30)
at com.qa.anc.page.LoginPage.getLoginPageTitle(LoginPage.java:30)
at com.qa.anc.page.LoginPage.getLoginPageTitle(LoginPage.java:30)
at com.qa.anc.page.LoginPage.getLoginPageTitle(LoginPage.java:30)
at com.qa.anc.page.LoginPage.getLoginPageTitle(LoginPage.java:30)
at com.qa.anc.page.LoginPage.getLoginPageTitle(LoginPage.java:30)
at com.qa.anc.page.LoginPage.getLoginPageTitle(LoginPage.java:30)
at com.qa.anc.page.LoginPage.getLoginPageTitle(LoginPage.java:30)
at com.qa.anc.page.LoginPage.getLoginPageTitle(LoginPage.java:30)
at com.qa.anc.page.LoginPage.getLoginPageTitle(LoginPage.java:30)
at com.qa.anc.page.LoginPage.getLoginPageTitle(LoginPage.java:30)
at com.qa.anc.page.LoginPage.getLoginPageTitle(LoginPage.java:30)
at com.qa.anc.page.LoginPage.getLoginPageTitle(LoginPage.java:30)
at com.qa.anc.page.LoginPage.getLoginPageTitle(LoginPage.java:30)
at com.qa.anc.page.LoginPage.getLoginPageTitle(LoginPage.java:30)
at com.qa.anc.page.LoginPage.getLoginPageTitle(LoginPage.java:30)
at com.qa.anc.page.LoginPage.getLoginPageTitle(LoginPage.java:30)
at com.qa.anc.page.LoginPage.getLoginPageTitle(LoginPage.java:30)
at com.qa.anc.page.LoginPage.getLoginPageTitle(LoginPage.java:30)
at com.qa.anc.page.LoginPage.getLoginPageTitle(LoginPage.java:30)
at com.qa.anc.page.LoginPage.getLoginPageTitle(LoginPage.java:30)
at com.qa.anc.page.LoginPage.getLoginPageTitle(LoginPage.java:30)
at com.qa.anc.page.LoginPage.getLoginPageTitle(LoginPage.java:30)
at com.qa.anc.page.LoginPage.getLoginPageTitle(LoginPage.java:30)
at com.qa.anc.page.LoginPage.getLoginPageTitle(LoginPage.java:30)
at com.qa.anc.page.LoginPage.getLoginPageTitle(LoginPage.java:30)
at com.qa.anc.page.LoginPage.getLoginPageTitle(LoginPage.java:30)
at com.qa.anc.page.LoginPage.getLoginPageTitle(LoginPage.java:30)
at com.qa.anc.page.LoginPage.getLoginPageTitle(LoginPage.java:30)
at com.qa.anc.page.LoginPage.getLoginPageTitle(LoginPage.java:30)
at com.qa.anc.page.LoginPage.getLoginPageTitle(LoginPage.java:30)
at com.qa.anc.page.LoginPage.getLoginPageTitle(LoginPage.java:30)
at com.qa.anc.page.LoginPage.getLoginPageTitle(LoginPage.java:30)
at com.qa.anc.page.LoginPage.getLoginPageTitle(LoginPage.java:30)
at com.qa.anc.page.LoginPage.getLoginPageTitle(LoginPage.java:30)
at com.qa.anc.page.LoginPage.getLoginPageTitle(LoginPage.java:30)
at com.qa.anc.page.LoginPage.getLoginPageTitle(LoginPage.java:30)
at com.qa.anc.page.LoginPage.getLoginPageTitle(LoginPage.java:30)
at com.qa.anc.page.LoginPage.getLoginPageTitle(LoginPage.java:30)
at com.qa.anc.page.LoginPage.getLoginPageTitle(LoginPage.java:30)
at com.qa.anc.page.LoginPage.getLoginPageTitle(LoginPage.java:30)
at com.qa.anc.page.LoginPage.getLoginPageTitle(LoginPage.java:30)
at com.qa.anc.page.LoginPage.getLoginPageTitle(LoginPage.java:30)
at com.qa.anc.page.LoginPage.getLoginPageTitle(LoginPage.java:30)
at com.qa.anc.page.LoginPage.getLoginPageTitle(LoginPage.java:30)
at com.qa.anc.page.LoginPage.getLoginPageTitle(LoginPage.java:30)
at com.qa.anc.page.LoginPage.getLoginPageTitle(LoginPage.java:30)
at com.qa.anc.page.LoginPage.getLoginPageTitle(LoginPage.java:30)
at com.qa.anc.page.LoginPage.getLoginPageTitle(LoginPage.java:30)
at com.qa.anc.page.LoginPage.getLoginPageTitle(LoginPage.java:30)
at com.qa.anc.page.LoginPage.getLoginPageTitle(LoginPage.java:30)
at com.qa.anc.page.LoginPage.getLoginPageTitle(LoginPage.java:30)
at com.qa.anc.page.LoginPage.getLoginPageTitle(LoginPage.java:30)
at com.qa.anc.page.LoginPage.getLoginPageTitle(LoginPage.java:30)
at com.qa.anc.page.LoginPage.getLoginPageTitle(LoginPage.java:30)
at com.qa.anc.page.LoginPage.getLoginPageTitle(LoginPage.java:30)
at com.qa.anc.page.LoginPage.getLoginPageTitle(LoginPage.java:30)
at com.qa.anc.page.LoginPage.getLoginPageTitle(LoginPage.java:30)
at com.qa.anc.page.LoginPage.getLoginPageTitle(LoginPage.java:30)
at com.qa.anc.page.LoginPage.getLoginPageTitle(LoginPage.java:30)
at com.qa.anc.page.LoginPage.getLoginPageTitle(LoginPage.java:30)
at com.qa.anc.page.LoginPage.getLoginPageTitle(LoginPage.java:30)
at com.qa.anc.page.LoginPage.getLoginPageTitle(LoginPage.java:30)
at com.qa.anc.page.LoginPage.getLoginPageTitle(LoginPage.java:30)
at com.qa.anc.page.LoginPage.getLoginPageTitle(LoginPage.java:30)
at com.qa.anc.page.LoginPage.getLoginPageTitle(LoginPage.java:30)
at com.qa.anc.page.LoginPage.getLoginPageTitle(LoginPage.java:30)
at com.qa.anc.page.LoginPage.getLoginPageTitle(LoginPage.java:30)
at com.qa.anc.page.LoginPage.getLoginPageTitle(LoginPage.java:30)
at com.qa.anc.page.LoginPage.getLoginPageTitle(LoginPage.java:30)
at com.qa.anc.page.LoginPage.getLoginPageTitle(LoginPage.java:30)
at com.qa.anc.page.LoginPage.getLoginPageTitle(LoginPage.java:30)
at com.qa.anc.page.LoginPage.getLoginPageTitle(LoginPage.java:30)
at com.qa.anc.page.LoginPage.getLoginPageTitle(LoginPage.java:30)
at com.qa.anc.page.LoginPage.getLoginPageTitle(LoginPage.java:30)
at com.qa.anc.page.LoginPage.getLoginPageTitle(LoginPage.java:30)
at com.qa.anc.page.LoginPage.getLoginPageTitle(LoginPage.java:30)
at com.qa.anc.page.LoginPage.getLoginPageTitle(LoginPage.java:30)
at com.qa.anc.page.LoginPage.getLoginPageTitle(LoginPage.java:30)
at com.qa.anc.page.LoginPage.getLoginPageTitle(LoginPage.java:30)
at com.qa.anc.page.LoginPage.getLoginPageTitle(LoginPage.java:30)
at com.qa.anc.page.LoginPage.getLoginPageTitle(LoginPage.java:30)
at com.qa.anc.page.LoginPage.getLoginPageTitle(LoginPage.java:30)
at com.qa.anc.page.LoginPage.getLoginPageTitle(LoginPage.java:30)
at com.qa.anc.page.LoginPage.getLoginPageTitle(LoginPage.java:30)
at com.qa.anc.page.LoginPage.getLoginPageTitle(LoginPage.java:30)
at com.qa.anc.page.LoginPage.getLoginPageTitle(LoginPage.java:30)
at com.qa.anc.page.LoginPage.getLoginPageTitle(LoginPage.java:30)
at com.qa.anc.page.LoginPage.getLoginPageTitle(LoginPage.java:30)
at com.qa.anc.page.LoginPage.getLoginPageTitle(LoginPage.java:30)
at com.qa.anc.page.LoginPage.getLoginPageTitle(LoginPage.java:30)
at com.qa.anc.page.LoginPage.getLoginPageTitle(LoginPage.java:30)
at com.qa.anc.page.LoginPage.getLoginPageTitle(LoginPage.java:30)
at com.qa.anc.page.LoginPage.getLoginPageTitle(LoginPage.java:30)
at com.qa.anc.page.LoginPage.getLoginPageTitle(LoginPage.java:30)
at com.qa.anc.page.LoginPage.getLoginPageTitle(LoginPage.java:30)
at com.qa.anc.page.LoginPage.getLoginPageTitle(LoginPage.java:30)
at com.qa.anc.page.LoginPage.getLoginPageTitle(LoginPage.java:30)
at com.qa.anc.page.LoginPage.getLoginPageTitle(LoginPage.java:30)
at com.qa.anc.page.LoginPage.getLoginPageTitle(LoginPage.java:30)
at com.qa.anc.page.LoginPage.getLoginPageTitle(LoginPage.java:30)
at com.qa.anc.page.LoginPage.getLoginPageTitle(LoginPage.java:30)
at com.qa.anc.page.LoginPage.getLoginPageTitle(LoginPage.java:30)
at com.qa.anc.page.LoginPage.getLoginPageTitle(LoginPage.java:30)
at com.qa.anc.page.LoginPage.getLoginPageTitle(LoginPage.java:30)
at com.qa.anc.page.LoginPage.getLoginPageTitle(LoginPage.java:30)
at com.qa.anc.page.LoginPage.getLoginPageTitle(LoginPage.java:30)
at com.qa.anc.page.LoginPage.getLoginPageTitle(LoginPage.java:30)
at com.qa.anc.page.LoginPage.getLoginPageTitle(LoginPage.java:30)
at com.qa.anc.page.LoginPage.getLoginPageTitle(LoginPage.java:30)
at com.qa.anc.page.LoginPage.getLoginPageTitle(LoginPage.java:30)
at com.qa.anc.page.LoginPage.getLoginPageTitle(LoginPage.java:30)
at com.qa.anc.page.LoginPage.getLoginPageTitle(LoginPage.java:30)
at com.qa.anc.page.LoginPage.getLoginPageTitle(LoginPage.java:30)
at com.qa.anc.page.LoginPage.getLoginPageTitle(LoginPage.java:30)
at com.qa.anc.page.LoginPage.getLoginPageTitle(LoginPage.java:30)
at com.qa.anc.page.LoginPage.getLoginPageTitle(LoginPage.java:30)
at com.qa.anc.page.LoginPage.getLoginPageTitle(LoginPage.java:30)
at com.qa.anc.page.LoginPage.getLoginPageTitle(LoginPage.java:30)
at com.qa.anc.page.LoginPage.getLoginPageTitle(LoginPage.java:30)
at com.qa.anc.page.LoginPage.getLoginPageTitle(LoginPage.java:30)
at com.qa.anc.page.LoginPage.getLoginPageTitle(LoginPage.java:30)
at com.qa.anc.page.LoginPage.getLoginPageTitle(LoginPage.java:30)
at com.qa.anc.page.LoginPage.getLoginPageTitle(LoginPage.java:30)
at com.qa.anc.page.LoginPage.getLoginPageTitle(LoginPage.java:30)
at com.qa.anc.page.LoginPage.getLoginPageTitle(LoginPage.java:30)
at com.qa.anc.page.LoginPage.getLoginPageTitle(LoginPage.java:30)
at com.qa.anc.page.LoginPage.getLoginPageTitle(LoginPage.java:30)
at com.qa.anc.page.LoginPage.getLoginPageTitle(LoginPage.java:30)
at com.qa.anc.page.LoginPage.getLoginPageTitle(LoginPage.java:30)
at com.qa.anc.page.LoginPage.getLoginPageTitle(LoginPage.java:30)
at com.qa.anc.page.LoginPage.getLoginPageTitle(LoginPage.java:30)
at com.qa.anc.page.LoginPage.getLoginPageTitle(LoginPage.java:30)
at com.qa.anc.page.LoginPage.getLoginPageTitle(LoginPage.java:30)
at com.qa.anc.page.LoginPage.getLoginPageTitle(LoginPage.java:30)
at com.qa.anc.page.LoginPage.getLoginPageTitle(LoginPage.java:30)
at com.qa.anc.page.LoginPage.getLoginPageTitle(LoginPage.java:30)
at com.qa.anc.page.LoginPage.getLoginPageTitle(LoginPage.java:30)
at com.qa.anc.page.LoginPage.getLoginPageTitle(LoginPage.java:30)
at com.qa.anc.page.LoginPage.getLoginPageTitle(LoginPage.java:30)
at com.qa.anc.page.LoginPage.getLoginPageTitle(LoginPage.java:30)
at com.qa.anc.page.LoginPage.getLoginPageTitle(LoginPage.java:30)
at com.qa.anc.page.LoginPage.getLoginPageTitle(LoginPage.java:30)
at com.qa.anc.page.LoginPage.getLoginPageTitle(LoginPage.java:30)
at com.qa.anc.page.LoginPage.getLoginPageTitle(LoginPage.java:30)
at com.qa.anc.page.LoginPage.getLoginPageTitle(LoginPage.java:30)
at com.qa.anc.page.LoginPage.getLoginPageTitle(LoginPage.java:30)
at com.qa.anc.page.LoginPage.getLoginPageTitle(LoginPage.java:30)
at com.qa.anc.page.LoginPage.getLoginPageTitle(LoginPage.java:30)
at com.qa.anc.page.LoginPage.getLoginPageTitle(LoginPage.java:30)
at com.qa.anc.page.LoginPage.getLoginPageTitle(LoginPage.java:30)
at com.qa.anc.page.LoginPage.getLoginPageTitle(LoginPage.java:30)
at com.qa.anc.page.LoginPage.getLoginPageTitle(LoginPage.java:30)
at com.qa.anc.page.LoginPage.getLoginPageTitle(LoginPage.java:30)
at com.qa.anc.page.LoginPage.getLoginPageTitle(LoginPage.java:30)
at com.qa.anc.page.LoginPage.getLoginPageTitle(LoginPage.java:30)
at com.qa.anc.page.LoginPage.getLoginPageTitle(LoginPage.java:30)
at com.qa.anc.page.LoginPage.getLoginPageTitle(LoginPage.java:30)
at com.qa.anc.page.LoginPage.getLoginPageTitle(LoginPage.java:30)
at com.qa.anc.page.LoginPage.getLoginPageTitle(LoginPage.java:30)
at com.qa.anc.page.LoginPage.getLoginPageTitle(LoginPage.java:30)
at com.qa.anc.page.LoginPage.getLoginPageTitle(LoginPage.java:30)
at com.qa.anc.page.LoginPage.getLoginPageTitle(LoginPage.java:30)
at com.qa.anc.page.LoginPage.getLoginPageTitle(LoginPage.java:30)
at com.qa.anc.page.LoginPage.getLoginPageTitle(LoginPage.java:30)
at com.qa.anc.page.LoginPage.getLoginPageTitle(LoginPage.java:30)
at com.qa.anc.page.LoginPage.getLoginPageTitle(LoginPage.java:30)
at com.qa.anc.page.LoginPage.getLoginPageTitle(LoginPage.java:30)
at com.qa.anc.page.LoginPage.getLoginPageTitle(LoginPage.java:30)
at com.qa.anc.page.LoginPage.getLoginPageTitle(LoginPage.java:30)
at com.qa.anc.page.LoginPage.getLoginPageTitle(LoginPage.java:30)
at com.qa.anc.page.LoginPage.getLoginPageTitle(LoginPage.java:30)
at com.qa.anc.page.LoginPage.getLoginPageTitle(LoginPage.java:30)
at com.qa.anc.page.LoginPage.getLoginPageTitle(LoginPage.java:30)
at com.qa.anc.page.LoginPage.getLoginPageTitle(LoginPage.java:30)
at com.qa.anc.page.LoginPage.getLoginPageTitle(LoginPage.java:30)
at com.qa.anc.page.LoginPage.getLoginPageTitle(LoginPage.java:30)
at com.qa.anc.page.LoginPage.getLoginPageTitle(LoginPage.java:30)
at com.qa.anc.page.LoginPage.getLoginPageTitle(LoginPage.java:30)
at com.qa.anc.page.LoginPage.getLoginPageTitle(LoginPage.java:30)
at com.qa.anc.page.LoginPage.getLoginPageTitle(LoginPage.java:30)
at com.qa.anc.page.LoginPage.getLoginPageTitle(LoginPage.java:30)
at com.qa.anc.page.LoginPage.getLoginPageTitle(LoginPage.java:30)
at com.qa.anc.page.LoginPage.getLoginPageTitle(LoginPage.java:30)
at com.qa.anc.page.LoginPage.getLoginPageTitle(LoginPage.java:30)
at com.qa.anc.page.LoginPage.getLoginPageTitle(LoginPage.java:30)
at com.qa.anc.page.LoginPage.getLoginPageTitle(LoginPage.java:30)
at com.qa.anc.page.LoginPage.getLoginPageTitle(LoginPage.java:30)
at com.qa.anc.page.LoginPage.getLoginPageTitle(LoginPage.java:30)
at com.qa.anc.page.LoginPage.getLoginPageTitle(LoginPage.java:30)
at com.qa.anc.page.LoginPage.getLoginPageTitle(LoginPage.java:30)
at com.qa.anc.page.LoginPage.getLoginPageTitle(LoginPage.java:30)
at com.qa.anc.page.LoginPage.getLoginPageTitle(LoginPage.java:30)
at com.qa.anc.page.LoginPage.getLoginPageTitle(LoginPage.java:30)
at com.qa.anc.page.LoginPage.getLoginPageTitle(LoginPage.java:30)
at com.qa.anc.page.LoginPage.getLoginPageTitle(LoginPage.java:30)
at com.qa.anc.page.LoginPage.getLoginPageTitle(LoginPage.java:30)
at com.qa.anc.page.LoginPage.getLoginPageTitle(LoginPage.java:30)
at com.qa.anc.page.LoginPage.getLoginPageTitle(LoginPage.java:30)
at com.qa.anc.page.LoginPage.getLoginPageTitle(LoginPage.java:30)
at com.qa.anc.page.LoginPage.getLoginPageTitle(LoginPage.java:30)
at com.qa.anc.page.LoginPage.getLoginPageTitle(LoginPage.java:30)
at com.qa.anc.page.LoginPage.getLoginPageTitle(LoginPage.java:30)
at com.qa.anc.page.LoginPage.getLoginPageTitle(LoginPage.java:30)
at com.qa.anc.page.LoginPage.getLoginPageTitle(LoginPage.java:30)
at com.qa.anc.page.LoginPage.getLoginPageTitle(LoginPage.java:30)
at com.qa.anc.page.LoginPage.getLoginPageTitle(LoginPage.java:30)
at com.qa.anc.page.LoginPage.getLoginPageTitle(LoginPage.java:30)
at com.qa.anc.page.LoginPage.getLoginPageTitle(LoginPage.java:30)
at com.qa.anc.page.LoginPage.getLoginPageTitle(LoginPage.java:30)
at com.qa.anc.page.LoginPage.getLoginPageTitle(LoginPage.java:30)
at com.qa.anc.page.LoginPage.getLoginPageTitle(LoginPage.java:30)
at com.qa.anc.page.LoginPage.getLoginPageTitle(LoginPage.java:30)
at com.qa.anc.page.LoginPage.getLoginPageTitle(LoginPage.java:30)
at com.qa.anc.page.LoginPage.getLoginPageTitle(LoginPage.java:30)
at com.qa.anc.page.LoginPage.getLoginPageTitle(LoginPage.java:30)
at com.qa.anc.page.LoginPage.getLoginPageTitle(LoginPage.java:30)
at com.qa.anc.page.LoginPage.getLoginPageTitle(LoginPage.java:30)
at com.qa.anc.page.LoginPage.getLoginPageTitle(LoginPage.java:30)
at com.qa.anc.page.LoginPage.getLoginPageTitle(LoginPage.java:30)
at com.qa.anc.page.LoginPage.getLoginPageTitle(LoginPage.java:30)
at com.qa.anc.page.LoginPage.getLoginPageTitle(LoginPage.java:30)
at com.qa.anc.page.LoginPage.getLoginPageTitle(LoginPage.java:30)
at com.qa.anc.page.LoginPage.getLoginPageTitle(LoginPage.java:30)
at com.qa.anc.page.LoginPage.getLoginPageTitle(LoginPage.java:30)
at com.qa.anc.page.LoginPage.getLoginPageTitle(LoginPage.java:30)
at com.qa.anc.page.LoginPage.getLoginPageTitle(LoginPage.java:30)
at com.qa.anc.page.LoginPage.getLoginPageTitle(LoginPage.java:30)
at com.qa.anc.page.LoginPage.getLoginPageTitle(LoginPage.java:30)
at com.qa.anc.page.LoginPage.getLoginPageTitle(LoginPage.java:30)
at com.qa.anc.page.LoginPage.getLoginPageTitle(LoginPage.java:30)
at com.qa.anc.page.LoginPage.getLoginPageTitle(LoginPage.java:30)
at com.qa.anc.page.LoginPage.getLoginPageTitle(LoginPage.java:30)
at com.qa.anc.page.LoginPage.getLoginPageTitle(LoginPage.java:30)
at com.qa.anc.page.LoginPage.getLoginPageTitle(LoginPage.java:30)
at com.qa.anc.page.LoginPage.getLoginPageTitle(LoginPage.java:30)
at com.qa.anc.page.LoginPage.getLoginPageTitle(LoginPage.java:30)
at com.qa.anc.page.LoginPage.getLoginPageTitle(LoginPage.java:30)
at com.qa.anc.page.LoginPage.getLoginPageTitle(LoginPage.java:30)
at com.qa.anc.page.LoginPage.getLoginPageTitle(LoginPage.java:30)
at com.qa.anc.page.LoginPage.getLoginPageTitle(LoginPage.java:30)
at com.qa.anc.page.LoginPage.getLoginPageTitle(LoginPage.java:30)
at com.qa.anc.page.LoginPage.getLoginPageTitle(LoginPage.java:30)
at com.qa.anc.page.LoginPage.getLoginPageTitle(LoginPage.java:30)
at com.qa.anc.page.LoginPage.getLoginPageTitle(LoginPage.java:30)
at com.qa.anc.page.LoginPage.getLoginPageTitle(LoginPage.java:30)
at com.qa.anc.page.LoginPage.getLoginPageTitle(LoginPage.java:30)
at com.qa.anc.page.LoginPage.getLoginPageTitle(LoginPage.java:30)
at com.qa.anc.page.LoginPage.getLoginPageTitle(LoginPage.java:30)
at com.qa.anc.page.LoginPage.getLoginPageTitle(LoginPage.java:30)
at com.qa.anc.page.LoginPage.getLoginPageTitle(LoginPage.java:30)
at com.qa.anc.page.LoginPage.getLoginPageTitle(LoginPage.java:30)
at com.qa.anc.page.LoginPage.getLoginPageTitle(LoginPage.java:30)
at com.qa.anc.page.LoginPage.getLoginPageTitle(LoginPage.java:30)
at com.qa.anc.page.LoginPage.getLoginPageTitle(LoginPage.java:30)
at com.qa.anc.page.LoginPage.getLoginPageTitle(LoginPage.java:30)
at com.qa.anc.page.LoginPage.getLoginPageTitle(LoginPage.java:30)
at com.qa.anc.page.LoginPage.getLoginPageTitle(LoginPage.java:30)
at com.qa.anc.page.LoginPage.getLoginPageTitle(LoginPage.java:30)
at com.qa.anc.page.LoginPage.getLoginPageTitle(LoginPage.java:30)
at com.qa.anc.page.LoginPage.getLoginPageTitle(LoginPage.java:30)
at com.qa.anc.page.LoginPage.getLoginPageTitle(LoginPage.java:30)
at com.qa.anc.page.LoginPage.getLoginPageTitle(LoginPage.java:30)
at com.qa.anc.page.LoginPage.getLoginPageTitle(LoginPage.java:30)
at com.qa.anc.page.LoginPage.getLoginPageTitle(LoginPage.java:30)
at com.qa.anc.page.LoginPage.getLoginPageTitle(LoginPage.java:30)
at com.qa.anc.page.LoginPage.getLoginPageTitle(LoginPage.java:30)
at com.qa.anc.page.LoginPage.getLoginPageTitle(LoginPage.java:30)
at com.qa.anc.page.LoginPage.getLoginPageTitle(LoginPage.java:30)
at com.qa.anc.page.LoginPage.getLoginPageTitle(LoginPage.java:30)
at com.qa.anc.page.LoginPage.getLoginPageTitle(LoginPage.java:30)
at com.qa.anc.page.LoginPage.getLoginPageTitle(LoginPage.java:30)
at com.qa.anc.page.LoginPage.getLoginPageTitle(LoginPage.java:30)
at com.qa.anc.page.LoginPage.getLoginPageTitle(LoginPage.java:30)
at com.qa.anc.page.LoginPage.getLoginPageTitle(LoginPage.java:30)
at com.qa.anc.page.LoginPage.getLoginPageTitle(LoginPage.java:30)
at com.qa.anc.page.LoginPage.getLoginPageTitle(LoginPage.java:30)
at com.qa.anc.page.LoginPage.getLoginPageTitle(LoginPage.java:30)
at com.qa.anc.page.LoginPage.getLoginPageTitle(LoginPage.java:30)
at com.qa.anc.page.LoginPage.getLoginPageTitle(LoginPage.java:30)
at com.qa.anc.page.LoginPage.getLoginPageTitle(LoginPage.java:30)
at com.qa.anc.page.LoginPage.getLoginPageTitle(LoginPage.java:30)
at com.qa.anc.page.LoginPage.getLoginPageTitle(LoginPage.java:30)
at com.qa.anc.page.LoginPage.getLoginPageTitle(LoginPage.java:30)
at com.qa.anc.page.LoginPage.getLoginPageTitle(LoginPage.java:30)
at com.qa.anc.page.LoginPage.getLoginPageTitle(LoginPage.java:30)
at com.qa.anc.page.LoginPage.getLoginPageTitle(LoginPage.java:30)
at com.qa.anc.page.LoginPage.getLoginPageTitle(LoginPage.java:30)
at com.qa.anc.page.LoginPage.getLoginPageTitle(LoginPage.java:30)
at com.qa.anc.page.LoginPage.getLoginPageTitle(LoginPage.java:30)
at com.qa.anc.page.LoginPage.getLoginPageTitle(LoginPage.java:30)
at com.qa.anc.page.LoginPage.getLoginPageTitle(LoginPage.java:30)
at com.qa.anc.page.LoginPage.getLoginPageTitle(LoginPage.java:30)
at com.qa.anc.page.LoginPage.getLoginPageTitle(LoginPage.java:30)
at com.qa.anc.page.LoginPage.getLoginPageTitle(LoginPage.java:30)
at com.qa.anc.page.LoginPage.getLoginPageTitle(LoginPage.java:30)
at com.qa.anc.page.LoginPage.getLoginPageTitle(LoginPage.java:30)
at com.qa.anc.page.LoginPage.getLoginPageTitle(LoginPage.java:30)
at com.qa.anc.page.LoginPage.getLoginPageTitle(LoginPage.java:30)
at com.qa.anc.page.LoginPage.getLoginPageTitle(LoginPage.java:30)
at com.qa.anc.page.LoginPage.getLoginPageTitle(LoginPage.java:30)
at com.qa.anc.page.LoginPage.getLoginPageTitle(LoginPage.java:30)
at com.qa.anc.page.LoginPage.getLoginPageTitle(LoginPage.java:30)
at com.qa.anc.page.LoginPage.getLoginPageTitle(LoginPage.java:30)
at com.qa.anc.page.LoginPage.getLoginPageTitle(LoginPage.java:30)
at com.qa.anc.page.LoginPage.getLoginPageTitle(LoginPage.java:30)
at com.qa.anc.page.LoginPage.getLoginPageTitle(LoginPage.java:30)
at com.qa.anc.page.LoginPage.getLoginPageTitle(LoginPage.java:30)
at com.qa.anc.page.LoginPage.getLoginPageTitle(LoginPage.java:30)
at com.qa.anc.page.LoginPage.getLoginPageTitle(LoginPage.java:30)
at com.qa.anc.page.LoginPage.getLoginPageTitle(LoginPage.java:30)
at com.qa.anc.page.LoginPage.getLoginPageTitle(LoginPage.java:30)
at com.qa.anc.page.LoginPage.getLoginPageTitle(LoginPage.java:30)
at com.qa.anc.page.LoginPage.getLoginPageTitle(LoginPage.java:30)
at com.qa.anc.page.LoginPage.getLoginPageTitle(LoginPage.java:30)
at com.qa.anc.page.LoginPage.getLoginPageTitle(LoginPage.java:30)
at com.qa.anc.page.LoginPage.getLoginPageTitle(LoginPage.java:30)
at com.qa.anc.page.LoginPage.getLoginPageTitle(LoginPage.java:30)
at com.qa.anc.page.LoginPage.getLoginPageTitle(LoginPage.java:30)
at com.qa.anc.page.LoginPage.getLoginPageTitle(LoginPage.java:30)
at com.qa.anc.page.LoginPage.getLoginPageTitle(LoginPage.java:30)
at com.qa.anc.page.LoginPage.getLoginPageTitle(LoginPage.java:30)
at com.qa.anc.page.LoginPage.getLoginPageTitle(LoginPage.java:30)
at com.qa.anc.page.LoginPage.getLoginPageTitle(LoginPage.java:30)
at com.qa.anc.page.LoginPage.getLoginPageTitle(LoginPage.java:30)
at com.qa.anc.page.LoginPage.getLoginPageTitle(LoginPage.java:30)
at com.qa.anc.page.LoginPage.getLoginPageTitle(LoginPage.java:30)
at com.qa.anc.page.LoginPage.getLoginPageTitle(LoginPage.java:30)
at com.qa.anc.page.LoginPage.getLoginPageTitle(LoginPage.java:30)
at com.qa.anc.page.LoginPage.getLoginPageTitle(LoginPage.java:30)
at com.qa.anc.page.LoginPage.getLoginPageTitle(LoginPage.java:30)
at com.qa.anc.page.LoginPage.getLoginPageTitle(LoginPage.java:30)
at com.qa.anc.page.LoginPage.getLoginPageTitle(LoginPage.java:30)
at com.qa.anc.page.LoginPage.getLoginPageTitle(LoginPage.java:30)
at com.qa.anc.page.LoginPage.getLoginPageTitle(LoginPage.java:30)
at com.qa.anc.page.LoginPage.getLoginPageTitle(LoginPage.java:30)
at com.qa.anc.page.LoginPage.getLoginPageTitle(LoginPage.java:30)
at com.qa.anc.page.LoginPage.getLoginPageTitle(LoginPage.java:30)
at com.qa.anc.page.LoginPage.getLoginPageTitle(LoginPage.java:30)
at com.qa.anc.page.LoginPage.getLoginPageTitle(LoginPage.java:30)
at com.qa.anc.page.LoginPage.getLoginPageTitle(LoginPage.java:30)
at com.qa.anc.page.LoginPage.getLoginPageTitle(LoginPage.java:30)
at com.qa.anc.page.LoginPage.getLoginPageTitle(LoginPage.java:30)
at com.qa.anc.page.LoginPage.getLoginPageTitle(LoginPage.java:30)
at com.qa.anc.page.LoginPage.getLoginPageTitle(LoginPage.java:30)
at com.qa.anc.page.LoginPage.getLoginPageTitle(LoginPage.java:30)
at com.qa.anc.page.LoginPage.getLoginPageTitle(LoginPage.java:30)
at com.qa.anc.page.LoginPage.getLoginPageTitle(LoginPage.java:30)
at com.qa.anc.page.LoginPage.getLoginPageTitle(LoginPage.java:30)
at com.qa.anc.page.LoginPage.getLoginPageTitle(LoginPage.java:30)
at com.qa.anc.page.LoginPage.getLoginPageTitle(LoginPage.java:30)
at com.qa.anc.page.LoginPage.getLoginPageTitle(LoginPage.java:30)
at com.qa.anc.page.LoginPage.getLoginPageTitle(LoginPage.java:30)
at com.qa.anc.page.LoginPage.getLoginPageTitle(LoginPage.java:30)
at com.qa.anc.page.LoginPage.getLoginPageTitle(LoginPage.java:30)
at com.qa.anc.page.LoginPage.getLoginPageTitle(LoginPage.java:30)
at com.qa.anc.page.LoginPage.getLoginPageTitle(LoginPage.java:30)
at com.qa.anc.page.LoginPage.getLoginPageTitle(LoginPage.java:30)
at com.qa.anc.page.LoginPage.getLoginPageTitle(LoginPage.java:30)
at com.qa.anc.page.LoginPage.getLoginPageTitle(LoginPage.java:30)
at com.qa.anc.page.LoginPage.getLoginPageTitle(LoginPage.java:30)
at com.qa.anc.page.LoginPage.getLoginPageTitle(LoginPage.java:30)
at com.qa.anc.page.LoginPage.getLoginPageTitle(LoginPage.java:30)
at com.qa.anc.page.LoginPage.getLoginPageTitle(LoginPage.java:30)
at com.qa.anc.page.LoginPage.getLoginPageTitle(LoginPage.java:30)
at com.qa.anc.page.LoginPage.getLoginPageTitle(LoginPage.java:30)
at com.qa.anc.page.LoginPage.getLoginPageTitle(LoginPage.java:30)
at com.qa.anc.page.LoginPage.getLoginPageTitle(LoginPage.java:30)
at com.qa.anc.page.LoginPage.getLoginPageTitle(LoginPage.java:30)
at com.qa.anc.page.LoginPage.getLoginPageTitle(LoginPage.java:30)
at com.qa.anc.page.LoginPage.getLoginPageTitle(LoginPage.java:30)
at com.qa.anc.page.LoginPage.getLoginPageTitle(LoginPage.java:30)
at com.qa.anc.page.LoginPage.getLoginPageTitle(LoginPage.java:30)
at com.qa.anc.page.LoginPage.getLoginPageTitle(LoginPage.java:30)
at com.qa.anc.page.LoginPage.getLoginPageTitle(LoginPage.java:30)
at com.qa.anc.page.LoginPage.getLoginPageTitle(LoginPage.java:30)
at com.qa.anc.page.LoginPage.getLoginPageTitle(LoginPage.java:30)
at com.qa.anc.page.LoginPage.getLoginPageTitle(LoginPage.java:30)
at com.qa.anc.page.LoginPage.getLoginPageTitle(LoginPage.java:30)
at com.qa.anc.page.LoginPage.getLoginPageTitle(LoginPage.java:30)
at com.qa.anc.page.LoginPage.getLoginPageTitle(LoginPage.java:30)
at com.qa.anc.page.LoginPage.getLoginPageTitle(LoginPage.java:30)
at com.qa.anc.page.LoginPage.getLoginPageTitle(LoginPage.java:30)
at com.qa.anc.page.LoginPage.getLoginPageTitle(LoginPage.java:30)
at com.qa.anc.page.LoginPage.getLoginPageTitle(LoginPage.java:30)
at com.qa.anc.page.LoginPage.getLoginPageTitle(LoginPage.java:30)
at com.qa.anc.page.LoginPage.getLoginPageTitle(LoginPage.java:30)
at com.qa.anc.page.LoginPage.getLoginPageTitle(LoginPage.java:30)
at com.qa.anc.page.LoginPage.getLoginPageTitle(LoginPage.java:30)
at com.qa.anc.page.LoginPage.getLoginPageTitle(LoginPage.java:30)
at com.qa.anc.page.LoginPage.getLoginPageTitle(LoginPage.java:30)
at com.qa.anc.page.LoginPage.getLoginPageTitle(LoginPage.java:30)
at com.qa.anc.page.LoginPage.getLoginPageTitle(LoginPage.java:30)
at com.qa.anc.page.LoginPage.getLoginPageTitle(LoginPage.java:30)
at com.qa.anc.page.LoginPage.getLoginPageTitle(LoginPage.java:30)
at com.qa.anc.page.LoginPage.getLoginPageTitle(LoginPage.java:30)
at com.qa.anc.page.LoginPage.getLoginPageTitle(LoginPage.java:30)
at com.qa.anc.page.LoginPage.getLoginPageTitle(LoginPage.java:30)
at com.qa.anc.page.LoginPage.getLoginPageTitle(LoginPage.java:30)
at com.qa.anc.page.LoginPage.getLoginPageTitle(LoginPage.java:30)
at com.qa.anc.page.LoginPage.getLoginPageTitle(LoginPage.java:30)
at com.qa.anc.page.LoginPage.getLoginPageTitle(LoginPage.java:30)
at com.qa.anc.page.LoginPage.getLoginPageTitle(LoginPage.java:30)
at com.qa.anc.page.LoginPage.getLoginPageTitle(LoginPage.java:30)
at com.qa.anc.page.LoginPage.getLoginPageTitle(LoginPage.java:30)
at com.qa.anc.page.LoginPage.getLoginPageTitle(LoginPage.java:30)
at com.qa.anc.page.LoginPage.getLoginPageTitle(LoginPage.java:30)
at com.qa.anc.page.LoginPage.getLoginPageTitle(LoginPage.java:30)
at com.qa.anc.page.LoginPage.getLoginPageTitle(LoginPage.java:30)
at com.qa.anc.page.LoginPage.getLoginPageTitle(LoginPage.java:30)
at com.qa.anc.page.LoginPage.getLoginPageTitle(LoginPage.java:30)
at com.qa.anc.page.LoginPage.getLoginPageTitle(LoginPage.java:30)
at com.qa.anc.page.LoginPage.getLoginPageTitle(LoginPage.java:30)
at com.qa.anc.page.LoginPage.getLoginPageTitle(LoginPage.java:30)
at com.qa.anc.page.LoginPage.getLoginPageTitle(LoginPage.java:30)
at com.qa.anc.page.LoginPage.getLoginPageTitle(LoginPage.java:30)
at com.qa.anc.page.LoginPage.getLoginPageTitle(LoginPage.java:30)
at com.qa.anc.page.LoginPage.getLoginPageTitle(LoginPage.java:30)
at com.qa.anc.page.LoginPage.getLoginPageTitle(LoginPage.java:30)
at com.qa.anc.page.LoginPage.getLoginPageTitle(LoginPage.java:30)
at com.qa.anc.page.LoginPage.getLoginPageTitle(LoginPage.java:30)
at com.qa.anc.page.LoginPage.getLoginPageTitle(LoginPage.java:30)
at com.qa.anc.page.LoginPage.getLoginPageTitle(LoginPage.java:30)
at com.qa.anc.page.LoginPage.getLoginPageTitle(LoginPage.java:30)
at com.qa.anc.page.LoginPage.getLoginPageTitle(LoginPage.java:30)
at com.qa.anc.page.LoginPage.getLoginPageTitle(LoginPage.java:30)
at com.qa.anc.page.LoginPage.getLoginPageTitle(LoginPage.java:30)
at com.qa.anc.page.LoginPage.getLoginPageTitle(LoginPage.java:30)
at com.qa.anc.page.LoginPage.getLoginPageTitle(LoginPage.java:30)
at com.qa.anc.page.LoginPage.getLoginPageTitle(LoginPage.java:30)
at com.qa.anc.page.LoginPage.getLoginPageTitle(LoginPage.java:30)
at com.qa.anc.page.LoginPage.getLoginPageTitle(LoginPage.java:30)
at com.qa.anc.page.LoginPage.getLoginPageTitle(LoginPage.java:30)
at com.qa.anc.page.LoginPage.getLoginPageTitle(LoginPage.java:30)
at com.qa.anc.page.LoginPage.getLoginPageTitle(LoginPage.java:30)
at com.qa.anc.page.LoginPage.getLoginPageTitle(LoginPage.java:30)
at com.qa.anc.page.LoginPage.getLoginPageTitle(LoginPage.java:30)
at com.qa.anc.page.LoginPage.getLoginPageTitle(LoginPage.java:30)
at com.qa.anc.page.LoginPage.getLoginPageTitle(LoginPage.java:30)
at com.qa.anc.page.LoginPage.getLoginPageTitle(LoginPage.java:30)
at com.qa.anc.page.LoginPage.getLoginPageTitle(LoginPage.java:30)
at com.qa.anc.page.LoginPage.getLoginPageTitle(LoginPage.java:30)
at com.qa.anc.page.LoginPage.getLoginPageTitle(LoginPage.java:30)
at com.qa.anc.page.LoginPage.getLoginPageTitle(LoginPage.java:30)
at com.qa.anc.page.LoginPage.getLoginPageTitle(LoginPage.java:30)
at com.qa.anc.page.LoginPage.getLoginPageTitle(LoginPage.java:30)
at com.qa.anc.page.LoginPage.getLoginPageTitle(LoginPage.java:30)
at com.qa.anc.page.LoginPage.getLoginPageTitle(LoginPage.java:30)
at com.qa.anc.page.LoginPage.getLoginPageTitle(LoginPage.java:30)
at com.qa.anc.page.LoginPage.getLoginPageTitle(LoginPage.java:30)
at com.qa.anc.page.LoginPage.getLoginPageTitle(LoginPage.java:30)
at com.qa.anc.page.LoginPage.getLoginPageTitle(LoginPage.java:30)
at com.qa.anc.page.LoginPage.getLoginPageTitle(LoginPage.java:30)
at com.qa.anc.page.LoginPage.getLoginPageTitle(LoginPage.java:30)
at com.qa.anc.page.LoginPage.getLoginPageTitle(LoginPage.java:30)
at com.qa.anc.page.LoginPage.getLoginPageTitle(LoginPage.java:30)
at com.qa.anc.page.LoginPage.getLoginPageTitle(LoginPage.java:30)
at com.qa.anc.page.LoginPage.getLoginPageTitle(LoginPage.java:30)
at com.qa.anc.page.LoginPage.getLoginPageTitle(LoginPage.java:30)
at com.qa.anc.page.LoginPage.getLoginPageTitle(LoginPage.java:30)
at com.qa.anc.page.LoginPage.getLoginPageTitle(LoginPage.java:30)
at com.qa.anc.page.LoginPage.getLoginPageTitle(LoginPage.java:30)
at com.qa.anc.page.LoginPage.getLoginPageTitle(LoginPage.java:30)
at com.qa.anc.page.LoginPage.getLoginPageTitle(LoginPage.java:30)
at com.qa.anc.page.LoginPage.getLoginPageTitle(LoginPage.java:30)
at com.qa.anc.page.LoginPage.getLoginPageTitle(LoginPage.java:30)
at com.qa.anc.page.LoginPage.getLoginPageTitle(LoginPage.java:30)
at com.qa.anc.page.LoginPage.getLoginPageTitle(LoginPage.java:30)
at com.qa.anc.page.LoginPage.getLoginPageTitle(LoginPage.java:30)
at com.qa.anc.page.LoginPage.getLoginPageTitle(LoginPage.java:30)
at com.qa.anc.page.LoginPage.getLoginPageTitle(LoginPage.java:30)
at com.qa.anc.page.LoginPage.getLoginPageTitle(LoginPage.java:30)
at com.qa.anc.page.LoginPage.getLoginPageTitle(LoginPage.java:30)
at com.qa.anc.page.LoginPage.getLoginPageTitle(LoginPage.java:30)
at com.qa.anc.page.LoginPage.getLoginPageTitle(LoginPage.java:30)
at com.qa.anc.page.LoginPage.getLoginPageTitle(LoginPage.java:30)
at com.qa.anc.page.LoginPage.getLoginPageTitle(LoginPage.java:30)
at com.qa.anc.page.LoginPage.getLoginPageTitle(LoginPage.java:30)
at com.qa.anc.page.LoginPage.getLoginPageTitle(LoginPage.java:30)
at com.qa.anc.page.LoginPage.getLoginPageTitle(LoginPage.java:30)
at com.qa.anc.page.LoginPage.getLoginPageTitle(LoginPage.java:30)
at com.qa.anc.page.LoginPage.getLoginPageTitle(LoginPage.java:30)
at com.qa.anc.page.LoginPage.getLoginPageTitle(LoginPage.java:30)
at com.qa.anc.page.LoginPage.getLoginPageTitle(LoginPage.java:30)
at com.qa.anc.page.LoginPage.getLoginPageTitle(LoginPage.java:30)
at com.qa.anc.page.LoginPage.getLoginPageTitle(LoginPage.java:30)
at com.qa.anc.page.LoginPage.getLoginPageTitle(LoginPage.java:30)
at com.qa.anc.page.LoginPage.getLoginPageTitle(LoginPage.java:30)
at com.qa.anc.page.LoginPage.getLoginPageTitle(LoginPage.java:30)
at com.qa.anc.page.LoginPage.getLoginPageTitle(LoginPage.java:30)
at com.qa.anc.page.LoginPage.getLoginPageTitle(LoginPage.java:30)
at com.qa.anc.page.LoginPage.getLoginPageTitle(LoginPage.java:30)
at com.qa.anc.page.LoginPage.getLoginPageTitle(LoginPage.java:30)
at com.qa.anc.page.LoginPage.getLoginPageTitle(LoginPage.java:30)
at com.qa.anc.page.LoginPage.getLoginPageTitle(LoginPage.java:30)
at com.qa.anc.page.LoginPage.getLoginPageTitle(LoginPage.java:30)
at com.qa.anc.page.LoginPage.getLoginPageTitle(LoginPage.java:30)
at com.qa.anc.page.LoginPage.getLoginPageTitle(LoginPage.java:30)
at com.qa.anc.page.LoginPage.getLoginPageTitle(LoginPage.java:30)
at com.qa.anc.page.LoginPage.getLoginPageTitle(LoginPage.java:30)
at com.qa.anc.page.LoginPage.getLoginPageTitle(LoginPage.java:30)
at com.qa.anc.page.LoginPage.getLoginPageTitle(LoginPage.java:30)
at com.qa.anc.page.LoginPage.getLoginPageTitle(LoginPage.java:30)
at com.qa.anc.page.LoginPage.getLoginPageTitle(LoginPage.java:30)
at com.qa.anc.page.LoginPage.getLoginPageTitle(LoginPage.java:30)
at com.qa.anc.page.LoginPage.getLoginPageTitle(LoginPage.java:30)
at com.qa.anc.page.LoginPage.getLoginPageTitle(LoginPage.java:30)
at com.qa.anc.page.LoginPage.getLoginPageTitle(LoginPage.java:30)
at com.qa.anc.page.LoginPage.getLoginPageTitle(LoginPage.java:30)
at com.qa.anc.page.LoginPage.getLoginPageTitle(LoginPage.java:30)
at com.qa.anc.page.LoginPage.getLoginPageTitle(LoginPage.java:30)
at com.qa.anc.page.LoginPage.getLoginPageTitle(LoginPage.java:30)
at com.qa.anc.page.LoginPage.getLoginPageTitle(LoginPage.java:30)
at com.qa.anc.page.LoginPage.getLoginPageTitle(LoginPage.java:30)
at com.qa.anc.page.LoginPage.getLoginPageTitle(LoginPage.java:30)
at com.qa.anc.page.LoginPage.getLoginPageTitle(LoginPage.java:30)
at com.qa.anc.page.LoginPage.getLoginPageTitle(LoginPage.java:30)
at com.qa.anc.page.LoginPage.getLoginPageTitle(LoginPage.java:30)
at com.qa.anc.page.LoginPage.getLoginPageTitle(LoginPage.java:30)
at com.qa.anc.page.LoginPage.getLoginPageTitle(LoginPage.java:30)
at com.qa.anc.page.LoginPage.getLoginPageTitle(LoginPage.java:30)
at com.qa.anc.page.LoginPage.getLoginPageTitle(LoginPage.java:30)
at com.qa.anc.page.LoginPage.getLoginPageTitle(LoginPage.java:30)
at com.qa.anc.page.LoginPage.getLoginPageTitle(LoginPage.java:30)
at com.qa.anc.page.LoginPage.getLoginPageTitle(LoginPage.java:30)
at com.qa.anc.page.LoginPage.getLoginPageTitle(LoginPage.java:30)
at com.qa.anc.page.LoginPage.getLoginPageTitle(LoginPage.java:30)
at com.qa.anc.page.LoginPage.getLoginPageTitle(LoginPage.java:30)
at com.qa.anc.page.LoginPage.getLoginPageTitle(LoginPage.java:30)
at com.qa.anc.page.LoginPage.getLoginPageTitle(LoginPage.java:30)
at com.qa.anc.page.LoginPage.getLoginPageTitle(LoginPage.java:30)
at com.qa.anc.page.LoginPage.getLoginPageTitle(LoginPage.java:30)
at com.qa.anc.page.LoginPage.getLoginPageTitle(LoginPage.java:30)
at com.qa.anc.page.LoginPage.getLoginPageTitle(LoginPage.java:30)
at com.qa.anc.page.LoginPage.getLoginPageTitle(LoginPage.java:30)
at com.qa.anc.page.LoginPage.getLoginPageTitle(LoginPage.java:30)
at com.qa.anc.page.LoginPage.getLoginPageTitle(LoginPage.java:30)
at com.qa.anc.page.LoginPage.getLoginPageTitle(LoginPage.java:30)
at com.qa.anc.page.LoginPage.getLoginPageTitle(LoginPage.java:30)
at com.qa.anc.page.LoginPage.getLoginPageTitle(LoginPage.java:30)
at com.qa.anc.page.LoginPage.getLoginPageTitle(LoginPage.java:30)
at com.qa.anc.page.LoginPage.getLoginPageTitle(LoginPage.java:30)
at com.qa.anc.page.LoginPage.getLoginPageTitle(LoginPage.java:30)
at com.qa.anc.page.LoginPage.getLoginPageTitle(LoginPage.java:30)
at com.qa.anc.page.LoginPage.getLoginPageTitle(LoginPage.java:30)
at com.qa.anc.page.LoginPage.getLoginPageTitle(LoginPage.java:30)
at com.qa.anc.page.LoginPage.getLoginPageTitle(LoginPage.java:30)
at com.qa.anc.page.LoginPage.getLoginPageTitle(LoginPage.java:30)
at com.qa.anc.page.LoginPage.getLoginPageTitle(LoginPage.java:30)
at com.qa.anc.page.LoginPage.getLoginPageTitle(LoginPage.java:30)
at com.qa.anc.page.LoginPage.getLoginPageTitle(LoginPage.java:30)
at com.qa.anc.page.LoginPage.getLoginPageTitle(LoginPage.java:30)
at com.qa.anc.page.LoginPage.getLoginPageTitle(LoginPage.java:30)
at com.qa.anc.page.LoginPage.getLoginPageTitle(LoginPage.java:30)
at com.qa.anc.page.LoginPage.getLoginPageTitle(LoginPage.java:30)
at com.qa.anc.page.LoginPage.getLoginPageTitle(LoginPage.java:30)
at com.qa.anc.page.LoginPage.getLoginPageTitle(LoginPage.java:30)
at com.qa.anc.page.LoginPage.getLoginPageTitle(LoginPage.java:30)
at com.qa.anc.page.LoginPage.getLoginPageTitle(LoginPage.java:30)
at com.qa.anc.page.LoginPage.getLoginPageTitle(LoginPage.java:30)
at com.qa.anc.page.LoginPage.getLoginPageTitle(LoginPage.java:30)
at com.qa.anc.page.LoginPage.getLoginPageTitle(LoginPage.java:30)
at com.qa.anc.page.LoginPage.getLoginPageTitle(LoginPage.java:30)
at com.qa.anc.page.LoginPage.getLoginPageTitle(LoginPage.java:30)
at com.qa.anc.page.LoginPage.getLoginPageTitle(LoginPage.java:30)
at com.qa.anc.page.LoginPage.getLoginPageTitle(LoginPage.java:30)
at com.qa.anc.page.LoginPage.getLoginPageTitle(LoginPage.java:30)
at com.qa.anc.page.LoginPage.getLoginPageTitle(LoginPage.java:30)
at com.qa.anc.page.LoginPage.getLoginPageTitle(LoginPage.java:30)
at com.qa.anc.page.LoginPage.getLoginPageTitle(LoginPage.java:30)
at com.qa.anc.page.LoginPage.getLoginPageTitle(LoginPage.java:30)
at com.qa.anc.page.LoginPage.getLoginPageTitle(LoginPage.java:30)
at com.qa.anc.page.LoginPage.getLoginPageTitle(LoginPage.java:30)
at com.qa.anc.page.LoginPage.getLoginPageTitle(LoginPage.java:30)
at com.qa.anc.page.LoginPage.getLoginPageTitle(LoginPage.java:30)
at com.qa.anc.page.LoginPage.getLoginPageTitle(LoginPage.java:30)
at com.qa.anc.page.LoginPage.getLoginPageTitle(LoginPage.java:30)
at com.qa.anc.page.LoginPage.getLoginPageTitle(LoginPage.java:30)
at com.qa.anc.page.LoginPage.getLoginPageTitle(LoginPage.java:30)
at com.qa.anc.page.LoginPage.getLoginPageTitle(LoginPage.java:30)
at com.qa.anc.page.LoginPage.getLoginPageTitle(LoginPage.java:30)
at com.qa.anc.page.LoginPage.getLoginPageTitle(LoginPage.java:30)
at com.qa.anc.page.LoginPage.getLoginPageTitle(LoginPage.java:30)
at com.qa.anc.page.LoginPage.getLoginPageTitle(LoginPage.java:30)
at com.qa.anc.page.LoginPage.getLoginPageTitle(LoginPage.java:30)
at com.qa.anc.page.LoginPage.getLoginPageTitle(LoginPage.java:30)
at com.qa.anc.page.LoginPage.getLoginPageTitle(LoginPage.java:30)
at com.qa.anc.page.LoginPage.getLoginPageTitle(LoginPage.java:30)
at com.qa.anc.page.LoginPage.getLoginPageTitle(LoginPage.java:30)
at com.qa.anc.page.LoginPage.getLoginPageTitle(LoginPage.java:30)
at com.qa.anc.page.LoginPage.getLoginPageTitle(LoginPage.java:30)
at com.qa.anc.page.LoginPage.getLoginPageTitle(LoginPage.java:30)
at com.qa.anc.page.LoginPage.getLoginPageTitle(LoginPage.java:30)
at com.qa.anc.page.LoginPage.getLoginPageTitle(LoginPage.java:30)
at com.qa.anc.page.LoginPage.getLoginPageTitle(LoginPage.java:30)
at com.qa.anc.page.LoginPage.getLoginPageTitle(LoginPage.java:30)
at com.qa.anc.page.LoginPage.getLoginPageTitle(LoginPage.java:30)
at com.qa.anc.page.LoginPage.getLoginPageTitle(LoginPage.java:30)
at com.qa.anc.page.LoginPage.getLoginPageTitle(LoginPage.java:30)
at com.qa.anc.page.LoginPage.getLoginPageTitle(LoginPage.java:30)
at com.qa.anc.page.LoginPage.getLoginPageTitle(LoginPage.java:30)
at com.qa.anc.page.LoginPage.getLoginPageTitle(LoginPage.java:30)
at com.qa.anc.page.LoginPage.getLoginPageTitle(LoginPage.java:30)
at com.qa.anc.page.LoginPage.getLoginPageTitle(LoginPage.java:30)
at com.qa.anc.page.LoginPage.getLoginPageTitle(LoginPage.java:30)
at com.qa.anc.page.LoginPage.getLoginPageTitle(LoginPage.java:30)
at com.qa.anc.page.LoginPage.getLoginPageTitle(LoginPage.java:30)
at com.qa.anc.page.LoginPage.getLoginPageTitle(LoginPage.java:30)
at com.qa.anc.page.LoginPage.getLoginPageTitle(LoginPage.java:30)
at com.qa.anc.page.LoginPage.getLoginPageTitle(LoginPage.java:30)
at com.qa.anc.page.LoginPage.getLoginPageTitle(LoginPage.java:30)
at com.qa.anc.page.LoginPage.getLoginPageTitle(LoginPage.java:30)
at com.qa.anc.page.LoginPage.getLoginPageTitle(LoginPage.java:30)
at com.qa.anc.page.LoginPage.getLoginPageTitle(LoginPage.java:30)
at com.qa.anc.page.LoginPage.getLoginPageTitle(LoginPage.java:30)
at com.qa.anc.page.LoginPage.getLoginPageTitle(LoginPage.java:30)
at com.qa.anc.page.LoginPage.getLoginPageTitle(LoginPage.java:30)
at com.qa.anc.page.LoginPage.getLoginPageTitle(LoginPage.java:30)
at com.qa.anc.page.LoginPage.getLoginPageTitle(LoginPage.java:30)
at com.qa.anc.page.LoginPage.getLoginPageTitle(LoginPage.java:30)
at com.qa.anc.page.LoginPage.getLoginPageTitle(LoginPage.java:30)
at com.qa.anc.page.LoginPage.getLoginPageTitle(LoginPage.java:30)
at com.qa.anc.page.LoginPage.getLoginPageTitle(LoginPage.java:30)
at com.qa.anc.page.LoginPage.getLoginPageTitle(LoginPage.java:30)
at com.qa.anc.page.LoginPage.getLoginPageTitle(LoginPage.java:30)
at com.qa.anc.page.LoginPage.getLoginPageTitle(LoginPage.java:30)
at com.qa.anc.page.LoginPage.getLoginPageTitle(LoginPage.java:30)
at com.qa.anc.page.LoginPage.getLoginPageTitle(LoginPage.java:30)
at com.qa.anc.page.LoginPage.getLoginPageTitle(LoginPage.java:30)
at com.qa.anc.page.LoginPage.getLoginPageTitle(LoginPage.java:30)
at com.qa.anc.page.LoginPage.getLoginPageTitle(LoginPage.java:30)
at com.qa.anc.page.LoginPage.getLoginPageTitle(LoginPage.java:30)
at com.qa.anc.page.LoginPage.getLoginPageTitle(LoginPage.java:30)
at com.qa.anc.page.LoginPage.getLoginPageTitle(LoginPage.java:30)
at com.qa.anc.page.LoginPage.getLoginPageTitle(LoginPage.java:30)
at com.qa.anc.page.LoginPage.getLoginPageTitle(LoginPage.java:30)
at com.qa.anc.page.LoginPage.getLoginPageTitle(LoginPage.java:30)
at com.qa.anc.page.LoginPage.getLoginPageTitle(LoginPage.java:30)
at com.qa.anc.page.LoginPage.getLoginPageTitle(LoginPage.java:30)
at com.qa.anc.page.LoginPage.getLoginPageTitle(LoginPage.java:30)
at com.qa.anc.page.LoginPage.getLoginPageTitle(LoginPage.java:30)
at com.qa.anc.page.LoginPage.getLoginPageTitle(LoginPage.java:30)
at com.qa.anc.page.LoginPage.getLoginPageTitle(LoginPage.java:30)
at com.qa.anc.page.LoginPage.getLoginPageTitle(LoginPage.java:30)
at com.qa.anc.page.LoginPage.getLoginPageTitle(LoginPage.java:30)
at com.qa.anc.page.LoginPage.getLoginPageTitle(LoginPage.java:30)
at com.qa.anc.page.LoginPage.getLoginPageTitle(LoginPage.java:30)
at com.qa.anc.page.LoginPage.getLoginPageTitle(LoginPage.java:30)
at com.qa.anc.page.LoginPage.getLoginPageTitle(LoginPage.java:30)
at com.qa.anc.page.LoginPage.getLoginPageTitle(LoginPage.java:30)
at com.qa.anc.page.LoginPage.getLoginPageTitle(LoginPage.java:30)
at com.qa.anc.page.LoginPage.getLoginPageTitle(LoginPage.java:30)
at com.qa.anc.page.LoginPage.getLoginPageTitle(LoginPage.java:30)
at com.qa.anc.page.LoginPage.getLoginPageTitle(LoginPage.java:30)
at com.qa.anc.page.LoginPage.getLoginPageTitle(LoginPage.java:30)
at com.qa.anc.page.LoginPage.getLoginPageTitle(LoginPage.java:30)
at com.qa.anc.page.LoginPage.getLoginPageTitle(LoginPage.java:30)
at com.qa.anc.page.LoginPage.getLoginPageTitle(LoginPage.java:30)
at com.qa.anc.page.LoginPage.getLoginPageTitle(LoginPage.java:30)
at com.qa.anc.page.LoginPage.getLoginPageTitle(LoginPage.java:30)
at com.qa.anc.page.LoginPage.getLoginPageTitle(LoginPage.java:30)
at com.qa.anc.page.LoginPage.getLoginPageTitle(LoginPage.java:30)
at com.qa.anc.page.LoginPage.getLoginPageTitle(LoginPage.java:30)
at com.qa.anc.page.LoginPage.getLoginPageTitle(LoginPage.java:30)
at com.qa.anc.page.LoginPage.getLoginPageTitle(LoginPage.java:30)
at com.qa.anc.page.LoginPage.getLoginPageTitle(LoginPage.java:30)
at com.qa.anc.page.LoginPage.getLoginPageTitle(LoginPage.java:30)
at com.qa.anc.page.LoginPage.getLoginPageTitle(LoginPage.java:30)
at com.qa.anc.page.LoginPage.getLoginPageTitle(LoginPage.java:30)
at com.qa.anc.page.LoginPage.getLoginPageTitle(LoginPage.java:30)
at com.qa.anc.page.LoginPage.getLoginPageTitle(LoginPage.java:30)
at com.qa.anc.page.LoginPage.getLoginPageTitle(LoginPage.java:30)
at com.qa.anc.page.LoginPage.getLoginPageTitle(LoginPage.java:30)
at com.qa.anc.page.LoginPage.getLoginPageTitle(LoginPage.java:30)
at com.qa.anc.page.LoginPage.getLoginPageTitle(LoginPage.java:30)
at com.qa.anc.page.LoginPage.getLoginPageTitle(LoginPage.java:30)
at com.qa.anc.page.LoginPage.getLoginPageTitle(LoginPage.java:30)
at com.qa.anc.page.LoginPage.getLoginPageTitle(LoginPage.java:30)
at com.qa.anc.page.LoginPage.getLoginPageTitle(LoginPage.java:30)
at com.qa.anc.page.LoginPage.getLoginPageTitle(LoginPage.java:30)
at com.qa.anc.page.LoginPage.getLoginPageTitle(LoginPage.java:30)
at com.qa.anc.page.LoginPage.getLoginPageTitle(LoginPage.java:30)
at com.qa.anc.page.LoginPage.getLoginPageTitle(LoginPage.java:30)
at com.qa.anc.page.LoginPage.getLoginPageTitle(LoginPage.java:30)
at com.qa.anc.page.LoginPage.getLoginPageTitle(LoginPage.java:30)
at com.qa.anc.page.LoginPage.getLoginPageTitle(LoginPage.java:30)
at com.qa.anc.page.LoginPage.getLoginPageTitle(LoginPage.java:30)
at com.qa.anc.page.LoginPage.getLoginPageTitle(LoginPage.java:30)
at com.qa.anc.page.LoginPage.getLoginPageTitle(LoginPage.java:30)
at com.qa.anc.page.LoginPage.getLoginPageTitle(LoginPage.java:30)
at com.qa.anc.page.LoginPage.getLoginPageTitle(LoginPage.java:30)
at com.qa.anc.page.LoginPage.getLoginPageTitle(LoginPage.java:30)
at com.qa.anc.page.LoginPage.getLoginPageTitle(LoginPage.java:30)
at com.qa.anc.page.LoginPage.getLoginPageTitle(LoginPage.java:30)
at com.qa.anc.page.LoginPage.getLoginPageTitle(LoginPage.java:30)
at com.qa.anc.page.LoginPage.getLoginPageTitle(LoginPage.java:30)
at com.qa.anc.page.LoginPage.getLoginPageTitle(LoginPage.java:30)
at com.qa.anc.page.LoginPage.getLoginPageTitle(LoginPage.java:30)
at com.qa.anc.page.LoginPage.getLoginPageTitle(LoginPage.java:30)
at com.qa.anc.page.LoginPage.getLoginPageTitle(LoginPage.java:30)
at com.qa.anc.page.LoginPage.getLoginPageTitle(LoginPage.java:30)
at com.qa.anc.page.LoginPage.getLoginPageTitle(LoginPage.java:30)
at com.qa.anc.page.LoginPage.getLoginPageTitle(LoginPage.java:30)
at com.qa.anc.page.LoginPage.getLoginPageTitle(LoginPage.java:30)
at com.qa.anc.page.LoginPage.getLoginPageTitle(LoginPage.java:30)
at com.qa.anc.page.LoginPage.getLoginPageTitle(LoginPage.java:30)
at com.qa.anc.page.LoginPage.getLoginPageTitle(LoginPage.java:30)
at com.qa.anc.page.LoginPage.getLoginPageTitle(LoginPage.java:30)
at com.qa.anc.page.LoginPage.getLoginPageTitle(LoginPage.java:30)
at com.qa.anc.page.LoginPage.getLoginPageTitle(LoginPage.java:30)
at com.qa.anc.page.LoginPage.getLoginPageTitle(LoginPage.java:30)
at com.qa.anc.page.LoginPage.getLoginPageTitle(LoginPage.java:30)
at com.qa.anc.page.LoginPage.getLoginPageTitle(LoginPage.java:30)
at com.qa.anc.page.LoginPage.getLoginPageTitle(LoginPage.java:30)
at com.qa.anc.page.LoginPage.getLoginPageTitle(LoginPage.java:30)
at com.qa.anc.page.LoginPage.getLoginPageTitle(LoginPage.java:30)
at com.qa.anc.page.LoginPage.getLoginPageTitle(LoginPage.java:30)
at com.qa.anc.page.LoginPage.getLoginPageTitle(LoginPage.java:30)
at com.qa.anc.page.LoginPage.getLoginPageTitle(LoginPage.java:30)
at com.qa.anc.page.LoginPage.getLoginPageTitle(LoginPage.java:30)
at com.qa.anc.page.LoginPage.getLoginPageTitle(LoginPage.java:30)
at com.qa.anc.page.LoginPage.getLoginPageTitle(LoginPage.java:30)
at com.qa.anc.page.LoginPage.getLoginPageTitle(LoginPage.java:30)
at com.qa.anc.page.LoginPage.getLoginPageTitle(LoginPage.java:30)
at com.qa.anc.page.LoginPage.getLoginPageTitle(LoginPage.java:30)
at com.qa.anc.page.LoginPage.getLoginPageTitle(LoginPage.java:30)
at com.qa.anc.page.LoginPage.getLoginPageTitle(LoginPage.java:30)
at com.qa.anc.page.LoginPage.getLoginPageTitle(LoginPage.java:30)
at com.qa.anc.page.LoginPage.getLoginPageTitle(LoginPage.java:30)
at com.qa.anc.page.LoginPage.getLoginPageTitle(LoginPage.java:30)
at com.qa.anc.page.LoginPage.getLoginPageTitle(LoginPage.java:30)
at com.qa.anc.page.LoginPage.getLoginPageTitle(LoginPage.java:30)
at com.qa.anc.page.LoginPage.getLoginPageTitle(LoginPage.java:30)
at com.qa.anc.page.LoginPage.getLoginPageTitle(LoginPage.java:30)
at com.qa.anc.page.LoginPage.getLoginPageTitle(LoginPage.java:30)
at com.qa.anc.page.LoginPage.getLoginPageTitle(LoginPage.java:30)
at com.qa.anc.page.LoginPage.getLoginPageTitle(LoginPage.java:30)
at com.qa.anc.page.LoginPage.getLoginPageTitle(LoginPage.java:30)
at com.qa.anc.page.LoginPage.getLoginPageTitle(LoginPage.java:30)
at com.qa.anc.page.LoginPage.getLoginPageTitle(LoginPage.java:30)
at com.qa.anc.page.LoginPage.getLoginPageTitle(LoginPage.java:30)
at com.qa.anc.page.LoginPage.getLoginPageTitle(LoginPage.java:30)
at com.qa.anc.page.LoginPage.getLoginPageTitle(LoginPage.java:30)
at com.qa.anc.page.LoginPage.getLoginPageTitle(LoginPage.java:30)
at com.qa.anc.page.LoginPage.getLoginPageTitle(LoginPage.java:30)
at com.qa.anc.page.LoginPage.getLoginPageTitle(LoginPage.java:30)
at com.qa.anc.page.LoginPage.getLoginPageTitle(LoginPage.java:30)
at com.qa.anc.page.LoginPage.getLoginPageTitle(LoginPage.java:30)
at com.qa.anc.page.LoginPage.getLoginPageTitle(LoginPage.java:30)
at com.qa.anc.page.LoginPage.getLoginPageTitle(LoginPage.java:30)
at com.qa.anc.page.LoginPage.getLoginPageTitle(LoginPage.java:30)
at com.qa.anc.page.LoginPage.getLoginPageTitle(LoginPage.java:30)
at com.qa.anc.page.LoginPage.getLoginPageTitle(LoginPage.java:30)
at com.qa.anc.page.LoginPage.getLoginPageTitle(LoginPage.java:30)
at com.qa.anc.page.LoginPage.getLoginPageTitle(LoginPage.java:30)
at com.qa.anc.page.LoginPage.getLoginPageTitle(LoginPage.java:30)
at com.qa.anc.page.LoginPage.getLoginPageTitle(LoginPage.java:30)
at com.qa.anc.page.LoginPage.getLoginPageTitle(LoginPage.java:30)
at com.qa.anc.page.LoginPage.getLoginPageTitle(LoginPage.java:30)
at com.qa.anc.page.LoginPage.getLoginPageTitle(LoginPage.java:30)
at com.qa.anc.page.LoginPage.getLoginPageTitle(LoginPage.java:30)
at com.qa.anc.page.LoginPage.getLoginPageTitle(LoginPage.java:30)
at com.qa.anc.page.LoginPage.getLoginPageTitle(LoginPage.java:30)
at com.qa.anc.page.LoginPage.getLoginPageTitle(LoginPage.java:30)
at com.qa.anc.page.LoginPage.getLoginPageTitle(LoginPage.java:30)
at com.qa.anc.page.LoginPage.getLoginPageTitle(LoginPage.java:30)
at com.qa.anc.page.LoginPage.getLoginPageTitle(LoginPage.java:30)
at com.qa.anc.page.LoginPage.getLoginPageTitle(LoginPage.java:30)
at com.qa.anc.page.LoginPage.getLoginPageTitle(LoginPage.java:30)
at com.qa.anc.page.LoginPage.getLoginPageTitle(LoginPage.java:30)
at com.qa.anc.page.LoginPage.getLoginPageTitle(LoginPage.java:30)
at com.qa.anc.page.LoginPage.getLoginPageTitle(LoginPage.java:30)
at com.qa.anc.page.LoginPage.getLoginPageTitle(LoginPage.java:30)
at com.qa.anc.page.LoginPage.getLoginPageTitle(LoginPage.java:30)
at com.qa.anc.page.LoginPage.getLoginPageTitle(LoginPage.java:30)
at com.qa.anc.page.LoginPage.getLoginPageTitle(LoginPage.java:30)
at com.qa.anc.page.LoginPage.getLoginPageTitle(LoginPage.java:30)
at com.qa.anc.page.LoginPage.getLoginPageTitle(LoginPage.java:30)
at com.qa.anc.page.LoginPage.getLoginPageTitle(LoginPage.java:30)
at com.qa.anc.page.LoginPage.getLoginPageTitle(LoginPage.java:30)
at com.qa.anc.page.LoginPage.getLoginPageTitle(LoginPage.java:30)
at com.qa.anc.page.LoginPage.getLoginPageTitle(LoginPage.java:30)
at com.qa.anc.page.LoginPage.getLoginPageTitle(LoginPage.java:30)
at com.qa.anc.page.LoginPage.getLoginPageTitle(LoginPage.java:30)
at com.qa.anc.page.LoginPage.getLoginPageTitle(LoginPage.java:30)
at com.qa.anc.page.LoginPage.getLoginPageTitle(LoginPage.java:30)
at com.qa.anc.page.LoginPage.getLoginPageTitle(LoginPage.java:30)
at com.qa.anc.page.LoginPage.getLoginPageTitle(LoginPage.java:30)
at com.qa.anc.page.LoginPage.getLoginPageTitle(LoginPage.java:30)
at com.qa.anc.page.LoginPage.getLoginPageTitle(LoginPage.java:30)
at com.qa.anc.page.LoginPage.getLoginPageTitle(LoginPage.java:30)
at com.qa.anc.page.LoginPage.getLoginPageTitle(LoginPage.java:30)
at com.qa.anc.page.LoginPage.getLoginPageTitle(LoginPage.java:30)
at com.qa.anc.page.LoginPage.getLoginPageTitle(LoginPage.java:30)
at com.qa.anc.page.LoginPage.getLoginPageTitle(LoginPage.java:30)
at com.qa.anc.page.LoginPage.getLoginPageTitle(LoginPage.java:30)
at com.qa.anc.page.LoginPage.getLoginPageTitle(LoginPage.java:30)
at com.qa.anc.page.LoginPage.getLoginPageTitle(LoginPage.java:30)
at com.qa.anc.page.LoginPage.getLoginPageTitle(LoginPage.java:30)
at com.qa.anc.page.LoginPage.getLoginPageTitle(LoginPage.java:30)
at com.qa.anc.page.LoginPage.getLoginPageTitle(LoginPage.java:30)
at com.qa.anc.page.LoginPage.getLoginPageTitle(LoginPage.java:30)
at com.qa.anc.page.LoginPage.getLoginPageTitle(LoginPage.java:30)
at com.qa.anc.page.LoginPage.getLoginPageTitle(LoginPage.java:30)
at com.qa.anc.page.LoginPage.getLoginPageTitle(LoginPage.java:30)
at com.qa.anc.page.LoginPage.getLoginPageTitle(LoginPage.java:30)
at com.qa.anc.page.LoginPage.getLoginPageTitle(LoginPage.java:30)
at com.qa.anc.page.LoginPage.getLoginPageTitle(LoginPage.java:30)
at com.qa.anc.page.LoginPage.getLoginPageTitle(LoginPage.java:30)
at com.qa.anc.page.LoginPage.getLoginPageTitle(LoginPage.java:30)
at com.qa.anc.page.LoginPage.getLoginPageTitle(LoginPage.java:30)
at com.qa.anc.page.LoginPage.getLoginPageTitle(LoginPage.java:30)
at com.qa.anc.page.LoginPage.getLoginPageTitle(LoginPage.java:30)
at com.qa.anc.page.LoginPage.getLoginPageTitle(LoginPage.java:30)
at com.qa.anc.page.LoginPage.getLoginPageTitle(LoginPage.java:30)
at com.qa.anc.page.LoginPage.getLoginPageTitle(LoginPage.java:30)
at com.qa.anc.page.LoginPage.getLoginPageTitle(LoginPage.java:30)
at com.qa.anc.page.LoginPage.getLoginPageTitle(LoginPage.java:30)
at com.qa.anc.page.LoginPage.getLoginPageTitle(LoginPage.java:30)
at com.qa.anc.page.LoginPage.getLoginPageTitle(LoginPage.java:30)
at com.qa.anc.page.LoginPage.getLoginPageTitle(LoginPage.java:30)
at com.qa.anc.page.LoginPage.getLoginPageTitle(LoginPage.java:30)
at com.qa.anc.page.LoginPage.getLoginPageTitle(LoginPage.java:30)
at com.qa.anc.page.LoginPage.getLoginPageTitle(LoginPage.java:30)
at com.qa.anc.page.LoginPage.getLoginPageTitle(LoginPage.java:30)
at com.qa.anc.page.LoginPage.getLoginPageTitle(LoginPage.java:30)
at com.qa.anc.page.LoginPage.getLoginPageTitle(LoginPage.java:30)
at com.qa.anc.page.LoginPage.getLoginPageTitle(LoginPage.java:30)
at com.qa.anc.page.LoginPage.getLoginPageTitle(LoginPage.java:30)
at com.qa.anc.page.LoginPage.getLoginPageTitle(LoginPage.java:30)
at com.qa.anc.page.LoginPage.getLoginPageTitle(LoginPage.java:30)
at com.qa.anc.page.LoginPage.getLoginPageTitle(LoginPage.java:30)
at com.qa.anc.page.LoginPage.getLoginPageTitle(LoginPage.java:30)
at com.qa.anc.page.LoginPage.getLoginPageTitle(LoginPage.java:30)
at com.qa.anc.page.LoginPage.getLoginPageTitle(LoginPage.java:30)
at com.qa.anc.page.LoginPage.getLoginPageTitle(LoginPage.java:30)
at com.qa.anc.page.LoginPage.getLoginPageTitle(LoginPage.java:30)
at com.qa.anc.page.LoginPage.getLoginPageTitle(LoginPage.java:30)
at com.qa.anc.page.LoginPage.getLoginPageTitle(LoginPage.java:30)
at com.qa.anc.page.LoginPage.getLoginPageTitle(LoginPage.java:30)
at com.qa.anc.page.LoginPage.getLoginPageTitle(LoginPage.java:30)
at com.qa.anc.page.LoginPage.getLoginPageTitle(LoginPage.java:30)
at com.qa.anc.page.LoginPage.getLoginPageTitle(LoginPage.java:30)
at com.qa.anc.page.LoginPage.getLoginPageTitle(LoginPage.java:30)
at com.qa.anc.page.LoginPage.getLoginPageTitle(LoginPage.java:30)
at com.qa.anc.page.LoginPage.getLoginPageTitle(LoginPage.java:30)
at com.qa.anc.page.LoginPage.getLoginPageTitle(LoginPage.java:30)
at com.qa.anc.page.LoginPage.getLoginPageTitle(LoginPage.java:30)
at com.qa.anc.page.LoginPage.getLoginPageTitle(LoginPage.java:30)
at com.qa.anc.page.LoginPage.getLoginPageTitle(LoginPage.java:30)
at com.qa.anc.page.LoginPage.getLoginPageTitle(LoginPage.java:30)
at com.qa.anc.page.LoginPage.getLoginPageTitle(LoginPage.java:30)
at com.qa.anc.page.LoginPage.getLoginPageTitle(LoginPage.java:30)
at com.qa.anc.page.LoginPage.getLoginPageTitle(LoginPage.java:30)
at com.qa.anc.page.LoginPage.getLoginPageTitle(LoginPage.java:30)
at com.qa.anc.page.LoginPage.getLoginPageTitle(LoginPage.java:30)
at com.qa.anc.page.LoginPage.getLoginPageTitle(LoginPage.java:30)
at com.qa.anc.page.LoginPage.getLoginPageTitle(LoginPage.java:30)
at com.qa.anc.page.LoginPage.getLoginPageTitle(LoginPage.java:30)
at com.qa.anc.page.LoginPage.getLoginPageTitle(LoginPage.java:30)
at com.qa.anc.page.LoginPage.getLoginPageTitle(LoginPage.java:30)
at com.qa.anc.page.LoginPage.getLoginPageTitle(LoginPage.java:30)
at com.qa.anc.page.LoginPage.getLoginPageTitle(LoginPage.java:30)
at com.qa.anc.page.LoginPage.getLoginPageTitle(LoginPage.java:30)
at com.qa.anc.page.LoginPage.getLoginPageTitle(LoginPage.java:30)
at com.qa.anc.page.LoginPage.getLoginPageTitle(LoginPage.java:30)
at com.qa.anc.page.LoginPage.getLoginPageTitle(LoginPage.java:30)
at com.qa.anc.page.LoginPage.getLoginPageTitle(LoginPage.java:30)
at com.qa.anc.page.LoginPage.getLoginPageTitle(LoginPage.java:30)
at com.qa.anc.page.LoginPage.getLoginPageTitle(LoginPage.java:30)
at com.qa.anc.page.LoginPage.getLoginPageTitle(LoginPage.java:30)
at com.qa.anc.page.LoginPage.getLoginPageTitle(LoginPage.java:30)
at com.qa.anc.page.LoginPage.getLoginPageTitle(LoginPage.java:30)
at com.qa.anc.page.LoginPage.getLoginPageTitle(LoginPage.java:30)
at com.qa.anc.page.LoginPage.getLoginPageTitle(LoginPage.java:30)
at com.qa.anc.page.LoginPage.getLoginPageTitle(LoginPage.java:30)
at com.qa.anc.page.LoginPage.getLoginPageTitle(LoginPage.java:30)
at com.qa.anc.page.LoginPage.getLoginPageTitle(LoginPage.java:30)
at com.qa.anc.page.LoginPage.getLoginPageTitle(LoginPage.java:30)
at com.qa.anc.page.LoginPage.getLoginPageTitle(LoginPage.java:30)
at com.qa.anc.page.LoginPage.getLoginPageTitle(LoginPage.java:30)
at com.qa.anc.page.LoginPage.getLoginPageTitle(LoginPage.java:30)
at com.qa.anc.page.LoginPage.getLoginPageTitle(LoginPage.java:30)
at com.qa.anc.page.LoginPage.getLoginPageTitle(LoginPage.java:30)
at com.qa.anc.page.LoginPage.getLoginPageTitle(LoginPage.java:30)
at com.qa.anc.page.LoginPage.getLoginPageTitle(LoginPage.java:30)
at com.qa.anc.page.LoginPage.getLoginPageTitle(LoginPage.java:30)
at com.qa.anc.page.LoginPage.getLoginPageTitle(LoginPage.java:30)
at com.qa.anc.page.LoginPage.getLoginPageTitle(LoginPage.java:30)
at com.qa.anc.page.LoginPage.getLoginPageTitle(LoginPage.java:30)
at com.qa.anc.page.LoginPage.getLoginPageTitle(LoginPage.java:30)
at com.qa.anc.page.LoginPage.getLoginPageTitle(LoginPage.java:30)
at com.qa.anc.page.LoginPage.getLoginPageTitle(LoginPage.java:30)
at com.qa.anc.page.LoginPage.getLoginPageTitle(LoginPage.java:30)
at com.qa.anc.page.LoginPage.getLoginPageTitle(LoginPage.java:30)
at com.qa.anc.page.LoginPage.getLoginPageTitle(LoginPage.java:30)
at com.qa.anc.page.LoginPage.getLoginPageTitle(LoginPage.java:30)
at com.qa.anc.page.LoginPage.getLoginPageTitle(LoginPage.java:30)
at com.qa.anc.page.LoginPage.getLoginPageTitle(LoginPage.java:30)
at com.qa.anc.page.LoginPage.getLoginPageTitle(LoginPage.java:30)
at com.qa.anc.page.LoginPage.getLoginPageTitle(LoginPage.java:30)
at com.qa.anc.page.LoginPage.getLoginPageTitle(LoginPage.java:30)
at com.qa.anc.page.LoginPage.getLoginPageTitle(LoginPage.java:30)
at com.qa.anc.page.LoginPage.getLoginPageTitle(LoginPage.java:30)
at com.qa.anc.page.LoginPage.getLoginPageTitle(LoginPage.java:30)
at com.qa.anc.page.LoginPage.getLoginPageTitle(LoginPage.java:30)
at com.qa.anc.page.LoginPage.getLoginPageTitle(LoginPage.java:30)
at com.qa.anc.page.LoginPage.getLoginPageTitle(LoginPage.java:30)
at com.qa.anc.page.LoginPage.getLoginPageTitle(LoginPage.java:30)
at com.qa.anc.page.LoginPage.getLoginPageTitle(LoginPage.java:30)
at com.qa.anc.page.LoginPage.getLoginPageTitle(LoginPage.java:30)
at com.qa.anc.page.LoginPage.getLoginPageTitle(LoginPage.java:30)
at com.qa.anc.page.LoginPage.getLoginPageTitle(LoginPage.java:30)
at com.qa.anc.page.LoginPage.getLoginPageTitle(LoginPage.java:30)
at com.qa.anc.page.LoginPage.getLoginPageTitle(LoginPage.java:30)
at com.qa.anc.page.LoginPage.getLoginPageTitle(LoginPage.java:30)
at com.qa.anc.page.LoginPage.getLoginPageTitle(LoginPage.java:30)
at com.qa.anc.page.LoginPage.getLoginPageTitle(LoginPage.java:30)
at com.qa.anc.page.LoginPage.getLoginPageTitle(LoginPage.java:30)
at com.qa.anc.page.LoginPage.getLoginPageTitle(LoginPage.java:30)
at com.qa.anc.page.LoginPage.getLoginPageTitle(LoginPage.java:30)
at com.qa.anc.page.LoginPage.getLoginPageTitle(LoginPage.java:30)
at com.qa.anc.page.LoginPage.getLoginPageTitle(LoginPage.java:30)
at com.qa.anc.page.LoginPage.getLoginPageTitle(LoginPage.java:30)
at com.qa.anc.page.LoginPage.getLoginPageTitle(LoginPage.java:30)
at com.qa.anc.page.LoginPage.getLoginPageTitle(LoginPage.java:30)
at com.qa.anc.page.LoginPage.getLoginPageTitle(LoginPage.java:30)
at com.qa.anc.page.LoginPage.getLoginPageTitle(LoginPage.java:30)
at com.qa.anc.page.LoginPage.getLoginPageTitle(LoginPage.java:30)
at com.qa.anc.page.LoginPage.getLoginPageTitle(LoginPage.java:30)
at com.qa.anc.page.LoginPage.getLoginPageTitle(LoginPage.java:30)
at com.qa.anc.page.LoginPage.getLoginPageTitle(LoginPage.java:30)
at com.qa.anc.page.LoginPage.getLoginPageTitle(LoginPage.java:30)
at com.qa.anc.page.LoginPage.getLoginPageTitle(LoginPage.java:30)
at com.qa.anc.page.LoginPage.getLoginPageTitle(LoginPage.java:30)
at com.qa.anc.page.LoginPage.getLoginPageTitle(LoginPage.java:30)
at com.qa.anc.page.LoginPage.getLoginPageTitle(LoginPage.java:30)
at com.qa.anc.page.LoginPage.getLoginPageTitle(LoginPage.java:30)
at com.qa.anc.page.LoginPage.getLoginPageTitle(LoginPage.java:30)
at com.qa.anc.page.LoginPage.getLoginPageTitle(LoginPage.java:30)
at com.qa.anc.page.LoginPage.getLoginPageTitle(LoginPage.java:30)
at com.qa.anc.page.LoginPage.getLoginPageTitle(LoginPage.java:30)
at com.qa.anc.page.LoginPage.getLoginPageTitle(LoginPage.java:30)
at com.qa.anc.page.LoginPage.getLoginPageTitle(LoginPage.java:30)
at com.qa.anc.page.LoginPage.getLoginPageTitle(LoginPage.java:30)
at com.qa.anc.page.LoginPage.getLoginPageTitle(LoginPage.java:30)
at com.qa.anc.page.LoginPage.getLoginPageTitle(LoginPage.java:30)
at com.qa.anc.page.LoginPage.getLoginPageTitle(LoginPage.java:30)
at com.qa.anc.page.LoginPage.getLoginPageTitle(LoginPage.java:30)
at com.qa.anc.page.LoginPage.getLoginPageTitle(LoginPage.java:30)
at com.qa.anc.page.LoginPage.getLoginPageTitle(LoginPage.java:30)
at com.qa.anc.page.LoginPage.getLoginPageTitle(LoginPage.java:30)
at com.qa.anc.page.LoginPage.getLoginPageTitle(LoginPage.java:30)
at com.qa.anc.page.LoginPage.getLoginPageTitle(LoginPage.java:30)
at com.qa.anc.page.LoginPage.getLoginPageTitle(LoginPage.java:30)
at com.qa.anc.page.LoginPage.getLoginPageTitle(LoginPage.java:30)
at com.qa.anc.page.LoginPage.getLoginPageTitle(LoginPage.java:30)
at com.qa.anc.page.LoginPage.getLoginPageTitle(LoginPage.java:30)
at com.qa.anc.page.LoginPage.getLoginPageTitle(LoginPage.java:30)
at com.qa.anc.page.LoginPage.getLoginPageTitle(LoginPage.java:30)
at com.qa.anc.page.LoginPage.getLoginPageTitle(LoginPage.java:30)
at com.qa.anc.page.LoginPage.getLoginPageTitle(LoginPage.java:30)
at com.qa.anc.page.LoginPage.getLoginPageTitle(LoginPage.java:30)
at com.qa.anc.page.LoginPage.getLoginPageTitle(LoginPage.java:30)
at com.qa.anc.page.LoginPage.getLoginPageTitle(LoginPage.java:30)
at com.qa.anc.page.LoginPage.getLoginPageTitle(LoginPage.java:30)
at com.qa.anc.page.LoginPage.getLoginPageTitle(LoginPage.java:30)
at com.qa.anc.page.LoginPage.getLoginPageTitle(LoginPage.java:30)
at com.qa.anc.page.LoginPage.getLoginPageTitle(LoginPage.java:30)
at com.qa.anc.page.LoginPage.getLoginPageTitle(LoginPage.java:30)
at com.qa.anc.page.LoginPage.getLoginPageTitle(LoginPage.java:30)
at com.qa.anc.page.LoginPage.getLoginPageTitle(LoginPage.java:30)
at com.qa.anc.page.LoginPage.getLoginPageTitle(LoginPage.java:30)
at com.qa.anc.page.LoginPage.getLoginPageTitle(LoginPage.java:30)
at com.qa.anc.page.LoginPage.getLoginPageTitle(LoginPage.java:30)
at com.qa.anc.page.LoginPage.getLoginPageTitle(LoginPage.java:30)
at com.qa.anc.page.LoginPage.getLoginPageTitle(LoginPage.java:30)
at com.qa.anc.page.LoginPage.getLoginPageTitle(LoginPage.java:30)
at com.qa.anc.page.LoginPage.getLoginPageTitle(LoginPage.java:30)
at com.qa.anc.page.LoginPage.getLoginPageTitle(LoginPage.java:30)
at com.qa.anc.page.LoginPage.getLoginPageTitle(LoginPage.java:30)
at com.qa.anc.page.LoginPage.getLoginPageTitle(LoginPage.java:30)
at com.qa.anc.page.LoginPage.getLoginPageTitle(LoginPage.java:30)
at com.qa.anc.page.LoginPage.getLoginPageTitle(LoginPage.java:30)
at com.qa.anc.page.LoginPage.getLoginPageTitle(LoginPage.java:30)
at com.qa.anc.page.LoginPage.getLoginPageTitle(LoginPage.java:30)
at com.qa.anc.page.LoginPage.getLoginPageTitle(LoginPage.java:30)
at com.qa.anc.page.LoginPage.getLoginPageTitle(LoginPage.java:30)
at com.qa.anc.page.LoginPage.getLoginPageTitle(LoginPage.java:30)
at com.qa.anc.page.LoginPage.getLoginPageTitle(LoginPage.java:30)
at com.qa.anc.page.LoginPage.getLoginPageTitle(LoginPage.java:30)
at com.qa.anc.page.LoginPage.getLoginPageTitle(LoginPage.java:30)
at com.qa.anc.page.LoginPage.getLoginPageTitle(LoginPage.java:30)
at com.qa.anc.page.LoginPage.getLoginPageTitle(LoginPage.java:30)
at com.qa.anc.page.LoginPage.getLoginPageTitle(LoginPage.java:30)
at com.qa.anc.page.LoginPage.getLoginPageTitle(LoginPage.java:30)
at com.qa.anc.page.LoginPage.getLoginPageTitle(LoginPage.java:30)
at com.qa.anc.page.LoginPage.getLoginPageTitle(LoginPage.java:30)
at com.qa.anc.page.LoginPage.getLoginPageTitle(LoginPage.java:30)
]]>
            </full-stacktrace>
          </exception> <!-- java.lang.StackOverflowError -->
          <reporter-output>
          </reporter-output>
        </test-method> <!-- loginPageTitleTest -->
        <test-method signature="loginTest()[pri:0, instance:com.qa.anc.test.LoginPageTest@b70da4c]" started-at="2022-12-27T10:54:20Z" name="loginTest" finished-at="2022-12-27T10:54:20Z" duration-ms="303" status="PASS">
          <reporter-output>
          </reporter-output>
        </test-method> <!-- loginTest -->
        <test-method is-config="true" signature="tearDown()[pri:0, instance:com.qa.anc.test.LoginPageTest@b70da4c]" started-at="2022-12-27T10:54:20Z" name="tearDown" finished-at="2022-12-27T10:54:20Z" duration-ms="108" status="PASS">
          <reporter-output>
          </reporter-output>
        </test-method> <!-- tearDown -->
      </class> <!-- com.qa.anc.test.LoginPageTest -->
    </test> <!-- Default test -->
  </suite> <!-- Default suite -->
</testng-results>
