<?xml version="1.0" encoding="UTF-8"?>
<!-- Generated by org.testng.reporters.JUnitXMLReporter -->
<testsuite ignored="0" hostname="DESKTOP-DOIJIN9" failures="2" tests="4" name="Login page Test" time="15.324" errors="0" timestamp="06 Jan 2023 04:37:37 GMT">
  <testcase classname="com.qa.anc.test.LoginPageTest" name="StayloginTest" time="1.123"/>
  <testcase classname="com.qa.anc.test.LoginPageTest" name="forgotPwdLinkTest" time="0.041">
    <failure type="org.openqa.selenium.NoSuchElementException" message="no such element: Unable to locate element: {&amp;quot;method&amp;quot;:&amp;quot;xpath&amp;quot;,&amp;quot;selector&amp;quot;:&amp;quot;//div[@class=&amp;apos;col-md-5 text-end&amp;apos;]/a&amp;quot;}
  (Session info: chrome=108.0.5359.125)
For documentation on this error, please visit: http://seleniumhq.org/exceptions/no_such_element.html
Build info: version: &amp;apos;3.14.0&amp;apos;, revision: &amp;apos;aacccce0&amp;apos;, time: &amp;apos;2018-08-02T20:19:58.91Z&amp;apos;
System info: host: &amp;apos;DESKTOP-DOIJIN9&amp;apos;, ip: &amp;apos;192.168.244.175&amp;apos;, os.name: &amp;apos;Windows 10&amp;apos;, os.arch: &amp;apos;amd64&amp;apos;, os.version: &amp;apos;10.0&amp;apos;, java.version: &amp;apos;16.0.1&amp;apos;
Driver info: org.openqa.selenium.chrome.ChromeDriver
Capabilities {acceptInsecureCerts: false, browserName: chrome, browserVersion: 108.0.5359.125, chrome: {chromedriverVersion: 108.0.5359.71 (1e0e3868ee06..., userDataDir: C:\Users\TSPL\AppData\Local...}, goog:chromeOptions: {debuggerAddress: localhost:62913}, javascriptEnabled: true, networkConnectionEnabled: false, pageLoadStrategy: normal, platform: WINDOWS, platformName: WINDOWS, proxy: Proxy(), setWindowRect: true, strictFileInteractability: false, timeouts: {implicit: 0, pageLoad: 300000, script: 30000}, unhandledPromptBehavior: dismiss and notify, webauthn:extension:credBlob: true, webauthn:extension:largeBlob: true, webauthn:virtualAuthenticators: true}
Session ID: 9eda06974e38088181d4d304e6beed9d
*** Element info: {Using=xpath, value=//div[@class=&amp;apos;col-md-5 text-end&amp;apos;]/a}">
      <![CDATA[org.openqa.selenium.NoSuchElementException: no such element: Unable to locate element: {"method":"xpath","selector":"//div[@class='col-md-5 text-end']/a"}
  (Session info: chrome=108.0.5359.125)
For documentation on this error, please visit: http://seleniumhq.org/exceptions/no_such_element.html
Build info: version: '3.14.0', revision: 'aacccce0', time: '2018-08-02T20:19:58.91Z'
System info: host: 'DESKTOP-DOIJIN9', ip: '192.168.244.175', os.name: 'Windows 10', os.arch: 'amd64', os.version: '10.0', java.version: '16.0.1'
Driver info: org.openqa.selenium.chrome.ChromeDriver
Capabilities {acceptInsecureCerts: false, browserName: chrome, browserVersion: 108.0.5359.125, chrome: {chromedriverVersion: 108.0.5359.71 (1e0e3868ee06..., userDataDir: C:\Users\TSPL\AppData\Local...}, goog:chromeOptions: {debuggerAddress: localhost:62913}, javascriptEnabled: true, networkConnectionEnabled: false, pageLoadStrategy: normal, platform: WINDOWS, platformName: WINDOWS, proxy: Proxy(), setWindowRect: true, strictFileInteractability: false, timeouts: {implicit: 0, pageLoad: 300000, script: 30000}, unhandledPromptBehavior: dismiss and notify, webauthn:extension:credBlob: true, webauthn:extension:largeBlob: true, webauthn:virtualAuthenticators: true}
Session ID: 9eda06974e38088181d4d304e6beed9d
*** Element info: {Using=xpath, value=//div[@class='col-md-5 text-end']/a}
at java.base/jdk.internal.reflect.NativeConstructorAccessorImpl.newInstance0(Native Method)
at java.base/jdk.internal.reflect.NativeConstructorAccessorImpl.newInstance(NativeConstructorAccessorImpl.java:78)
at java.base/jdk.internal.reflect.DelegatingConstructorAccessorImpl.newInstance(DelegatingConstructorAccessorImpl.java:45)
at java.base/java.lang.reflect.Constructor.newInstanceWithCaller(Constructor.java:499)
at java.base/java.lang.reflect.Constructor.newInstance(Constructor.java:480)
at org.openqa.selenium.remote.http.W3CHttpResponseCodec.createException(W3CHttpResponseCodec.java:187)
at org.openqa.selenium.remote.http.W3CHttpResponseCodec.decode(W3CHttpResponseCodec.java:122)
at org.openqa.selenium.remote.http.W3CHttpResponseCodec.decode(W3CHttpResponseCodec.java:49)
at org.openqa.selenium.remote.HttpCommandExecutor.execute(HttpCommandExecutor.java:158)
at org.openqa.selenium.remote.service.DriverCommandExecutor.execute(DriverCommandExecutor.java:83)
at org.openqa.selenium.remote.RemoteWebDriver.execute(RemoteWebDriver.java:548)
at org.openqa.selenium.remote.RemoteWebDriver.findElement(RemoteWebDriver.java:322)
at org.openqa.selenium.remote.RemoteWebDriver.findElementByXPath(RemoteWebDriver.java:424)
at org.openqa.selenium.By$ByXPath.findElement(By.java:353)
at org.openqa.selenium.remote.RemoteWebDriver.findElement(RemoteWebDriver.java:314)
at com.qa.anc.utils.ElementUtils.getElement(ElementUtils.java:33)
at com.qa.anc.utils.ElementUtils.doIsDisplayed(ElementUtils.java:71)
at com.qa.anc.page.LoginPage.isForgotPwdLinkExist(LoginPage.java:38)
at com.qa.anc.test.LoginPageTest.forgotPwdLinkTest(LoginPageTest.java:18)
at java.base/jdk.internal.reflect.NativeMethodAccessorImpl.invoke0(Native Method)
at java.base/jdk.internal.reflect.NativeMethodAccessorImpl.invoke(NativeMethodAccessorImpl.java:78)
at java.base/jdk.internal.reflect.DelegatingMethodAccessorImpl.invoke(DelegatingMethodAccessorImpl.java:43)
at java.base/java.lang.reflect.Method.invoke(Method.java:567)
at org.testng.internal.MethodInvocationHelper.invokeMethod(MethodInvocationHelper.java:124)
at org.testng.internal.Invoker.invokeMethod(Invoker.java:583)
at org.testng.internal.Invoker.invokeTestMethod(Invoker.java:719)
at org.testng.internal.Invoker.invokeTestMethods(Invoker.java:989)
at org.testng.internal.TestMethodWorker.invokeTestMethods(TestMethodWorker.java:125)
at org.testng.internal.TestMethodWorker.run(TestMethodWorker.java:109)
at org.testng.TestRunner.privateRun(TestRunner.java:648)
at org.testng.TestRunner.run(TestRunner.java:505)
at org.testng.SuiteRunner.runTest(SuiteRunner.java:455)
at org.testng.SuiteRunner.access$000(SuiteRunner.java:40)
at org.testng.SuiteRunner$SuiteWorker.run(SuiteRunner.java:489)
at org.testng.internal.thread.ThreadUtil$1.call(ThreadUtil.java:52)
at java.base/java.util.concurrent.FutureTask.run(FutureTask.java:264)
at java.base/java.util.concurrent.ThreadPoolExecutor.runWorker(ThreadPoolExecutor.java:1130)
at java.base/java.util.concurrent.ThreadPoolExecutor$Worker.run(ThreadPoolExecutor.java:630)
at java.base/java.lang.Thread.run(Thread.java:831)
]]>
    </failure>
  </testcase> <!-- forgotPwdLinkTest -->
  <testcase classname="com.qa.anc.test.LoginPageTest" name="loginPageTitleTest" time="0.022">
    <failure type="java.lang.StackOverflowError">
      <![CDATA[java.lang.StackOverflowError
at com.qa.anc.page.LoginPage.getLoginPageTitle(LoginPage.java:30)
at com.qa.anc.page.LoginPage.getLoginPageTitle(LoginPage.java:30)
at com.qa.anc.page.LoginPage.getLoginPageTitle(LoginPage.java:30)
at com.qa.anc.page.LoginPage.getLoginPageTitle(LoginPage.java:30)
at com.qa.anc.page.LoginPage.getLoginPageTitle(LoginPage.java:30)
at com.qa.anc.page.LoginPage.getLoginPageTitle(LoginPage.java:30)
at com.qa.anc.page.LoginPage.getLoginPageTitle(LoginPage.java:30)
at com.qa.anc.page.LoginPage.getLoginPageTitle(LoginPage.java:30)
at com.qa.anc.page.LoginPage.getLoginPageTitle(LoginPage.java:30)
at com.qa.anc.page.LoginPage.getLoginPageTitle(LoginPage.java:30)
at com.qa.anc.page.LoginPage.getLoginPageTitle(LoginPage.java:30)
at com.qa.anc.page.LoginPage.getLoginPageTitle(LoginPage.java:30)
at com.qa.anc.page.LoginPage.getLoginPageTitle(LoginPage.java:30)
at com.qa.anc.page.LoginPage.getLoginPageTitle(LoginPage.java:30)
at com.qa.anc.page.LoginPage.getLoginPageTitle(LoginPage.java:30)
at com.qa.anc.page.LoginPage.getLoginPageTitle(LoginPage.java:30)
at com.qa.anc.page.LoginPage.getLoginPageTitle(LoginPage.java:30)
at com.qa.anc.page.LoginPage.getLoginPageTitle(LoginPage.java:30)
at com.qa.anc.page.LoginPage.getLoginPageTitle(LoginPage.java:30)
at com.qa.anc.page.LoginPage.getLoginPageTitle(LoginPage.java:30)
at com.qa.anc.page.LoginPage.getLoginPageTitle(LoginPage.java:30)
at com.qa.anc.page.LoginPage.getLoginPageTitle(LoginPage.java:30)
at com.qa.anc.page.LoginPage.getLoginPageTitle(LoginPage.java:30)
at com.qa.anc.page.LoginPage.getLoginPageTitle(LoginPage.java:30)
at com.qa.anc.page.LoginPage.getLoginPageTitle(LoginPage.java:30)
at com.qa.anc.page.LoginPage.getLoginPageTitle(LoginPage.java:30)
at com.qa.anc.page.LoginPage.getLoginPageTitle(LoginPage.java:30)
at com.qa.anc.page.LoginPage.getLoginPageTitle(LoginPage.java:30)
at com.qa.anc.page.LoginPage.getLoginPageTitle(LoginPage.java:30)
at com.qa.anc.page.LoginPage.getLoginPageTitle(LoginPage.java:30)
at com.qa.anc.page.LoginPage.getLoginPageTitle(LoginPage.java:30)
at com.qa.anc.page.LoginPage.getLoginPageTitle(LoginPage.java:30)
at com.qa.anc.page.LoginPage.getLoginPageTitle(LoginPage.java:30)
at com.qa.anc.page.LoginPage.getLoginPageTitle(LoginPage.java:30)
at com.qa.anc.page.LoginPage.getLoginPageTitle(LoginPage.java:30)
at com.qa.anc.page.LoginPage.getLoginPageTitle(LoginPage.java:30)
at com.qa.anc.page.LoginPage.getLoginPageTitle(LoginPage.java:30)
at com.qa.anc.page.LoginPage.getLoginPageTitle(LoginPage.java:30)
at com.qa.anc.page.LoginPage.getLoginPageTitle(LoginPage.java:30)
at com.qa.anc.page.LoginPage.getLoginPageTitle(LoginPage.java:30)
at com.qa.anc.page.LoginPage.getLoginPageTitle(LoginPage.java:30)
at com.qa.anc.page.LoginPage.getLoginPageTitle(LoginPage.java:30)
at com.qa.anc.page.LoginPage.getLoginPageTitle(LoginPage.java:30)
at com.qa.anc.page.LoginPage.getLoginPageTitle(LoginPage.java:30)
at com.qa.anc.page.LoginPage.getLoginPageTitle(LoginPage.java:30)
at com.qa.anc.page.LoginPage.getLoginPageTitle(LoginPage.java:30)
at com.qa.anc.page.LoginPage.getLoginPageTitle(LoginPage.java:30)
at com.qa.anc.page.LoginPage.getLoginPageTitle(LoginPage.java:30)
at com.qa.anc.page.LoginPage.getLoginPageTitle(LoginPage.java:30)
at com.qa.anc.page.LoginPage.getLoginPageTitle(LoginPage.java:30)
at com.qa.anc.page.LoginPage.getLoginPageTitle(LoginPage.java:30)
at com.qa.anc.page.LoginPage.getLoginPageTitle(LoginPage.java:30)
at com.qa.anc.page.LoginPage.getLoginPageTitle(LoginPage.java:30)
at com.qa.anc.page.LoginPage.getLoginPageTitle(LoginPage.java:30)
at com.qa.anc.page.LoginPage.getLoginPageTitle(LoginPage.java:30)
at com.qa.anc.page.LoginPage.getLoginPageTitle(LoginPage.java:30)
at com.qa.anc.page.LoginPage.getLoginPageTitle(LoginPage.java:30)
at com.qa.anc.page.LoginPage.getLoginPageTitle(LoginPage.java:30)
at com.qa.anc.page.LoginPage.getLoginPageTitle(LoginPage.java:30)
at com.qa.anc.page.LoginPage.getLoginPageTitle(LoginPage.java:30)
at com.qa.anc.page.LoginPage.getLoginPageTitle(LoginPage.java:30)
at com.qa.anc.page.LoginPage.getLoginPageTitle(LoginPage.java:30)
at com.qa.anc.page.LoginPage.getLoginPageTitle(LoginPage.java:30)
at com.qa.anc.page.LoginPage.getLoginPageTitle(LoginPage.java:30)
at com.qa.anc.page.LoginPage.getLoginPageTitle(LoginPage.java:30)
at com.qa.anc.page.LoginPage.getLoginPageTitle(LoginPage.java:30)
at com.qa.anc.page.LoginPage.getLoginPageTitle(LoginPage.java:30)
at com.qa.anc.page.LoginPage.getLoginPageTitle(LoginPage.java:30)
at com.qa.anc.page.LoginPage.getLoginPageTitle(LoginPage.java:30)
at com.qa.anc.page.LoginPage.getLoginPageTitle(LoginPage.java:30)
at com.qa.anc.page.LoginPage.getLoginPageTitle(LoginPage.java:30)
at com.qa.anc.page.LoginPage.getLoginPageTitle(LoginPage.java:30)
at com.qa.anc.page.LoginPage.getLoginPageTitle(LoginPage.java:30)
at com.qa.anc.page.LoginPage.getLoginPageTitle(LoginPage.java:30)
at com.qa.anc.page.LoginPage.getLoginPageTitle(LoginPage.java:30)
at com.qa.anc.page.LoginPage.getLoginPageTitle(LoginPage.java:30)
at com.qa.anc.page.LoginPage.getLoginPageTitle(LoginPage.java:30)
at com.qa.anc.page.LoginPage.getLoginPageTitle(LoginPage.java:30)
at com.qa.anc.page.LoginPage.getLoginPageTitle(LoginPage.java:30)
at com.qa.anc.page.LoginPage.getLoginPageTitle(LoginPage.java:30)
at com.qa.anc.page.LoginPage.getLoginPageTitle(LoginPage.java:30)
at com.qa.anc.page.LoginPage.getLoginPageTitle(LoginPage.java:30)
at com.qa.anc.page.LoginPage.getLoginPageTitle(LoginPage.java:30)
at com.qa.anc.page.LoginPage.getLoginPageTitle(LoginPage.java:30)
at com.qa.anc.page.LoginPage.getLoginPageTitle(LoginPage.java:30)
at com.qa.anc.page.LoginPage.getLoginPageTitle(LoginPage.java:30)
at com.qa.anc.page.LoginPage.getLoginPageTitle(LoginPage.java:30)
at com.qa.anc.page.LoginPage.getLoginPageTitle(LoginPage.java:30)
at com.qa.anc.page.LoginPage.getLoginPageTitle(LoginPage.java:30)
at com.qa.anc.page.LoginPage.getLoginPageTitle(LoginPage.java:30)
at com.qa.anc.page.LoginPage.getLoginPageTitle(LoginPage.java:30)
at com.qa.anc.page.LoginPage.getLoginPageTitle(LoginPage.java:30)
at com.qa.anc.page.LoginPage.getLoginPageTitle(LoginPage.java:30)
at com.qa.anc.page.LoginPage.getLoginPageTitle(LoginPage.java:30)
at com.qa.anc.page.LoginPage.getLoginPageTitle(LoginPage.java:30)
at com.qa.anc.page.LoginPage.getLoginPageTitle(LoginPage.java:30)
at com.qa.anc.page.LoginPage.getLoginPageTitle(LoginPage.java:30)
at com.qa.anc.page.LoginPage.getLoginPageTitle(LoginPage.java:30)
at com.qa.anc.page.LoginPage.getLoginPageTitle(LoginPage.java:30)
at com.qa.anc.page.LoginPage.getLoginPageTitle(LoginPage.java:30)
at com.qa.anc.page.LoginPage.getLoginPageTitle(LoginPage.java:30)
at com.qa.anc.page.LoginPage.getLoginPageTitle(LoginPage.java:30)
at com.qa.anc.page.LoginPage.getLoginPageTitle(LoginPage.java:30)
at com.qa.anc.page.LoginPage.getLoginPageTitle(LoginPage.java:30)
at com.qa.anc.page.LoginPage.getLoginPageTitle(LoginPage.java:30)
at com.qa.anc.page.LoginPage.getLoginPageTitle(LoginPage.java:30)
at com.qa.anc.page.LoginPage.getLoginPageTitle(LoginPage.java:30)
at com.qa.anc.page.LoginPage.getLoginPageTitle(LoginPage.java:30)
at com.qa.anc.page.LoginPage.getLoginPageTitle(LoginPage.java:30)
at com.qa.anc.page.LoginPage.getLoginPageTitle(LoginPage.java:30)
at com.qa.anc.page.LoginPage.getLoginPageTitle(LoginPage.java:30)
at com.qa.anc.page.LoginPage.getLoginPageTitle(LoginPage.java:30)
at com.qa.anc.page.LoginPage.getLoginPageTitle(LoginPage.java:30)
at com.qa.anc.page.LoginPage.getLoginPageTitle(LoginPage.java:30)
at com.qa.anc.page.LoginPage.getLoginPageTitle(LoginPage.java:30)
at com.qa.anc.page.LoginPage.getLoginPageTitle(LoginPage.java:30)
at com.qa.anc.page.LoginPage.getLoginPageTitle(LoginPage.java:30)
at com.qa.anc.page.LoginPage.getLoginPageTitle(LoginPage.java:30)
at com.qa.anc.page.LoginPage.getLoginPageTitle(LoginPage.java:30)
at com.qa.anc.page.LoginPage.getLoginPageTitle(LoginPage.java:30)
at com.qa.anc.page.LoginPage.getLoginPageTitle(LoginPage.java:30)
at com.qa.anc.page.LoginPage.getLoginPageTitle(LoginPage.java:30)
at com.qa.anc.page.LoginPage.getLoginPageTitle(LoginPage.java:30)
at com.qa.anc.page.LoginPage.getLoginPageTitle(LoginPage.java:30)
at com.qa.anc.page.LoginPage.getLoginPageTitle(LoginPage.java:30)
at com.qa.anc.page.LoginPage.getLoginPageTitle(LoginPage.java:30)
at com.qa.anc.page.LoginPage.getLoginPageTitle(LoginPage.java:30)
at com.qa.anc.page.LoginPage.getLoginPageTitle(LoginPage.java:30)
at com.qa.anc.page.LoginPage.getLoginPageTitle(LoginPage.java:30)
at com.qa.anc.page.LoginPage.getLoginPageTitle(LoginPage.java:30)
at com.qa.anc.page.LoginPage.getLoginPageTitle(LoginPage.java:30)
at com.qa.anc.page.LoginPage.getLoginPageTitle(LoginPage.java:30)
at com.qa.anc.page.LoginPage.getLoginPageTitle(LoginPage.java:30)
at com.qa.anc.page.LoginPage.getLoginPageTitle(LoginPage.java:30)
at com.qa.anc.page.LoginPage.getLoginPageTitle(LoginPage.java:30)
at com.qa.anc.page.LoginPage.getLoginPageTitle(LoginPage.java:30)
at com.qa.anc.page.LoginPage.getLoginPageTitle(LoginPage.java:30)
at com.qa.anc.page.LoginPage.getLoginPageTitle(LoginPage.java:30)
at com.qa.anc.page.LoginPage.getLoginPageTitle(LoginPage.java:30)
at com.qa.anc.page.LoginPage.getLoginPageTitle(LoginPage.java:30)
at com.qa.anc.page.LoginPage.getLoginPageTitle(LoginPage.java:30)
at com.qa.anc.page.LoginPage.getLoginPageTitle(LoginPage.java:30)
at com.qa.anc.page.LoginPage.getLoginPageTitle(LoginPage.java:30)
at com.qa.anc.page.LoginPage.getLoginPageTitle(LoginPage.java:30)
at com.qa.anc.page.LoginPage.getLoginPageTitle(LoginPage.java:30)
at com.qa.anc.page.LoginPage.getLoginPageTitle(LoginPage.java:30)
at com.qa.anc.page.LoginPage.getLoginPageTitle(LoginPage.java:30)
at com.qa.anc.page.LoginPage.getLoginPageTitle(LoginPage.java:30)
at com.qa.anc.page.LoginPage.getLoginPageTitle(LoginPage.java:30)
at com.qa.anc.page.LoginPage.getLoginPageTitle(LoginPage.java:30)
at com.qa.anc.page.LoginPage.getLoginPageTitle(LoginPage.java:30)
at com.qa.anc.page.LoginPage.getLoginPageTitle(LoginPage.java:30)
at com.qa.anc.page.LoginPage.getLoginPageTitle(LoginPage.java:30)
at com.qa.anc.page.LoginPage.getLoginPageTitle(LoginPage.java:30)
at com.qa.anc.page.LoginPage.getLoginPageTitle(LoginPage.java:30)
at com.qa.anc.page.LoginPage.getLoginPageTitle(LoginPage.java:30)
at com.qa.anc.page.LoginPage.getLoginPageTitle(LoginPage.java:30)
at com.qa.anc.page.LoginPage.getLoginPageTitle(LoginPage.java:30)
at com.qa.anc.page.LoginPage.getLoginPageTitle(LoginPage.java:30)
at com.qa.anc.page.LoginPage.getLoginPageTitle(LoginPage.java:30)
at com.qa.anc.page.LoginPage.getLoginPageTitle(LoginPage.java:30)
at com.qa.anc.page.LoginPage.getLoginPageTitle(LoginPage.java:30)
at com.qa.anc.page.LoginPage.getLoginPageTitle(LoginPage.java:30)
at com.qa.anc.page.LoginPage.getLoginPageTitle(LoginPage.java:30)
at com.qa.anc.page.LoginPage.getLoginPageTitle(LoginPage.java:30)
at com.qa.anc.page.LoginPage.getLoginPageTitle(LoginPage.java:30)
at com.qa.anc.page.LoginPage.getLoginPageTitle(LoginPage.java:30)
at com.qa.anc.page.LoginPage.getLoginPageTitle(LoginPage.java:30)
at com.qa.anc.page.LoginPage.getLoginPageTitle(LoginPage.java:30)
at com.qa.anc.page.LoginPage.getLoginPageTitle(LoginPage.java:30)
at com.qa.anc.page.LoginPage.getLoginPageTitle(LoginPage.java:30)
at com.qa.anc.page.LoginPage.getLoginPageTitle(LoginPage.java:30)
at com.qa.anc.page.LoginPage.getLoginPageTitle(LoginPage.java:30)
at com.qa.anc.page.LoginPage.getLoginPageTitle(LoginPage.java:30)
at com.qa.anc.page.LoginPage.getLoginPageTitle(LoginPage.java:30)
at com.qa.anc.page.LoginPage.getLoginPageTitle(LoginPage.java:30)
at com.qa.anc.page.LoginPage.getLoginPageTitle(LoginPage.java:30)
at com.qa.anc.page.LoginPage.getLoginPageTitle(LoginPage.java:30)
at com.qa.anc.page.LoginPage.getLoginPageTitle(LoginPage.java:30)
at com.qa.anc.page.LoginPage.getLoginPageTitle(LoginPage.java:30)
at com.qa.anc.page.LoginPage.getLoginPageTitle(LoginPage.java:30)
at com.qa.anc.page.LoginPage.getLoginPageTitle(LoginPage.java:30)
at com.qa.anc.page.LoginPage.getLoginPageTitle(LoginPage.java:30)
at com.qa.anc.page.LoginPage.getLoginPageTitle(LoginPage.java:30)
at com.qa.anc.page.LoginPage.getLoginPageTitle(LoginPage.java:30)
at com.qa.anc.page.LoginPage.getLoginPageTitle(LoginPage.java:30)
at com.qa.anc.page.LoginPage.getLoginPageTitle(LoginPage.java:30)
at com.qa.anc.page.LoginPage.getLoginPageTitle(LoginPage.java:30)
at com.qa.anc.page.LoginPage.getLoginPageTitle(LoginPage.java:30)
at com.qa.anc.page.LoginPage.getLoginPageTitle(LoginPage.java:30)
at com.qa.anc.page.LoginPage.getLoginPageTitle(LoginPage.java:30)
at com.qa.anc.page.LoginPage.getLoginPageTitle(LoginPage.java:30)
at com.qa.anc.page.LoginPage.getLoginPageTitle(LoginPage.java:30)
at com.qa.anc.page.LoginPage.getLoginPageTitle(LoginPage.java:30)
at com.qa.anc.page.LoginPage.getLoginPageTitle(LoginPage.java:30)
at com.qa.anc.page.LoginPage.getLoginPageTitle(LoginPage.java:30)
at com.qa.anc.page.LoginPage.getLoginPageTitle(LoginPage.java:30)
at com.qa.anc.page.LoginPage.getLoginPageTitle(LoginPage.java:30)
at com.qa.anc.page.LoginPage.getLoginPageTitle(LoginPage.java:30)
at com.qa.anc.page.LoginPage.getLoginPageTitle(LoginPage.java:30)
at com.qa.anc.page.LoginPage.getLoginPageTitle(LoginPage.java:30)
at com.qa.anc.page.LoginPage.getLoginPageTitle(LoginPage.java:30)
at com.qa.anc.page.LoginPage.getLoginPageTitle(LoginPage.java:30)
at com.qa.anc.page.LoginPage.getLoginPageTitle(LoginPage.java:30)
at com.qa.anc.page.LoginPage.getLoginPageTitle(LoginPage.java:30)
at com.qa.anc.page.LoginPage.getLoginPageTitle(LoginPage.java:30)
at com.qa.anc.page.LoginPage.getLoginPageTitle(LoginPage.java:30)
at com.qa.anc.page.LoginPage.getLoginPageTitle(LoginPage.java:30)
at com.qa.anc.page.LoginPage.getLoginPageTitle(LoginPage.java:30)
at com.qa.anc.page.LoginPage.getLoginPageTitle(LoginPage.java:30)
at com.qa.anc.page.LoginPage.getLoginPageTitle(LoginPage.java:30)
at com.qa.anc.page.LoginPage.getLoginPageTitle(LoginPage.java:30)
at com.qa.anc.page.LoginPage.getLoginPageTitle(LoginPage.java:30)
at com.qa.anc.page.LoginPage.getLoginPageTitle(LoginPage.java:30)
at com.qa.anc.page.LoginPage.getLoginPageTitle(LoginPage.java:30)
at com.qa.anc.page.LoginPage.getLoginPageTitle(LoginPage.java:30)
at com.qa.anc.page.LoginPage.getLoginPageTitle(LoginPage.java:30)
at com.qa.anc.page.LoginPage.getLoginPageTitle(LoginPage.java:30)
at com.qa.anc.page.LoginPage.getLoginPageTitle(LoginPage.java:30)
at com.qa.anc.page.LoginPage.getLoginPageTitle(LoginPage.java:30)
at com.qa.anc.page.LoginPage.getLoginPageTitle(LoginPage.java:30)
at com.qa.anc.page.LoginPage.getLoginPageTitle(LoginPage.java:30)
at com.qa.anc.page.LoginPage.getLoginPageTitle(LoginPage.java:30)
at com.qa.anc.page.LoginPage.getLoginPageTitle(LoginPage.java:30)
at com.qa.anc.page.LoginPage.getLoginPageTitle(LoginPage.java:30)
at com.qa.anc.page.LoginPage.getLoginPageTitle(LoginPage.java:30)
at com.qa.anc.page.LoginPage.getLoginPageTitle(LoginPage.java:30)
at com.qa.anc.page.LoginPage.getLoginPageTitle(LoginPage.java:30)
at com.qa.anc.page.LoginPage.getLoginPageTitle(LoginPage.java:30)
at com.qa.anc.page.LoginPage.getLoginPageTitle(LoginPage.java:30)
at com.qa.anc.page.LoginPage.getLoginPageTitle(LoginPage.java:30)
at com.qa.anc.page.LoginPage.getLoginPageTitle(LoginPage.java:30)
at com.qa.anc.page.LoginPage.getLoginPageTitle(LoginPage.java:30)
at com.qa.anc.page.LoginPage.getLoginPageTitle(LoginPage.java:30)
at com.qa.anc.page.LoginPage.getLoginPageTitle(LoginPage.java:30)
at com.qa.anc.page.LoginPage.getLoginPageTitle(LoginPage.java:30)
at com.qa.anc.page.LoginPage.getLoginPageTitle(LoginPage.java:30)
at com.qa.anc.page.LoginPage.getLoginPageTitle(LoginPage.java:30)
at com.qa.anc.page.LoginPage.getLoginPageTitle(LoginPage.java:30)
at com.qa.anc.page.LoginPage.getLoginPageTitle(LoginPage.java:30)
at com.qa.anc.page.LoginPage.getLoginPageTitle(LoginPage.java:30)
at com.qa.anc.page.LoginPage.getLoginPageTitle(LoginPage.java:30)
at com.qa.anc.page.LoginPage.getLoginPageTitle(LoginPage.java:30)
at com.qa.anc.page.LoginPage.getLoginPageTitle(LoginPage.java:30)
at com.qa.anc.page.LoginPage.getLoginPageTitle(LoginPage.java:30)
at com.qa.anc.page.LoginPage.getLoginPageTitle(LoginPage.java:30)
at com.qa.anc.page.LoginPage.getLoginPageTitle(LoginPage.java:30)
at com.qa.anc.page.LoginPage.getLoginPageTitle(LoginPage.java:30)
at com.qa.anc.page.LoginPage.getLoginPageTitle(LoginPage.java:30)
at com.qa.anc.page.LoginPage.getLoginPageTitle(LoginPage.java:30)
at com.qa.anc.page.LoginPage.getLoginPageTitle(LoginPage.java:30)
at com.qa.anc.page.LoginPage.getLoginPageTitle(LoginPage.java:30)
at com.qa.anc.page.LoginPage.getLoginPageTitle(LoginPage.java:30)
at com.qa.anc.page.LoginPage.getLoginPageTitle(LoginPage.java:30)
at com.qa.anc.page.LoginPage.getLoginPageTitle(LoginPage.java:30)
at com.qa.anc.page.LoginPage.getLoginPageTitle(LoginPage.java:30)
at com.qa.anc.page.LoginPage.getLoginPageTitle(LoginPage.java:30)
at com.qa.anc.page.LoginPage.getLoginPageTitle(LoginPage.java:30)
at com.qa.anc.page.LoginPage.getLoginPageTitle(LoginPage.java:30)
at com.qa.anc.page.LoginPage.getLoginPageTitle(LoginPage.java:30)
at com.qa.anc.page.LoginPage.getLoginPageTitle(LoginPage.java:30)
at com.qa.anc.page.LoginPage.getLoginPageTitle(LoginPage.java:30)
at com.qa.anc.page.LoginPage.getLoginPageTitle(LoginPage.java:30)
at com.qa.anc.page.LoginPage.getLoginPageTitle(LoginPage.java:30)
at com.qa.anc.page.LoginPage.getLoginPageTitle(LoginPage.java:30)
at com.qa.anc.page.LoginPage.getLoginPageTitle(LoginPage.java:30)
at com.qa.anc.page.LoginPage.getLoginPageTitle(LoginPage.java:30)
at com.qa.anc.page.LoginPage.getLoginPageTitle(LoginPage.java:30)
at com.qa.anc.page.LoginPage.getLoginPageTitle(LoginPage.java:30)
at com.qa.anc.page.LoginPage.getLoginPageTitle(LoginPage.java:30)
at com.qa.anc.page.LoginPage.getLoginPageTitle(LoginPage.java:30)
at com.qa.anc.page.LoginPage.getLoginPageTitle(LoginPage.java:30)
at com.qa.anc.page.LoginPage.getLoginPageTitle(LoginPage.java:30)
at com.qa.anc.page.LoginPage.getLoginPageTitle(LoginPage.java:30)
at com.qa.anc.page.LoginPage.getLoginPageTitle(LoginPage.java:30)
at com.qa.anc.page.LoginPage.getLoginPageTitle(LoginPage.java:30)
at com.qa.anc.page.LoginPage.getLoginPageTitle(LoginPage.java:30)
at com.qa.anc.page.LoginPage.getLoginPageTitle(LoginPage.java:30)
at com.qa.anc.page.LoginPage.getLoginPageTitle(LoginPage.java:30)
at com.qa.anc.page.LoginPage.getLoginPageTitle(LoginPage.java:30)
at com.qa.anc.page.LoginPage.getLoginPageTitle(LoginPage.java:30)
at com.qa.anc.page.LoginPage.getLoginPageTitle(LoginPage.java:30)
at com.qa.anc.page.LoginPage.getLoginPageTitle(LoginPage.java:30)
at com.qa.anc.page.LoginPage.getLoginPageTitle(LoginPage.java:30)
at com.qa.anc.page.LoginPage.getLoginPageTitle(LoginPage.java:30)
at com.qa.anc.page.LoginPage.getLoginPageTitle(LoginPage.java:30)
at com.qa.anc.page.LoginPage.getLoginPageTitle(LoginPage.java:30)
at com.qa.anc.page.LoginPage.getLoginPageTitle(LoginPage.java:30)
at com.qa.anc.page.LoginPage.getLoginPageTitle(LoginPage.java:30)
at com.qa.anc.page.LoginPage.getLoginPageTitle(LoginPage.java:30)
at com.qa.anc.page.LoginPage.getLoginPageTitle(LoginPage.java:30)
at com.qa.anc.page.LoginPage.getLoginPageTitle(LoginPage.java:30)
at com.qa.anc.page.LoginPage.getLoginPageTitle(LoginPage.java:30)
at com.qa.anc.page.LoginPage.getLoginPageTitle(LoginPage.java:30)
at com.qa.anc.page.LoginPage.getLoginPageTitle(LoginPage.java:30)
at com.qa.anc.page.LoginPage.getLoginPageTitle(LoginPage.java:30)
at com.qa.anc.page.LoginPage.getLoginPageTitle(LoginPage.java:30)
at com.qa.anc.page.LoginPage.getLoginPageTitle(LoginPage.java:30)
at com.qa.anc.page.LoginPage.getLoginPageTitle(LoginPage.java:30)
at com.qa.anc.page.LoginPage.getLoginPageTitle(LoginPage.java:30)
at com.qa.anc.page.LoginPage.getLoginPageTitle(LoginPage.java:30)
at com.qa.anc.page.LoginPage.getLoginPageTitle(LoginPage.java:30)
at com.qa.anc.page.LoginPage.getLoginPageTitle(LoginPage.java:30)
at com.qa.anc.page.LoginPage.getLoginPageTitle(LoginPage.java:30)
at com.qa.anc.page.LoginPage.getLoginPageTitle(LoginPage.java:30)
at com.qa.anc.page.LoginPage.getLoginPageTitle(LoginPage.java:30)
at com.qa.anc.page.LoginPage.getLoginPageTitle(LoginPage.java:30)
at com.qa.anc.page.LoginPage.getLoginPageTitle(LoginPage.java:30)
at com.qa.anc.page.LoginPage.getLoginPageTitle(LoginPage.java:30)
at com.qa.anc.page.LoginPage.getLoginPageTitle(LoginPage.java:30)
at com.qa.anc.page.LoginPage.getLoginPageTitle(LoginPage.java:30)
at com.qa.anc.page.LoginPage.getLoginPageTitle(LoginPage.java:30)
at com.qa.anc.page.LoginPage.getLoginPageTitle(LoginPage.java:30)
at com.qa.anc.page.LoginPage.getLoginPageTitle(LoginPage.java:30)
at com.qa.anc.page.LoginPage.getLoginPageTitle(LoginPage.java:30)
at com.qa.anc.page.LoginPage.getLoginPageTitle(LoginPage.java:30)
at com.qa.anc.page.LoginPage.getLoginPageTitle(LoginPage.java:30)
at com.qa.anc.page.LoginPage.getLoginPageTitle(LoginPage.java:30)
at com.qa.anc.page.LoginPage.getLoginPageTitle(LoginPage.java:30)
at com.qa.anc.page.LoginPage.getLoginPageTitle(LoginPage.java:30)
at com.qa.anc.page.LoginPage.getLoginPageTitle(LoginPage.java:30)
at com.qa.anc.page.LoginPage.getLoginPageTitle(LoginPage.java:30)
at com.qa.anc.page.LoginPage.getLoginPageTitle(LoginPage.java:30)
at com.qa.anc.page.LoginPage.getLoginPageTitle(LoginPage.java:30)
at com.qa.anc.page.LoginPage.getLoginPageTitle(LoginPage.java:30)
at com.qa.anc.page.LoginPage.getLoginPageTitle(LoginPage.java:30)
at com.qa.anc.page.LoginPage.getLoginPageTitle(LoginPage.java:30)
at com.qa.anc.page.LoginPage.getLoginPageTitle(LoginPage.java:30)
at com.qa.anc.page.LoginPage.getLoginPageTitle(LoginPage.java:30)
at com.qa.anc.page.LoginPage.getLoginPageTitle(LoginPage.java:30)
at com.qa.anc.page.LoginPage.getLoginPageTitle(LoginPage.java:30)
at com.qa.anc.page.LoginPage.getLoginPageTitle(LoginPage.java:30)
at com.qa.anc.page.LoginPage.getLoginPageTitle(LoginPage.java:30)
at com.qa.anc.page.LoginPage.getLoginPageTitle(LoginPage.java:30)
at com.qa.anc.page.LoginPage.getLoginPageTitle(LoginPage.java:30)
at com.qa.anc.page.LoginPage.getLoginPageTitle(LoginPage.java:30)
at com.qa.anc.page.LoginPage.getLoginPageTitle(LoginPage.java:30)
at com.qa.anc.page.LoginPage.getLoginPageTitle(LoginPage.java:30)
at com.qa.anc.page.LoginPage.getLoginPageTitle(LoginPage.java:30)
at com.qa.anc.page.LoginPage.getLoginPageTitle(LoginPage.java:30)
at com.qa.anc.page.LoginPage.getLoginPageTitle(LoginPage.java:30)
at com.qa.anc.page.LoginPage.getLoginPageTitle(LoginPage.java:30)
at com.qa.anc.page.LoginPage.getLoginPageTitle(LoginPage.java:30)
at com.qa.anc.page.LoginPage.getLoginPageTitle(LoginPage.java:30)
at com.qa.anc.page.LoginPage.getLoginPageTitle(LoginPage.java:30)
at com.qa.anc.page.LoginPage.getLoginPageTitle(LoginPage.java:30)
at com.qa.anc.page.LoginPage.getLoginPageTitle(LoginPage.java:30)
at com.qa.anc.page.LoginPage.getLoginPageTitle(LoginPage.java:30)
at com.qa.anc.page.LoginPage.getLoginPageTitle(LoginPage.java:30)
at com.qa.anc.page.LoginPage.getLoginPageTitle(LoginPage.java:30)
at com.qa.anc.page.LoginPage.getLoginPageTitle(LoginPage.java:30)
at com.qa.anc.page.LoginPage.getLoginPageTitle(LoginPage.java:30)
at com.qa.anc.page.LoginPage.getLoginPageTitle(LoginPage.java:30)
at com.qa.anc.page.LoginPage.getLoginPageTitle(LoginPage.java:30)
at com.qa.anc.page.LoginPage.getLoginPageTitle(LoginPage.java:30)
at com.qa.anc.page.LoginPage.getLoginPageTitle(LoginPage.java:30)
at com.qa.anc.page.LoginPage.getLoginPageTitle(LoginPage.java:30)
at com.qa.anc.page.LoginPage.getLoginPageTitle(LoginPage.java:30)
at com.qa.anc.page.LoginPage.getLoginPageTitle(LoginPage.java:30)
at com.qa.anc.page.LoginPage.getLoginPageTitle(LoginPage.java:30)
at com.qa.anc.page.LoginPage.getLoginPageTitle(LoginPage.java:30)
at com.qa.anc.page.LoginPage.getLoginPageTitle(LoginPage.java:30)
at com.qa.anc.page.LoginPage.getLoginPageTitle(LoginPage.java:30)
at com.qa.anc.page.LoginPage.getLoginPageTitle(LoginPage.java:30)
at com.qa.anc.page.LoginPage.getLoginPageTitle(LoginPage.java:30)
at com.qa.anc.page.LoginPage.getLoginPageTitle(LoginPage.java:30)
at com.qa.anc.page.LoginPage.getLoginPageTitle(LoginPage.java:30)
at com.qa.anc.page.LoginPage.getLoginPageTitle(LoginPage.java:30)
at com.qa.anc.page.LoginPage.getLoginPageTitle(LoginPage.java:30)
at com.qa.anc.page.LoginPage.getLoginPageTitle(LoginPage.java:30)
at com.qa.anc.page.LoginPage.getLoginPageTitle(LoginPage.java:30)
at com.qa.anc.page.LoginPage.getLoginPageTitle(LoginPage.java:30)
at com.qa.anc.page.LoginPage.getLoginPageTitle(LoginPage.java:30)
at com.qa.anc.page.LoginPage.getLoginPageTitle(LoginPage.java:30)
at com.qa.anc.page.LoginPage.getLoginPageTitle(LoginPage.java:30)
at com.qa.anc.page.LoginPage.getLoginPageTitle(LoginPage.java:30)
at com.qa.anc.page.LoginPage.getLoginPageTitle(LoginPage.java:30)
at com.qa.anc.page.LoginPage.getLoginPageTitle(LoginPage.java:30)
at com.qa.anc.page.LoginPage.getLoginPageTitle(LoginPage.java:30)
at com.qa.anc.page.LoginPage.getLoginPageTitle(LoginPage.java:30)
at com.qa.anc.page.LoginPage.getLoginPageTitle(LoginPage.java:30)
at com.qa.anc.page.LoginPage.getLoginPageTitle(LoginPage.java:30)
at com.qa.anc.page.LoginPage.getLoginPageTitle(LoginPage.java:30)
at com.qa.anc.page.LoginPage.getLoginPageTitle(LoginPage.java:30)
at com.qa.anc.page.LoginPage.getLoginPageTitle(LoginPage.java:30)
at com.qa.anc.page.LoginPage.getLoginPageTitle(LoginPage.java:30)
at com.qa.anc.page.LoginPage.getLoginPageTitle(LoginPage.java:30)
at com.qa.anc.page.LoginPage.getLoginPageTitle(LoginPage.java:30)
at com.qa.anc.page.LoginPage.getLoginPageTitle(LoginPage.java:30)
at com.qa.anc.page.LoginPage.getLoginPageTitle(LoginPage.java:30)
at com.qa.anc.page.LoginPage.getLoginPageTitle(LoginPage.java:30)
at com.qa.anc.page.LoginPage.getLoginPageTitle(LoginPage.java:30)
at com.qa.anc.page.LoginPage.getLoginPageTitle(LoginPage.java:30)
at com.qa.anc.page.LoginPage.getLoginPageTitle(LoginPage.java:30)
at com.qa.anc.page.LoginPage.getLoginPageTitle(LoginPage.java:30)
at com.qa.anc.page.LoginPage.getLoginPageTitle(LoginPage.java:30)
at com.qa.anc.page.LoginPage.getLoginPageTitle(LoginPage.java:30)
at com.qa.anc.page.LoginPage.getLoginPageTitle(LoginPage.java:30)
at com.qa.anc.page.LoginPage.getLoginPageTitle(LoginPage.java:30)
at com.qa.anc.page.LoginPage.getLoginPageTitle(LoginPage.java:30)
at com.qa.anc.page.LoginPage.getLoginPageTitle(LoginPage.java:30)
at com.qa.anc.page.LoginPage.getLoginPageTitle(LoginPage.java:30)
at com.qa.anc.page.LoginPage.getLoginPageTitle(LoginPage.java:30)
at com.qa.anc.page.LoginPage.getLoginPageTitle(LoginPage.java:30)
at com.qa.anc.page.LoginPage.getLoginPageTitle(LoginPage.java:30)
at com.qa.anc.page.LoginPage.getLoginPageTitle(LoginPage.java:30)
at com.qa.anc.page.LoginPage.getLoginPageTitle(LoginPage.java:30)
at com.qa.anc.page.LoginPage.getLoginPageTitle(LoginPage.java:30)
at com.qa.anc.page.LoginPage.getLoginPageTitle(LoginPage.java:30)
at com.qa.anc.page.LoginPage.getLoginPageTitle(LoginPage.java:30)
at com.qa.anc.page.LoginPage.getLoginPageTitle(LoginPage.java:30)
at com.qa.anc.page.LoginPage.getLoginPageTitle(LoginPage.java:30)
at com.qa.anc.page.LoginPage.getLoginPageTitle(LoginPage.java:30)
at com.qa.anc.page.LoginPage.getLoginPageTitle(LoginPage.java:30)
at com.qa.anc.page.LoginPage.getLoginPageTitle(LoginPage.java:30)
at com.qa.anc.page.LoginPage.getLoginPageTitle(LoginPage.java:30)
at com.qa.anc.page.LoginPage.getLoginPageTitle(LoginPage.java:30)
at com.qa.anc.page.LoginPage.getLoginPageTitle(LoginPage.java:30)
at com.qa.anc.page.LoginPage.getLoginPageTitle(LoginPage.java:30)
at com.qa.anc.page.LoginPage.getLoginPageTitle(LoginPage.java:30)
at com.qa.anc.page.LoginPage.getLoginPageTitle(LoginPage.java:30)
at com.qa.anc.page.LoginPage.getLoginPageTitle(LoginPage.java:30)
at com.qa.anc.page.LoginPage.getLoginPageTitle(LoginPage.java:30)
at com.qa.anc.page.LoginPage.getLoginPageTitle(LoginPage.java:30)
at com.qa.anc.page.LoginPage.getLoginPageTitle(LoginPage.java:30)
at com.qa.anc.page.LoginPage.getLoginPageTitle(LoginPage.java:30)
at com.qa.anc.page.LoginPage.getLoginPageTitle(LoginPage.java:30)
at com.qa.anc.page.LoginPage.getLoginPageTitle(LoginPage.java:30)
at com.qa.anc.page.LoginPage.getLoginPageTitle(LoginPage.java:30)
at com.qa.anc.page.LoginPage.getLoginPageTitle(LoginPage.java:30)
at com.qa.anc.page.LoginPage.getLoginPageTitle(LoginPage.java:30)
at com.qa.anc.page.LoginPage.getLoginPageTitle(LoginPage.java:30)
at com.qa.anc.page.LoginPage.getLoginPageTitle(LoginPage.java:30)
at com.qa.anc.page.LoginPage.getLoginPageTitle(LoginPage.java:30)
at com.qa.anc.page.LoginPage.getLoginPageTitle(LoginPage.java:30)
at com.qa.anc.page.LoginPage.getLoginPageTitle(LoginPage.java:30)
at com.qa.anc.page.LoginPage.getLoginPageTitle(LoginPage.java:30)
at com.qa.anc.page.LoginPage.getLoginPageTitle(LoginPage.java:30)
at com.qa.anc.page.LoginPage.getLoginPageTitle(LoginPage.java:30)
at com.qa.anc.page.LoginPage.getLoginPageTitle(LoginPage.java:30)
at com.qa.anc.page.LoginPage.getLoginPageTitle(LoginPage.java:30)
at com.qa.anc.page.LoginPage.getLoginPageTitle(LoginPage.java:30)
at com.qa.anc.page.LoginPage.getLoginPageTitle(LoginPage.java:30)
at com.qa.anc.page.LoginPage.getLoginPageTitle(LoginPage.java:30)
at com.qa.anc.page.LoginPage.getLoginPageTitle(LoginPage.java:30)
at com.qa.anc.page.LoginPage.getLoginPageTitle(LoginPage.java:30)
at com.qa.anc.page.LoginPage.getLoginPageTitle(LoginPage.java:30)
at com.qa.anc.page.LoginPage.getLoginPageTitle(LoginPage.java:30)
at com.qa.anc.page.LoginPage.getLoginPageTitle(LoginPage.java:30)
at com.qa.anc.page.LoginPage.getLoginPageTitle(LoginPage.java:30)
at com.qa.anc.page.LoginPage.getLoginPageTitle(LoginPage.java:30)
at com.qa.anc.page.LoginPage.getLoginPageTitle(LoginPage.java:30)
at com.qa.anc.page.LoginPage.getLoginPageTitle(LoginPage.java:30)
at com.qa.anc.page.LoginPage.getLoginPageTitle(LoginPage.java:30)
at com.qa.anc.page.LoginPage.getLoginPageTitle(LoginPage.java:30)
at com.qa.anc.page.LoginPage.getLoginPageTitle(LoginPage.java:30)
at com.qa.anc.page.LoginPage.getLoginPageTitle(LoginPage.java:30)
at com.qa.anc.page.LoginPage.getLoginPageTitle(LoginPage.java:30)
at com.qa.anc.page.LoginPage.getLoginPageTitle(LoginPage.java:30)
at com.qa.anc.page.LoginPage.getLoginPageTitle(LoginPage.java:30)
at com.qa.anc.page.LoginPage.getLoginPageTitle(LoginPage.java:30)
at com.qa.anc.page.LoginPage.getLoginPageTitle(LoginPage.java:30)
at com.qa.anc.page.LoginPage.getLoginPageTitle(LoginPage.java:30)
at com.qa.anc.page.LoginPage.getLoginPageTitle(LoginPage.java:30)
at com.qa.anc.page.LoginPage.getLoginPageTitle(LoginPage.java:30)
at com.qa.anc.page.LoginPage.getLoginPageTitle(LoginPage.java:30)
at com.qa.anc.page.LoginPage.getLoginPageTitle(LoginPage.java:30)
at com.qa.anc.page.LoginPage.getLoginPageTitle(LoginPage.java:30)
at com.qa.anc.page.LoginPage.getLoginPageTitle(LoginPage.java:30)
at com.qa.anc.page.LoginPage.getLoginPageTitle(LoginPage.java:30)
at com.qa.anc.page.LoginPage.getLoginPageTitle(LoginPage.java:30)
at com.qa.anc.page.LoginPage.getLoginPageTitle(LoginPage.java:30)
at com.qa.anc.page.LoginPage.getLoginPageTitle(LoginPage.java:30)
at com.qa.anc.page.LoginPage.getLoginPageTitle(LoginPage.java:30)
at com.qa.anc.page.LoginPage.getLoginPageTitle(LoginPage.java:30)
at com.qa.anc.page.LoginPage.getLoginPageTitle(LoginPage.java:30)
at com.qa.anc.page.LoginPage.getLoginPageTitle(LoginPage.java:30)
at com.qa.anc.page.LoginPage.getLoginPageTitle(LoginPage.java:30)
at com.qa.anc.page.LoginPage.getLoginPageTitle(LoginPage.java:30)
at com.qa.anc.page.LoginPage.getLoginPageTitle(LoginPage.java:30)
at com.qa.anc.page.LoginPage.getLoginPageTitle(LoginPage.java:30)
at com.qa.anc.page.LoginPage.getLoginPageTitle(LoginPage.java:30)
at com.qa.anc.page.LoginPage.getLoginPageTitle(LoginPage.java:30)
at com.qa.anc.page.LoginPage.getLoginPageTitle(LoginPage.java:30)
at com.qa.anc.page.LoginPage.getLoginPageTitle(LoginPage.java:30)
at com.qa.anc.page.LoginPage.getLoginPageTitle(LoginPage.java:30)
at com.qa.anc.page.LoginPage.getLoginPageTitle(LoginPage.java:30)
at com.qa.anc.page.LoginPage.getLoginPageTitle(LoginPage.java:30)
at com.qa.anc.page.LoginPage.getLoginPageTitle(LoginPage.java:30)
at com.qa.anc.page.LoginPage.getLoginPageTitle(LoginPage.java:30)
at com.qa.anc.page.LoginPage.getLoginPageTitle(LoginPage.java:30)
at com.qa.anc.page.LoginPage.getLoginPageTitle(LoginPage.java:30)
at com.qa.anc.page.LoginPage.getLoginPageTitle(LoginPage.java:30)
at com.qa.anc.page.LoginPage.getLoginPageTitle(LoginPage.java:30)
at com.qa.anc.page.LoginPage.getLoginPageTitle(LoginPage.java:30)
at com.qa.anc.page.LoginPage.getLoginPageTitle(LoginPage.java:30)
at com.qa.anc.page.LoginPage.getLoginPageTitle(LoginPage.java:30)
at com.qa.anc.page.LoginPage.getLoginPageTitle(LoginPage.java:30)
at com.qa.anc.page.LoginPage.getLoginPageTitle(LoginPage.java:30)
at com.qa.anc.page.LoginPage.getLoginPageTitle(LoginPage.java:30)
at com.qa.anc.page.LoginPage.getLoginPageTitle(LoginPage.java:30)
at com.qa.anc.page.LoginPage.getLoginPageTitle(LoginPage.java:30)
at com.qa.anc.page.LoginPage.getLoginPageTitle(LoginPage.java:30)
at com.qa.anc.page.LoginPage.getLoginPageTitle(LoginPage.java:30)
at com.qa.anc.page.LoginPage.getLoginPageTitle(LoginPage.java:30)
at com.qa.anc.page.LoginPage.getLoginPageTitle(LoginPage.java:30)
at com.qa.anc.page.LoginPage.getLoginPageTitle(LoginPage.java:30)
at com.qa.anc.page.LoginPage.getLoginPageTitle(LoginPage.java:30)
at com.qa.anc.page.LoginPage.getLoginPageTitle(LoginPage.java:30)
at com.qa.anc.page.LoginPage.getLoginPageTitle(LoginPage.java:30)
at com.qa.anc.page.LoginPage.getLoginPageTitle(LoginPage.java:30)
at com.qa.anc.page.LoginPage.getLoginPageTitle(LoginPage.java:30)
at com.qa.anc.page.LoginPage.getLoginPageTitle(LoginPage.java:30)
at com.qa.anc.page.LoginPage.getLoginPageTitle(LoginPage.java:30)
at com.qa.anc.page.LoginPage.getLoginPageTitle(LoginPage.java:30)
at com.qa.anc.page.LoginPage.getLoginPageTitle(LoginPage.java:30)
at com.qa.anc.page.LoginPage.getLoginPageTitle(LoginPage.java:30)
at com.qa.anc.page.LoginPage.getLoginPageTitle(LoginPage.java:30)
at com.qa.anc.page.LoginPage.getLoginPageTitle(LoginPage.java:30)
at com.qa.anc.page.LoginPage.getLoginPageTitle(LoginPage.java:30)
at com.qa.anc.page.LoginPage.getLoginPageTitle(LoginPage.java:30)
at com.qa.anc.page.LoginPage.getLoginPageTitle(LoginPage.java:30)
at com.qa.anc.page.LoginPage.getLoginPageTitle(LoginPage.java:30)
at com.qa.anc.page.LoginPage.getLoginPageTitle(LoginPage.java:30)
at com.qa.anc.page.LoginPage.getLoginPageTitle(LoginPage.java:30)
at com.qa.anc.page.LoginPage.getLoginPageTitle(LoginPage.java:30)
at com.qa.anc.page.LoginPage.getLoginPageTitle(LoginPage.java:30)
at com.qa.anc.page.LoginPage.getLoginPageTitle(LoginPage.java:30)
at com.qa.anc.page.LoginPage.getLoginPageTitle(LoginPage.java:30)
at com.qa.anc.page.LoginPage.getLoginPageTitle(LoginPage.java:30)
at com.qa.anc.page.LoginPage.getLoginPageTitle(LoginPage.java:30)
at com.qa.anc.page.LoginPage.getLoginPageTitle(LoginPage.java:30)
at com.qa.anc.page.LoginPage.getLoginPageTitle(LoginPage.java:30)
at com.qa.anc.page.LoginPage.getLoginPageTitle(LoginPage.java:30)
at com.qa.anc.page.LoginPage.getLoginPageTitle(LoginPage.java:30)
at com.qa.anc.page.LoginPage.getLoginPageTitle(LoginPage.java:30)
at com.qa.anc.page.LoginPage.getLoginPageTitle(LoginPage.java:30)
at com.qa.anc.page.LoginPage.getLoginPageTitle(LoginPage.java:30)
at com.qa.anc.page.LoginPage.getLoginPageTitle(LoginPage.java:30)
at com.qa.anc.page.LoginPage.getLoginPageTitle(LoginPage.java:30)
at com.qa.anc.page.LoginPage.getLoginPageTitle(LoginPage.java:30)
at com.qa.anc.page.LoginPage.getLoginPageTitle(LoginPage.java:30)
at com.qa.anc.page.LoginPage.getLoginPageTitle(LoginPage.java:30)
at com.qa.anc.page.LoginPage.getLoginPageTitle(LoginPage.java:30)
at com.qa.anc.page.LoginPage.getLoginPageTitle(LoginPage.java:30)
at com.qa.anc.page.LoginPage.getLoginPageTitle(LoginPage.java:30)
at com.qa.anc.page.LoginPage.getLoginPageTitle(LoginPage.java:30)
at com.qa.anc.page.LoginPage.getLoginPageTitle(LoginPage.java:30)
at com.qa.anc.page.LoginPage.getLoginPageTitle(LoginPage.java:30)
at com.qa.anc.page.LoginPage.getLoginPageTitle(LoginPage.java:30)
at com.qa.anc.page.LoginPage.getLoginPageTitle(LoginPage.java:30)
at com.qa.anc.page.LoginPage.getLoginPageTitle(LoginPage.java:30)
at com.qa.anc.page.LoginPage.getLoginPageTitle(LoginPage.java:30)
at com.qa.anc.page.LoginPage.getLoginPageTitle(LoginPage.java:30)
at com.qa.anc.page.LoginPage.getLoginPageTitle(LoginPage.java:30)
at com.qa.anc.page.LoginPage.getLoginPageTitle(LoginPage.java:30)
at com.qa.anc.page.LoginPage.getLoginPageTitle(LoginPage.java:30)
at com.qa.anc.page.LoginPage.getLoginPageTitle(LoginPage.java:30)
at com.qa.anc.page.LoginPage.getLoginPageTitle(LoginPage.java:30)
at com.qa.anc.page.LoginPage.getLoginPageTitle(LoginPage.java:30)
at com.qa.anc.page.LoginPage.getLoginPageTitle(LoginPage.java:30)
at com.qa.anc.page.LoginPage.getLoginPageTitle(LoginPage.java:30)
at com.qa.anc.page.LoginPage.getLoginPageTitle(LoginPage.java:30)
at com.qa.anc.page.LoginPage.getLoginPageTitle(LoginPage.java:30)
at com.qa.anc.page.LoginPage.getLoginPageTitle(LoginPage.java:30)
at com.qa.anc.page.LoginPage.getLoginPageTitle(LoginPage.java:30)
at com.qa.anc.page.LoginPage.getLoginPageTitle(LoginPage.java:30)
at com.qa.anc.page.LoginPage.getLoginPageTitle(LoginPage.java:30)
at com.qa.anc.page.LoginPage.getLoginPageTitle(LoginPage.java:30)
at com.qa.anc.page.LoginPage.getLoginPageTitle(LoginPage.java:30)
at com.qa.anc.page.LoginPage.getLoginPageTitle(LoginPage.java:30)
at com.qa.anc.page.LoginPage.getLoginPageTitle(LoginPage.java:30)
at com.qa.anc.page.LoginPage.getLoginPageTitle(LoginPage.java:30)
at com.qa.anc.page.LoginPage.getLoginPageTitle(LoginPage.java:30)
at com.qa.anc.page.LoginPage.getLoginPageTitle(LoginPage.java:30)
at com.qa.anc.page.LoginPage.getLoginPageTitle(LoginPage.java:30)
at com.qa.anc.page.LoginPage.getLoginPageTitle(LoginPage.java:30)
at com.qa.anc.page.LoginPage.getLoginPageTitle(LoginPage.java:30)
at com.qa.anc.page.LoginPage.getLoginPageTitle(LoginPage.java:30)
at com.qa.anc.page.LoginPage.getLoginPageTitle(LoginPage.java:30)
at com.qa.anc.page.LoginPage.getLoginPageTitle(LoginPage.java:30)
at com.qa.anc.page.LoginPage.getLoginPageTitle(LoginPage.java:30)
at com.qa.anc.page.LoginPage.getLoginPageTitle(LoginPage.java:30)
at com.qa.anc.page.LoginPage.getLoginPageTitle(LoginPage.java:30)
at com.qa.anc.page.LoginPage.getLoginPageTitle(LoginPage.java:30)
at com.qa.anc.page.LoginPage.getLoginPageTitle(LoginPage.java:30)
at com.qa.anc.page.LoginPage.getLoginPageTitle(LoginPage.java:30)
at com.qa.anc.page.LoginPage.getLoginPageTitle(LoginPage.java:30)
at com.qa.anc.page.LoginPage.getLoginPageTitle(LoginPage.java:30)
at com.qa.anc.page.LoginPage.getLoginPageTitle(LoginPage.java:30)
at com.qa.anc.page.LoginPage.getLoginPageTitle(LoginPage.java:30)
at com.qa.anc.page.LoginPage.getLoginPageTitle(LoginPage.java:30)
at com.qa.anc.page.LoginPage.getLoginPageTitle(LoginPage.java:30)
at com.qa.anc.page.LoginPage.getLoginPageTitle(LoginPage.java:30)
at com.qa.anc.page.LoginPage.getLoginPageTitle(LoginPage.java:30)
at com.qa.anc.page.LoginPage.getLoginPageTitle(LoginPage.java:30)
at com.qa.anc.page.LoginPage.getLoginPageTitle(LoginPage.java:30)
at com.qa.anc.page.LoginPage.getLoginPageTitle(LoginPage.java:30)
at com.qa.anc.page.LoginPage.getLoginPageTitle(LoginPage.java:30)
at com.qa.anc.page.LoginPage.getLoginPageTitle(LoginPage.java:30)
at com.qa.anc.page.LoginPage.getLoginPageTitle(LoginPage.java:30)
at com.qa.anc.page.LoginPage.getLoginPageTitle(LoginPage.java:30)
at com.qa.anc.page.LoginPage.getLoginPageTitle(LoginPage.java:30)
at com.qa.anc.page.LoginPage.getLoginPageTitle(LoginPage.java:30)
at com.qa.anc.page.LoginPage.getLoginPageTitle(LoginPage.java:30)
at com.qa.anc.page.LoginPage.getLoginPageTitle(LoginPage.java:30)
at com.qa.anc.page.LoginPage.getLoginPageTitle(LoginPage.java:30)
at com.qa.anc.page.LoginPage.getLoginPageTitle(LoginPage.java:30)
at com.qa.anc.page.LoginPage.getLoginPageTitle(LoginPage.java:30)
at com.qa.anc.page.LoginPage.getLoginPageTitle(LoginPage.java:30)
at com.qa.anc.page.LoginPage.getLoginPageTitle(LoginPage.java:30)
at com.qa.anc.page.LoginPage.getLoginPageTitle(LoginPage.java:30)
at com.qa.anc.page.LoginPage.getLoginPageTitle(LoginPage.java:30)
at com.qa.anc.page.LoginPage.getLoginPageTitle(LoginPage.java:30)
at com.qa.anc.page.LoginPage.getLoginPageTitle(LoginPage.java:30)
at com.qa.anc.page.LoginPage.getLoginPageTitle(LoginPage.java:30)
at com.qa.anc.page.LoginPage.getLoginPageTitle(LoginPage.java:30)
at com.qa.anc.page.LoginPage.getLoginPageTitle(LoginPage.java:30)
at com.qa.anc.page.LoginPage.getLoginPageTitle(LoginPage.java:30)
at com.qa.anc.page.LoginPage.getLoginPageTitle(LoginPage.java:30)
at com.qa.anc.page.LoginPage.getLoginPageTitle(LoginPage.java:30)
at com.qa.anc.page.LoginPage.getLoginPageTitle(LoginPage.java:30)
at com.qa.anc.page.LoginPage.getLoginPageTitle(LoginPage.java:30)
at com.qa.anc.page.LoginPage.getLoginPageTitle(LoginPage.java:30)
at com.qa.anc.page.LoginPage.getLoginPageTitle(LoginPage.java:30)
at com.qa.anc.page.LoginPage.getLoginPageTitle(LoginPage.java:30)
at com.qa.anc.page.LoginPage.getLoginPageTitle(LoginPage.java:30)
at com.qa.anc.page.LoginPage.getLoginPageTitle(LoginPage.java:30)
at com.qa.anc.page.LoginPage.getLoginPageTitle(LoginPage.java:30)
at com.qa.anc.page.LoginPage.getLoginPageTitle(LoginPage.java:30)
at com.qa.anc.page.LoginPage.getLoginPageTitle(LoginPage.java:30)
at com.qa.anc.page.LoginPage.getLoginPageTitle(LoginPage.java:30)
at com.qa.anc.page.LoginPage.getLoginPageTitle(LoginPage.java:30)
at com.qa.anc.page.LoginPage.getLoginPageTitle(LoginPage.java:30)
at com.qa.anc.page.LoginPage.getLoginPageTitle(LoginPage.java:30)
at com.qa.anc.page.LoginPage.getLoginPageTitle(LoginPage.java:30)
at com.qa.anc.page.LoginPage.getLoginPageTitle(LoginPage.java:30)
at com.qa.anc.page.LoginPage.getLoginPageTitle(LoginPage.java:30)
at com.qa.anc.page.LoginPage.getLoginPageTitle(LoginPage.java:30)
at com.qa.anc.page.LoginPage.getLoginPageTitle(LoginPage.java:30)
at com.qa.anc.page.LoginPage.getLoginPageTitle(LoginPage.java:30)
at com.qa.anc.page.LoginPage.getLoginPageTitle(LoginPage.java:30)
at com.qa.anc.page.LoginPage.getLoginPageTitle(LoginPage.java:30)
at com.qa.anc.page.LoginPage.getLoginPageTitle(LoginPage.java:30)
at com.qa.anc.page.LoginPage.getLoginPageTitle(LoginPage.java:30)
at com.qa.anc.page.LoginPage.getLoginPageTitle(LoginPage.java:30)
at com.qa.anc.page.LoginPage.getLoginPageTitle(LoginPage.java:30)
at com.qa.anc.page.LoginPage.getLoginPageTitle(LoginPage.java:30)
at com.qa.anc.page.LoginPage.getLoginPageTitle(LoginPage.java:30)
at com.qa.anc.page.LoginPage.getLoginPageTitle(LoginPage.java:30)
at com.qa.anc.page.LoginPage.getLoginPageTitle(LoginPage.java:30)
at com.qa.anc.page.LoginPage.getLoginPageTitle(LoginPage.java:30)
at com.qa.anc.page.LoginPage.getLoginPageTitle(LoginPage.java:30)
at com.qa.anc.page.LoginPage.getLoginPageTitle(LoginPage.java:30)
at com.qa.anc.page.LoginPage.getLoginPageTitle(LoginPage.java:30)
at com.qa.anc.page.LoginPage.getLoginPageTitle(LoginPage.java:30)
at com.qa.anc.page.LoginPage.getLoginPageTitle(LoginPage.java:30)
at com.qa.anc.page.LoginPage.getLoginPageTitle(LoginPage.java:30)
at com.qa.anc.page.LoginPage.getLoginPageTitle(LoginPage.java:30)
at com.qa.anc.page.LoginPage.getLoginPageTitle(LoginPage.java:30)
at com.qa.anc.page.LoginPage.getLoginPageTitle(LoginPage.java:30)
at com.qa.anc.page.LoginPage.getLoginPageTitle(LoginPage.java:30)
at com.qa.anc.page.LoginPage.getLoginPageTitle(LoginPage.java:30)
at com.qa.anc.page.LoginPage.getLoginPageTitle(LoginPage.java:30)
at com.qa.anc.page.LoginPage.getLoginPageTitle(LoginPage.java:30)
at com.qa.anc.page.LoginPage.getLoginPageTitle(LoginPage.java:30)
at com.qa.anc.page.LoginPage.getLoginPageTitle(LoginPage.java:30)
at com.qa.anc.page.LoginPage.getLoginPageTitle(LoginPage.java:30)
at com.qa.anc.page.LoginPage.getLoginPageTitle(LoginPage.java:30)
at com.qa.anc.page.LoginPage.getLoginPageTitle(LoginPage.java:30)
at com.qa.anc.page.LoginPage.getLoginPageTitle(LoginPage.java:30)
at com.qa.anc.page.LoginPage.getLoginPageTitle(LoginPage.java:30)
at com.qa.anc.page.LoginPage.getLoginPageTitle(LoginPage.java:30)
at com.qa.anc.page.LoginPage.getLoginPageTitle(LoginPage.java:30)
at com.qa.anc.page.LoginPage.getLoginPageTitle(LoginPage.java:30)
at com.qa.anc.page.LoginPage.getLoginPageTitle(LoginPage.java:30)
at com.qa.anc.page.LoginPage.getLoginPageTitle(LoginPage.java:30)
at com.qa.anc.page.LoginPage.getLoginPageTitle(LoginPage.java:30)
at com.qa.anc.page.LoginPage.getLoginPageTitle(LoginPage.java:30)
at com.qa.anc.page.LoginPage.getLoginPageTitle(LoginPage.java:30)
at com.qa.anc.page.LoginPage.getLoginPageTitle(LoginPage.java:30)
at com.qa.anc.page.LoginPage.getLoginPageTitle(LoginPage.java:30)
at com.qa.anc.page.LoginPage.getLoginPageTitle(LoginPage.java:30)
at com.qa.anc.page.LoginPage.getLoginPageTitle(LoginPage.java:30)
at com.qa.anc.page.LoginPage.getLoginPageTitle(LoginPage.java:30)
at com.qa.anc.page.LoginPage.getLoginPageTitle(LoginPage.java:30)
at com.qa.anc.page.LoginPage.getLoginPageTitle(LoginPage.java:30)
at com.qa.anc.page.LoginPage.getLoginPageTitle(LoginPage.java:30)
at com.qa.anc.page.LoginPage.getLoginPageTitle(LoginPage.java:30)
at com.qa.anc.page.LoginPage.getLoginPageTitle(LoginPage.java:30)
at com.qa.anc.page.LoginPage.getLoginPageTitle(LoginPage.java:30)
at com.qa.anc.page.LoginPage.getLoginPageTitle(LoginPage.java:30)
at com.qa.anc.page.LoginPage.getLoginPageTitle(LoginPage.java:30)
at com.qa.anc.page.LoginPage.getLoginPageTitle(LoginPage.java:30)
at com.qa.anc.page.LoginPage.getLoginPageTitle(LoginPage.java:30)
at com.qa.anc.page.LoginPage.getLoginPageTitle(LoginPage.java:30)
at com.qa.anc.page.LoginPage.getLoginPageTitle(LoginPage.java:30)
at com.qa.anc.page.LoginPage.getLoginPageTitle(LoginPage.java:30)
at com.qa.anc.page.LoginPage.getLoginPageTitle(LoginPage.java:30)
at com.qa.anc.page.LoginPage.getLoginPageTitle(LoginPage.java:30)
at com.qa.anc.page.LoginPage.getLoginPageTitle(LoginPage.java:30)
at com.qa.anc.page.LoginPage.getLoginPageTitle(LoginPage.java:30)
at com.qa.anc.page.LoginPage.getLoginPageTitle(LoginPage.java:30)
at com.qa.anc.page.LoginPage.getLoginPageTitle(LoginPage.java:30)
at com.qa.anc.page.LoginPage.getLoginPageTitle(LoginPage.java:30)
at com.qa.anc.page.LoginPage.getLoginPageTitle(LoginPage.java:30)
at com.qa.anc.page.LoginPage.getLoginPageTitle(LoginPage.java:30)
at com.qa.anc.page.LoginPage.getLoginPageTitle(LoginPage.java:30)
at com.qa.anc.page.LoginPage.getLoginPageTitle(LoginPage.java:30)
at com.qa.anc.page.LoginPage.getLoginPageTitle(LoginPage.java:30)
at com.qa.anc.page.LoginPage.getLoginPageTitle(LoginPage.java:30)
at com.qa.anc.page.LoginPage.getLoginPageTitle(LoginPage.java:30)
at com.qa.anc.page.LoginPage.getLoginPageTitle(LoginPage.java:30)
at com.qa.anc.page.LoginPage.getLoginPageTitle(LoginPage.java:30)
at com.qa.anc.page.LoginPage.getLoginPageTitle(LoginPage.java:30)
at com.qa.anc.page.LoginPage.getLoginPageTitle(LoginPage.java:30)
at com.qa.anc.page.LoginPage.getLoginPageTitle(LoginPage.java:30)
at com.qa.anc.page.LoginPage.getLoginPageTitle(LoginPage.java:30)
at com.qa.anc.page.LoginPage.getLoginPageTitle(LoginPage.java:30)
at com.qa.anc.page.LoginPage.getLoginPageTitle(LoginPage.java:30)
at com.qa.anc.page.LoginPage.getLoginPageTitle(LoginPage.java:30)
at com.qa.anc.page.LoginPage.getLoginPageTitle(LoginPage.java:30)
at com.qa.anc.page.LoginPage.getLoginPageTitle(LoginPage.java:30)
at com.qa.anc.page.LoginPage.getLoginPageTitle(LoginPage.java:30)
at com.qa.anc.page.LoginPage.getLoginPageTitle(LoginPage.java:30)
at com.qa.anc.page.LoginPage.getLoginPageTitle(LoginPage.java:30)
at com.qa.anc.page.LoginPage.getLoginPageTitle(LoginPage.java:30)
at com.qa.anc.page.LoginPage.getLoginPageTitle(LoginPage.java:30)
at com.qa.anc.page.LoginPage.getLoginPageTitle(LoginPage.java:30)
at com.qa.anc.page.LoginPage.getLoginPageTitle(LoginPage.java:30)
at com.qa.anc.page.LoginPage.getLoginPageTitle(LoginPage.java:30)
at com.qa.anc.page.LoginPage.getLoginPageTitle(LoginPage.java:30)
at com.qa.anc.page.LoginPage.getLoginPageTitle(LoginPage.java:30)
at com.qa.anc.page.LoginPage.getLoginPageTitle(LoginPage.java:30)
at com.qa.anc.page.LoginPage.getLoginPageTitle(LoginPage.java:30)
at com.qa.anc.page.LoginPage.getLoginPageTitle(LoginPage.java:30)
at com.qa.anc.page.LoginPage.getLoginPageTitle(LoginPage.java:30)
at com.qa.anc.page.LoginPage.getLoginPageTitle(LoginPage.java:30)
at com.qa.anc.page.LoginPage.getLoginPageTitle(LoginPage.java:30)
at com.qa.anc.page.LoginPage.getLoginPageTitle(LoginPage.java:30)
at com.qa.anc.page.LoginPage.getLoginPageTitle(LoginPage.java:30)
at com.qa.anc.page.LoginPage.getLoginPageTitle(LoginPage.java:30)
at com.qa.anc.page.LoginPage.getLoginPageTitle(LoginPage.java:30)
at com.qa.anc.page.LoginPage.getLoginPageTitle(LoginPage.java:30)
at com.qa.anc.page.LoginPage.getLoginPageTitle(LoginPage.java:30)
at com.qa.anc.page.LoginPage.getLoginPageTitle(LoginPage.java:30)
at com.qa.anc.page.LoginPage.getLoginPageTitle(LoginPage.java:30)
at com.qa.anc.page.LoginPage.getLoginPageTitle(LoginPage.java:30)
at com.qa.anc.page.LoginPage.getLoginPageTitle(LoginPage.java:30)
at com.qa.anc.page.LoginPage.getLoginPageTitle(LoginPage.java:30)
at com.qa.anc.page.LoginPage.getLoginPageTitle(LoginPage.java:30)
at com.qa.anc.page.LoginPage.getLoginPageTitle(LoginPage.java:30)
at com.qa.anc.page.LoginPage.getLoginPageTitle(LoginPage.java:30)
at com.qa.anc.page.LoginPage.getLoginPageTitle(LoginPage.java:30)
at com.qa.anc.page.LoginPage.getLoginPageTitle(LoginPage.java:30)
at com.qa.anc.page.LoginPage.getLoginPageTitle(LoginPage.java:30)
at com.qa.anc.page.LoginPage.getLoginPageTitle(LoginPage.java:30)
at com.qa.anc.page.LoginPage.getLoginPageTitle(LoginPage.java:30)
at com.qa.anc.page.LoginPage.getLoginPageTitle(LoginPage.java:30)
at com.qa.anc.page.LoginPage.getLoginPageTitle(LoginPage.java:30)
at com.qa.anc.page.LoginPage.getLoginPageTitle(LoginPage.java:30)
at com.qa.anc.page.LoginPage.getLoginPageTitle(LoginPage.java:30)
at com.qa.anc.page.LoginPage.getLoginPageTitle(LoginPage.java:30)
at com.qa.anc.page.LoginPage.getLoginPageTitle(LoginPage.java:30)
at com.qa.anc.page.LoginPage.getLoginPageTitle(LoginPage.java:30)
at com.qa.anc.page.LoginPage.getLoginPageTitle(LoginPage.java:30)
at com.qa.anc.page.LoginPage.getLoginPageTitle(LoginPage.java:30)
at com.qa.anc.page.LoginPage.getLoginPageTitle(LoginPage.java:30)
at com.qa.anc.page.LoginPage.getLoginPageTitle(LoginPage.java:30)
at com.qa.anc.page.LoginPage.getLoginPageTitle(LoginPage.java:30)
at com.qa.anc.page.LoginPage.getLoginPageTitle(LoginPage.java:30)
at com.qa.anc.page.LoginPage.getLoginPageTitle(LoginPage.java:30)
at com.qa.anc.page.LoginPage.getLoginPageTitle(LoginPage.java:30)
at com.qa.anc.page.LoginPage.getLoginPageTitle(LoginPage.java:30)
at com.qa.anc.page.LoginPage.getLoginPageTitle(LoginPage.java:30)
at com.qa.anc.page.LoginPage.getLoginPageTitle(LoginPage.java:30)
at com.qa.anc.page.LoginPage.getLoginPageTitle(LoginPage.java:30)
at com.qa.anc.page.LoginPage.getLoginPageTitle(LoginPage.java:30)
at com.qa.anc.page.LoginPage.getLoginPageTitle(LoginPage.java:30)
at com.qa.anc.page.LoginPage.getLoginPageTitle(LoginPage.java:30)
at com.qa.anc.page.LoginPage.getLoginPageTitle(LoginPage.java:30)
at com.qa.anc.page.LoginPage.getLoginPageTitle(LoginPage.java:30)
at com.qa.anc.page.LoginPage.getLoginPageTitle(LoginPage.java:30)
at com.qa.anc.page.LoginPage.getLoginPageTitle(LoginPage.java:30)
at com.qa.anc.page.LoginPage.getLoginPageTitle(LoginPage.java:30)
at com.qa.anc.page.LoginPage.getLoginPageTitle(LoginPage.java:30)
at com.qa.anc.page.LoginPage.getLoginPageTitle(LoginPage.java:30)
at com.qa.anc.page.LoginPage.getLoginPageTitle(LoginPage.java:30)
at com.qa.anc.page.LoginPage.getLoginPageTitle(LoginPage.java:30)
at com.qa.anc.page.LoginPage.getLoginPageTitle(LoginPage.java:30)
at com.qa.anc.page.LoginPage.getLoginPageTitle(LoginPage.java:30)
at com.qa.anc.page.LoginPage.getLoginPageTitle(LoginPage.java:30)
at com.qa.anc.page.LoginPage.getLoginPageTitle(LoginPage.java:30)
at com.qa.anc.page.LoginPage.getLoginPageTitle(LoginPage.java:30)
at com.qa.anc.page.LoginPage.getLoginPageTitle(LoginPage.java:30)
at com.qa.anc.page.LoginPage.getLoginPageTitle(LoginPage.java:30)
at com.qa.anc.page.LoginPage.getLoginPageTitle(LoginPage.java:30)
at com.qa.anc.page.LoginPage.getLoginPageTitle(LoginPage.java:30)
at com.qa.anc.page.LoginPage.getLoginPageTitle(LoginPage.java:30)
at com.qa.anc.page.LoginPage.getLoginPageTitle(LoginPage.java:30)
at com.qa.anc.page.LoginPage.getLoginPageTitle(LoginPage.java:30)
at com.qa.anc.page.LoginPage.getLoginPageTitle(LoginPage.java:30)
at com.qa.anc.page.LoginPage.getLoginPageTitle(LoginPage.java:30)
at com.qa.anc.page.LoginPage.getLoginPageTitle(LoginPage.java:30)
at com.qa.anc.page.LoginPage.getLoginPageTitle(LoginPage.java:30)
at com.qa.anc.page.LoginPage.getLoginPageTitle(LoginPage.java:30)
at com.qa.anc.page.LoginPage.getLoginPageTitle(LoginPage.java:30)
at com.qa.anc.page.LoginPage.getLoginPageTitle(LoginPage.java:30)
at com.qa.anc.page.LoginPage.getLoginPageTitle(LoginPage.java:30)
at com.qa.anc.page.LoginPage.getLoginPageTitle(LoginPage.java:30)
at com.qa.anc.page.LoginPage.getLoginPageTitle(LoginPage.java:30)
at com.qa.anc.page.LoginPage.getLoginPageTitle(LoginPage.java:30)
at com.qa.anc.page.LoginPage.getLoginPageTitle(LoginPage.java:30)
at com.qa.anc.page.LoginPage.getLoginPageTitle(LoginPage.java:30)
at com.qa.anc.page.LoginPage.getLoginPageTitle(LoginPage.java:30)
at com.qa.anc.page.LoginPage.getLoginPageTitle(LoginPage.java:30)
at com.qa.anc.page.LoginPage.getLoginPageTitle(LoginPage.java:30)
at com.qa.anc.page.LoginPage.getLoginPageTitle(LoginPage.java:30)
at com.qa.anc.page.LoginPage.getLoginPageTitle(LoginPage.java:30)
at com.qa.anc.page.LoginPage.getLoginPageTitle(LoginPage.java:30)
at com.qa.anc.page.LoginPage.getLoginPageTitle(LoginPage.java:30)
at com.qa.anc.page.LoginPage.getLoginPageTitle(LoginPage.java:30)
at com.qa.anc.page.LoginPage.getLoginPageTitle(LoginPage.java:30)
at com.qa.anc.page.LoginPage.getLoginPageTitle(LoginPage.java:30)
at com.qa.anc.page.LoginPage.getLoginPageTitle(LoginPage.java:30)
at com.qa.anc.page.LoginPage.getLoginPageTitle(LoginPage.java:30)
at com.qa.anc.page.LoginPage.getLoginPageTitle(LoginPage.java:30)
at com.qa.anc.page.LoginPage.getLoginPageTitle(LoginPage.java:30)
at com.qa.anc.page.LoginPage.getLoginPageTitle(LoginPage.java:30)
at com.qa.anc.page.LoginPage.getLoginPageTitle(LoginPage.java:30)
at com.qa.anc.page.LoginPage.getLoginPageTitle(LoginPage.java:30)
at com.qa.anc.page.LoginPage.getLoginPageTitle(LoginPage.java:30)
at com.qa.anc.page.LoginPage.getLoginPageTitle(LoginPage.java:30)
at com.qa.anc.page.LoginPage.getLoginPageTitle(LoginPage.java:30)
at com.qa.anc.page.LoginPage.getLoginPageTitle(LoginPage.java:30)
at com.qa.anc.page.LoginPage.getLoginPageTitle(LoginPage.java:30)
at com.qa.anc.page.LoginPage.getLoginPageTitle(LoginPage.java:30)
at com.qa.anc.page.LoginPage.getLoginPageTitle(LoginPage.java:30)
at com.qa.anc.page.LoginPage.getLoginPageTitle(LoginPage.java:30)
at com.qa.anc.page.LoginPage.getLoginPageTitle(LoginPage.java:30)
at com.qa.anc.page.LoginPage.getLoginPageTitle(LoginPage.java:30)
at com.qa.anc.page.LoginPage.getLoginPageTitle(LoginPage.java:30)
at com.qa.anc.page.LoginPage.getLoginPageTitle(LoginPage.java:30)
at com.qa.anc.page.LoginPage.getLoginPageTitle(LoginPage.java:30)
at com.qa.anc.page.LoginPage.getLoginPageTitle(LoginPage.java:30)
at com.qa.anc.page.LoginPage.getLoginPageTitle(LoginPage.java:30)
at com.qa.anc.page.LoginPage.getLoginPageTitle(LoginPage.java:30)
at com.qa.anc.page.LoginPage.getLoginPageTitle(LoginPage.java:30)
at com.qa.anc.page.LoginPage.getLoginPageTitle(LoginPage.java:30)
at com.qa.anc.page.LoginPage.getLoginPageTitle(LoginPage.java:30)
at com.qa.anc.page.LoginPage.getLoginPageTitle(LoginPage.java:30)
at com.qa.anc.page.LoginPage.getLoginPageTitle(LoginPage.java:30)
at com.qa.anc.page.LoginPage.getLoginPageTitle(LoginPage.java:30)
at com.qa.anc.page.LoginPage.getLoginPageTitle(LoginPage.java:30)
at com.qa.anc.page.LoginPage.getLoginPageTitle(LoginPage.java:30)
at com.qa.anc.page.LoginPage.getLoginPageTitle(LoginPage.java:30)
at com.qa.anc.page.LoginPage.getLoginPageTitle(LoginPage.java:30)
at com.qa.anc.page.LoginPage.getLoginPageTitle(LoginPage.java:30)
at com.qa.anc.page.LoginPage.getLoginPageTitle(LoginPage.java:30)
at com.qa.anc.page.LoginPage.getLoginPageTitle(LoginPage.java:30)
at com.qa.anc.page.LoginPage.getLoginPageTitle(LoginPage.java:30)
at com.qa.anc.page.LoginPage.getLoginPageTitle(LoginPage.java:30)
at com.qa.anc.page.LoginPage.getLoginPageTitle(LoginPage.java:30)
at com.qa.anc.page.LoginPage.getLoginPageTitle(LoginPage.java:30)
at com.qa.anc.page.LoginPage.getLoginPageTitle(LoginPage.java:30)
at com.qa.anc.page.LoginPage.getLoginPageTitle(LoginPage.java:30)
at com.qa.anc.page.LoginPage.getLoginPageTitle(LoginPage.java:30)
at com.qa.anc.page.LoginPage.getLoginPageTitle(LoginPage.java:30)
at com.qa.anc.page.LoginPage.getLoginPageTitle(LoginPage.java:30)
at com.qa.anc.page.LoginPage.getLoginPageTitle(LoginPage.java:30)
at com.qa.anc.page.LoginPage.getLoginPageTitle(LoginPage.java:30)
at com.qa.anc.page.LoginPage.getLoginPageTitle(LoginPage.java:30)
at com.qa.anc.page.LoginPage.getLoginPageTitle(LoginPage.java:30)
at com.qa.anc.page.LoginPage.getLoginPageTitle(LoginPage.java:30)
at com.qa.anc.page.LoginPage.getLoginPageTitle(LoginPage.java:30)
at com.qa.anc.page.LoginPage.getLoginPageTitle(LoginPage.java:30)
at com.qa.anc.page.LoginPage.getLoginPageTitle(LoginPage.java:30)
at com.qa.anc.page.LoginPage.getLoginPageTitle(LoginPage.java:30)
at com.qa.anc.page.LoginPage.getLoginPageTitle(LoginPage.java:30)
at com.qa.anc.page.LoginPage.getLoginPageTitle(LoginPage.java:30)
at com.qa.anc.page.LoginPage.getLoginPageTitle(LoginPage.java:30)
at com.qa.anc.page.LoginPage.getLoginPageTitle(LoginPage.java:30)
at com.qa.anc.page.LoginPage.getLoginPageTitle(LoginPage.java:30)
at com.qa.anc.page.LoginPage.getLoginPageTitle(LoginPage.java:30)
at com.qa.anc.page.LoginPage.getLoginPageTitle(LoginPage.java:30)
at com.qa.anc.page.LoginPage.getLoginPageTitle(LoginPage.java:30)
at com.qa.anc.page.LoginPage.getLoginPageTitle(LoginPage.java:30)
at com.qa.anc.page.LoginPage.getLoginPageTitle(LoginPage.java:30)
at com.qa.anc.page.LoginPage.getLoginPageTitle(LoginPage.java:30)
at com.qa.anc.page.LoginPage.getLoginPageTitle(LoginPage.java:30)
at com.qa.anc.page.LoginPage.getLoginPageTitle(LoginPage.java:30)
at com.qa.anc.page.LoginPage.getLoginPageTitle(LoginPage.java:30)
at com.qa.anc.page.LoginPage.getLoginPageTitle(LoginPage.java:30)
at com.qa.anc.page.LoginPage.getLoginPageTitle(LoginPage.java:30)
at com.qa.anc.page.LoginPage.getLoginPageTitle(LoginPage.java:30)
at com.qa.anc.page.LoginPage.getLoginPageTitle(LoginPage.java:30)
at com.qa.anc.page.LoginPage.getLoginPageTitle(LoginPage.java:30)
at com.qa.anc.page.LoginPage.getLoginPageTitle(LoginPage.java:30)
at com.qa.anc.page.LoginPage.getLoginPageTitle(LoginPage.java:30)
at com.qa.anc.page.LoginPage.getLoginPageTitle(LoginPage.java:30)
at com.qa.anc.page.LoginPage.getLoginPageTitle(LoginPage.java:30)
at com.qa.anc.page.LoginPage.getLoginPageTitle(LoginPage.java:30)
at com.qa.anc.page.LoginPage.getLoginPageTitle(LoginPage.java:30)
at com.qa.anc.page.LoginPage.getLoginPageTitle(LoginPage.java:30)
at com.qa.anc.page.LoginPage.getLoginPageTitle(LoginPage.java:30)
at com.qa.anc.page.LoginPage.getLoginPageTitle(LoginPage.java:30)
at com.qa.anc.page.LoginPage.getLoginPageTitle(LoginPage.java:30)
at com.qa.anc.page.LoginPage.getLoginPageTitle(LoginPage.java:30)
at com.qa.anc.page.LoginPage.getLoginPageTitle(LoginPage.java:30)
at com.qa.anc.page.LoginPage.getLoginPageTitle(LoginPage.java:30)
at com.qa.anc.page.LoginPage.getLoginPageTitle(LoginPage.java:30)
at com.qa.anc.page.LoginPage.getLoginPageTitle(LoginPage.java:30)
at com.qa.anc.page.LoginPage.getLoginPageTitle(LoginPage.java:30)
at com.qa.anc.page.LoginPage.getLoginPageTitle(LoginPage.java:30)
at com.qa.anc.page.LoginPage.getLoginPageTitle(LoginPage.java:30)
at com.qa.anc.page.LoginPage.getLoginPageTitle(LoginPage.java:30)
at com.qa.anc.page.LoginPage.getLoginPageTitle(LoginPage.java:30)
at com.qa.anc.page.LoginPage.getLoginPageTitle(LoginPage.java:30)
at com.qa.anc.page.LoginPage.getLoginPageTitle(LoginPage.java:30)
at com.qa.anc.page.LoginPage.getLoginPageTitle(LoginPage.java:30)
at com.qa.anc.page.LoginPage.getLoginPageTitle(LoginPage.java:30)
at com.qa.anc.page.LoginPage.getLoginPageTitle(LoginPage.java:30)
at com.qa.anc.page.LoginPage.getLoginPageTitle(LoginPage.java:30)
at com.qa.anc.page.LoginPage.getLoginPageTitle(LoginPage.java:30)
at com.qa.anc.page.LoginPage.getLoginPageTitle(LoginPage.java:30)
at com.qa.anc.page.LoginPage.getLoginPageTitle(LoginPage.java:30)
at com.qa.anc.page.LoginPage.getLoginPageTitle(LoginPage.java:30)
at com.qa.anc.page.LoginPage.getLoginPageTitle(LoginPage.java:30)
at com.qa.anc.page.LoginPage.getLoginPageTitle(LoginPage.java:30)
at com.qa.anc.page.LoginPage.getLoginPageTitle(LoginPage.java:30)
at com.qa.anc.page.LoginPage.getLoginPageTitle(LoginPage.java:30)
at com.qa.anc.page.LoginPage.getLoginPageTitle(LoginPage.java:30)
at com.qa.anc.page.LoginPage.getLoginPageTitle(LoginPage.java:30)
at com.qa.anc.page.LoginPage.getLoginPageTitle(LoginPage.java:30)
at com.qa.anc.page.LoginPage.getLoginPageTitle(LoginPage.java:30)
at com.qa.anc.page.LoginPage.getLoginPageTitle(LoginPage.java:30)
at com.qa.anc.page.LoginPage.getLoginPageTitle(LoginPage.java:30)
at com.qa.anc.page.LoginPage.getLoginPageTitle(LoginPage.java:30)
at com.qa.anc.page.LoginPage.getLoginPageTitle(LoginPage.java:30)
at com.qa.anc.page.LoginPage.getLoginPageTitle(LoginPage.java:30)
at com.qa.anc.page.LoginPage.getLoginPageTitle(LoginPage.java:30)
at com.qa.anc.page.LoginPage.getLoginPageTitle(LoginPage.java:30)
at com.qa.anc.page.LoginPage.getLoginPageTitle(LoginPage.java:30)
at com.qa.anc.page.LoginPage.getLoginPageTitle(LoginPage.java:30)
at com.qa.anc.page.LoginPage.getLoginPageTitle(LoginPage.java:30)
at com.qa.anc.page.LoginPage.getLoginPageTitle(LoginPage.java:30)
at com.qa.anc.page.LoginPage.getLoginPageTitle(LoginPage.java:30)
at com.qa.anc.page.LoginPage.getLoginPageTitle(LoginPage.java:30)
at com.qa.anc.page.LoginPage.getLoginPageTitle(LoginPage.java:30)
at com.qa.anc.page.LoginPage.getLoginPageTitle(LoginPage.java:30)
at com.qa.anc.page.LoginPage.getLoginPageTitle(LoginPage.java:30)
at com.qa.anc.page.LoginPage.getLoginPageTitle(LoginPage.java:30)
at com.qa.anc.page.LoginPage.getLoginPageTitle(LoginPage.java:30)
at com.qa.anc.page.LoginPage.getLoginPageTitle(LoginPage.java:30)
at com.qa.anc.page.LoginPage.getLoginPageTitle(LoginPage.java:30)
at com.qa.anc.page.LoginPage.getLoginPageTitle(LoginPage.java:30)
at com.qa.anc.page.LoginPage.getLoginPageTitle(LoginPage.java:30)
at com.qa.anc.page.LoginPage.getLoginPageTitle(LoginPage.java:30)
at com.qa.anc.page.LoginPage.getLoginPageTitle(LoginPage.java:30)
at com.qa.anc.page.LoginPage.getLoginPageTitle(LoginPage.java:30)
at com.qa.anc.page.LoginPage.getLoginPageTitle(LoginPage.java:30)
at com.qa.anc.page.LoginPage.getLoginPageTitle(LoginPage.java:30)
at com.qa.anc.page.LoginPage.getLoginPageTitle(LoginPage.java:30)
at com.qa.anc.page.LoginPage.getLoginPageTitle(LoginPage.java:30)
at com.qa.anc.page.LoginPage.getLoginPageTitle(LoginPage.java:30)
at com.qa.anc.page.LoginPage.getLoginPageTitle(LoginPage.java:30)
at com.qa.anc.page.LoginPage.getLoginPageTitle(LoginPage.java:30)
at com.qa.anc.page.LoginPage.getLoginPageTitle(LoginPage.java:30)
at com.qa.anc.page.LoginPage.getLoginPageTitle(LoginPage.java:30)
at com.qa.anc.page.LoginPage.getLoginPageTitle(LoginPage.java:30)
at com.qa.anc.page.LoginPage.getLoginPageTitle(LoginPage.java:30)
at com.qa.anc.page.LoginPage.getLoginPageTitle(LoginPage.java:30)
at com.qa.anc.page.LoginPage.getLoginPageTitle(LoginPage.java:30)
at com.qa.anc.page.LoginPage.getLoginPageTitle(LoginPage.java:30)
at com.qa.anc.page.LoginPage.getLoginPageTitle(LoginPage.java:30)
at com.qa.anc.page.LoginPage.getLoginPageTitle(LoginPage.java:30)
at com.qa.anc.page.LoginPage.getLoginPageTitle(LoginPage.java:30)
at com.qa.anc.page.LoginPage.getLoginPageTitle(LoginPage.java:30)
at com.qa.anc.page.LoginPage.getLoginPageTitle(LoginPage.java:30)
at com.qa.anc.page.LoginPage.getLoginPageTitle(LoginPage.java:30)
at com.qa.anc.page.LoginPage.getLoginPageTitle(LoginPage.java:30)
at com.qa.anc.page.LoginPage.getLoginPageTitle(LoginPage.java:30)
at com.qa.anc.page.LoginPage.getLoginPageTitle(LoginPage.java:30)
at com.qa.anc.page.LoginPage.getLoginPageTitle(LoginPage.java:30)
at com.qa.anc.page.LoginPage.getLoginPageTitle(LoginPage.java:30)
at com.qa.anc.page.LoginPage.getLoginPageTitle(LoginPage.java:30)
at com.qa.anc.page.LoginPage.getLoginPageTitle(LoginPage.java:30)
at com.qa.anc.page.LoginPage.getLoginPageTitle(LoginPage.java:30)
at com.qa.anc.page.LoginPage.getLoginPageTitle(LoginPage.java:30)
at com.qa.anc.page.LoginPage.getLoginPageTitle(LoginPage.java:30)
at com.qa.anc.page.LoginPage.getLoginPageTitle(LoginPage.java:30)
at com.qa.anc.page.LoginPage.getLoginPageTitle(LoginPage.java:30)
at com.qa.anc.page.LoginPage.getLoginPageTitle(LoginPage.java:30)
at com.qa.anc.page.LoginPage.getLoginPageTitle(LoginPage.java:30)
at com.qa.anc.page.LoginPage.getLoginPageTitle(LoginPage.java:30)
at com.qa.anc.page.LoginPage.getLoginPageTitle(LoginPage.java:30)
at com.qa.anc.page.LoginPage.getLoginPageTitle(LoginPage.java:30)
at com.qa.anc.page.LoginPage.getLoginPageTitle(LoginPage.java:30)
at com.qa.anc.page.LoginPage.getLoginPageTitle(LoginPage.java:30)
at com.qa.anc.page.LoginPage.getLoginPageTitle(LoginPage.java:30)
at com.qa.anc.page.LoginPage.getLoginPageTitle(LoginPage.java:30)
at com.qa.anc.page.LoginPage.getLoginPageTitle(LoginPage.java:30)
at com.qa.anc.page.LoginPage.getLoginPageTitle(LoginPage.java:30)
at com.qa.anc.page.LoginPage.getLoginPageTitle(LoginPage.java:30)
at com.qa.anc.page.LoginPage.getLoginPageTitle(LoginPage.java:30)
at com.qa.anc.page.LoginPage.getLoginPageTitle(LoginPage.java:30)
at com.qa.anc.page.LoginPage.getLoginPageTitle(LoginPage.java:30)
at com.qa.anc.page.LoginPage.getLoginPageTitle(LoginPage.java:30)
at com.qa.anc.page.LoginPage.getLoginPageTitle(LoginPage.java:30)
at com.qa.anc.page.LoginPage.getLoginPageTitle(LoginPage.java:30)
at com.qa.anc.page.LoginPage.getLoginPageTitle(LoginPage.java:30)
at com.qa.anc.page.LoginPage.getLoginPageTitle(LoginPage.java:30)
at com.qa.anc.page.LoginPage.getLoginPageTitle(LoginPage.java:30)
at com.qa.anc.page.LoginPage.getLoginPageTitle(LoginPage.java:30)
at com.qa.anc.page.LoginPage.getLoginPageTitle(LoginPage.java:30)
at com.qa.anc.page.LoginPage.getLoginPageTitle(LoginPage.java:30)
at com.qa.anc.page.LoginPage.getLoginPageTitle(LoginPage.java:30)
at com.qa.anc.page.LoginPage.getLoginPageTitle(LoginPage.java:30)
at com.qa.anc.page.LoginPage.getLoginPageTitle(LoginPage.java:30)
at com.qa.anc.page.LoginPage.getLoginPageTitle(LoginPage.java:30)
at com.qa.anc.page.LoginPage.getLoginPageTitle(LoginPage.java:30)
at com.qa.anc.page.LoginPage.getLoginPageTitle(LoginPage.java:30)
at com.qa.anc.page.LoginPage.getLoginPageTitle(LoginPage.java:30)
at com.qa.anc.page.LoginPage.getLoginPageTitle(LoginPage.java:30)
]]>
    </failure>
  </testcase> <!-- loginPageTitleTest -->
  <testcase classname="com.qa.anc.test.LoginPageTest" name="loginTest" time="3.372"/>
</testsuite> <!-- Login page Test -->
