<?xml version="1.0" encoding="UTF-8"?>
<!-- Generated by org.testng.reporters.JUnitXMLReporter -->
<testsuite ignored="0" hostname="DESKTOP-DOIJIN9" failures="1" tests="4" name="Default test" time="4.614" errors="0" timestamp="27 Dec 2022 10:54:20 GMT">
  <testcase classname="com.qa.anc.test.LoginPageTest" name="StayloginTest" time="0.092"/>
  <testcase classname="com.qa.anc.test.LoginPageTest" name="forgotPwdLinkTest" time="0.033"/>
  <testcase classname="com.qa.anc.test.LoginPageTest" name="loginPageTitleTest" time="0.006">
    <failure type="java.lang.StackOverflowError">
      <![CDATA[java.lang.StackOverflowError
at com.qa.anc.page.LoginPage.getLoginPageTitle(LoginPage.java:30)
at com.qa.anc.page.LoginPage.getLoginPageTitle(LoginPage.java:30)
at com.qa.anc.page.LoginPage.getLoginPageTitle(LoginPage.java:30)
at com.qa.anc.page.LoginPage.getLoginPageTitle(LoginPage.java:30)
at com.qa.anc.page.LoginPage.getLoginPageTitle(LoginPage.java:30)
at com.qa.anc.page.LoginPage.getLoginPageTitle(LoginPage.java:30)
at com.qa.anc.page.LoginPage.getLoginPageTitle(LoginPage.java:30)
at com.qa.anc.page.LoginPage.getLoginPageTitle(LoginPage.java:30)
at com.qa.anc.page.LoginPage.getLoginPageTitle(LoginPage.java:30)
at com.qa.anc.page.LoginPage.getLoginPageTitle(LoginPage.java:30)
at com.qa.anc.page.LoginPage.getLoginPageTitle(LoginPage.java:30)
at com.qa.anc.page.LoginPage.getLoginPageTitle(LoginPage.java:30)
at com.qa.anc.page.LoginPage.getLoginPageTitle(LoginPage.java:30)
at com.qa.anc.page.LoginPage.getLoginPageTitle(LoginPage.java:30)
at com.qa.anc.page.LoginPage.getLoginPageTitle(LoginPage.java:30)
at com.qa.anc.page.LoginPage.getLoginPageTitle(LoginPage.java:30)
at com.qa.anc.page.LoginPage.getLoginPageTitle(LoginPage.java:30)
at com.qa.anc.page.LoginPage.getLoginPageTitle(LoginPage.java:30)
at com.qa.anc.page.LoginPage.getLoginPageTitle(LoginPage.java:30)
at com.qa.anc.page.LoginPage.getLoginPageTitle(LoginPage.java:30)
at com.qa.anc.page.LoginPage.getLoginPageTitle(LoginPage.java:30)
at com.qa.anc.page.LoginPage.getLoginPageTitle(LoginPage.java:30)
at com.qa.anc.page.LoginPage.getLoginPageTitle(LoginPage.java:30)
at com.qa.anc.page.LoginPage.getLoginPageTitle(LoginPage.java:30)
at com.qa.anc.page.LoginPage.getLoginPageTitle(LoginPage.java:30)
at com.qa.anc.page.LoginPage.getLoginPageTitle(LoginPage.java:30)
at com.qa.anc.page.LoginPage.getLoginPageTitle(LoginPage.java:30)
at com.qa.anc.page.LoginPage.getLoginPageTitle(LoginPage.java:30)
at com.qa.anc.page.LoginPage.getLoginPageTitle(LoginPage.java:30)
at com.qa.anc.page.LoginPage.getLoginPageTitle(LoginPage.java:30)
at com.qa.anc.page.LoginPage.getLoginPageTitle(LoginPage.java:30)
at com.qa.anc.page.LoginPage.getLoginPageTitle(LoginPage.java:30)
at com.qa.anc.page.LoginPage.getLoginPageTitle(LoginPage.java:30)
at com.qa.anc.page.LoginPage.getLoginPageTitle(LoginPage.java:30)
at com.qa.anc.page.LoginPage.getLoginPageTitle(LoginPage.java:30)
at com.qa.anc.page.LoginPage.getLoginPageTitle(LoginPage.java:30)
at com.qa.anc.page.LoginPage.getLoginPageTitle(LoginPage.java:30)
at com.qa.anc.page.LoginPage.getLoginPageTitle(LoginPage.java:30)
at com.qa.anc.page.LoginPage.getLoginPageTitle(LoginPage.java:30)
at com.qa.anc.page.LoginPage.getLoginPageTitle(LoginPage.java:30)
at com.qa.anc.page.LoginPage.getLoginPageTitle(LoginPage.java:30)
at com.qa.anc.page.LoginPage.getLoginPageTitle(LoginPage.java:30)
at com.qa.anc.page.LoginPage.getLoginPageTitle(LoginPage.java:30)
at com.qa.anc.page.LoginPage.getLoginPageTitle(LoginPage.java:30)
at com.qa.anc.page.LoginPage.getLoginPageTitle(LoginPage.java:30)
at com.qa.anc.page.LoginPage.getLoginPageTitle(LoginPage.java:30)
at com.qa.anc.page.LoginPage.getLoginPageTitle(LoginPage.java:30)
at com.qa.anc.page.LoginPage.getLoginPageTitle(LoginPage.java:30)
at com.qa.anc.page.LoginPage.getLoginPageTitle(LoginPage.java:30)
at com.qa.anc.page.LoginPage.getLoginPageTitle(LoginPage.java:30)
at com.qa.anc.page.LoginPage.getLoginPageTitle(LoginPage.java:30)
at com.qa.anc.page.LoginPage.getLoginPageTitle(LoginPage.java:30)
at com.qa.anc.page.LoginPage.getLoginPageTitle(LoginPage.java:30)
at com.qa.anc.page.LoginPage.getLoginPageTitle(LoginPage.java:30)
at com.qa.anc.page.LoginPage.getLoginPageTitle(LoginPage.java:30)
at com.qa.anc.page.LoginPage.getLoginPageTitle(LoginPage.java:30)
at com.qa.anc.page.LoginPage.getLoginPageTitle(LoginPage.java:30)
at com.qa.anc.page.LoginPage.getLoginPageTitle(LoginPage.java:30)
at com.qa.anc.page.LoginPage.getLoginPageTitle(LoginPage.java:30)
at com.qa.anc.page.LoginPage.getLoginPageTitle(LoginPage.java:30)
at com.qa.anc.page.LoginPage.getLoginPageTitle(LoginPage.java:30)
at com.qa.anc.page.LoginPage.getLoginPageTitle(LoginPage.java:30)
at com.qa.anc.page.LoginPage.getLoginPageTitle(LoginPage.java:30)
at com.qa.anc.page.LoginPage.getLoginPageTitle(LoginPage.java:30)
at com.qa.anc.page.LoginPage.getLoginPageTitle(LoginPage.java:30)
at com.qa.anc.page.LoginPage.getLoginPageTitle(LoginPage.java:30)
at com.qa.anc.page.LoginPage.getLoginPageTitle(LoginPage.java:30)
at com.qa.anc.page.LoginPage.getLoginPageTitle(LoginPage.java:30)
at com.qa.anc.page.LoginPage.getLoginPageTitle(LoginPage.java:30)
at com.qa.anc.page.LoginPage.getLoginPageTitle(LoginPage.java:30)
at com.qa.anc.page.LoginPage.getLoginPageTitle(LoginPage.java:30)
at com.qa.anc.page.LoginPage.getLoginPageTitle(LoginPage.java:30)
at com.qa.anc.page.LoginPage.getLoginPageTitle(LoginPage.java:30)
at com.qa.anc.page.LoginPage.getLoginPageTitle(LoginPage.java:30)
at com.qa.anc.page.LoginPage.getLoginPageTitle(LoginPage.java:30)
at com.qa.anc.page.LoginPage.getLoginPageTitle(LoginPage.java:30)
at com.qa.anc.page.LoginPage.getLoginPageTitle(LoginPage.java:30)
at com.qa.anc.page.LoginPage.getLoginPageTitle(LoginPage.java:30)
at com.qa.anc.page.LoginPage.getLoginPageTitle(LoginPage.java:30)
at com.qa.anc.page.LoginPage.getLoginPageTitle(LoginPage.java:30)
at com.qa.anc.page.LoginPage.getLoginPageTitle(LoginPage.java:30)
at com.qa.anc.page.LoginPage.getLoginPageTitle(LoginPage.java:30)
at com.qa.anc.page.LoginPage.getLoginPageTitle(LoginPage.java:30)
at com.qa.anc.page.LoginPage.getLoginPageTitle(LoginPage.java:30)
at com.qa.anc.page.LoginPage.getLoginPageTitle(LoginPage.java:30)
at com.qa.anc.page.LoginPage.getLoginPageTitle(LoginPage.java:30)
at com.qa.anc.page.LoginPage.getLoginPageTitle(LoginPage.java:30)
at com.qa.anc.page.LoginPage.getLoginPageTitle(LoginPage.java:30)
at com.qa.anc.page.LoginPage.getLoginPageTitle(LoginPage.java:30)
at com.qa.anc.page.LoginPage.getLoginPageTitle(LoginPage.java:30)
at com.qa.anc.page.LoginPage.getLoginPageTitle(LoginPage.java:30)
at com.qa.anc.page.LoginPage.getLoginPageTitle(LoginPage.java:30)
at com.qa.anc.page.LoginPage.getLoginPageTitle(LoginPage.java:30)
at com.qa.anc.page.LoginPage.getLoginPageTitle(LoginPage.java:30)
at com.qa.anc.page.LoginPage.getLoginPageTitle(LoginPage.java:30)
at com.qa.anc.page.LoginPage.getLoginPageTitle(LoginPage.java:30)
at com.qa.anc.page.LoginPage.getLoginPageTitle(LoginPage.java:30)
at com.qa.anc.page.LoginPage.getLoginPageTitle(LoginPage.java:30)
at com.qa.anc.page.LoginPage.getLoginPageTitle(LoginPage.java:30)
at com.qa.anc.page.LoginPage.getLoginPageTitle(LoginPage.java:30)
at com.qa.anc.page.LoginPage.getLoginPageTitle(LoginPage.java:30)
at com.qa.anc.page.LoginPage.getLoginPageTitle(LoginPage.java:30)
at com.qa.anc.page.LoginPage.getLoginPageTitle(LoginPage.java:30)
at com.qa.anc.page.LoginPage.getLoginPageTitle(LoginPage.java:30)
at com.qa.anc.page.LoginPage.getLoginPageTitle(LoginPage.java:30)
at com.qa.anc.page.LoginPage.getLoginPageTitle(LoginPage.java:30)
at com.qa.anc.page.LoginPage.getLoginPageTitle(LoginPage.java:30)
at com.qa.anc.page.LoginPage.getLoginPageTitle(LoginPage.java:30)
at com.qa.anc.page.LoginPage.getLoginPageTitle(LoginPage.java:30)
at com.qa.anc.page.LoginPage.getLoginPageTitle(LoginPage.java:30)
at com.qa.anc.page.LoginPage.getLoginPageTitle(LoginPage.java:30)
at com.qa.anc.page.LoginPage.getLoginPageTitle(LoginPage.java:30)
at com.qa.anc.page.LoginPage.getLoginPageTitle(LoginPage.java:30)
at com.qa.anc.page.LoginPage.getLoginPageTitle(LoginPage.java:30)
at com.qa.anc.page.LoginPage.getLoginPageTitle(LoginPage.java:30)
at com.qa.anc.page.LoginPage.getLoginPageTitle(LoginPage.java:30)
at com.qa.anc.page.LoginPage.getLoginPageTitle(LoginPage.java:30)
at com.qa.anc.page.LoginPage.getLoginPageTitle(LoginPage.java:30)
at com.qa.anc.page.LoginPage.getLoginPageTitle(LoginPage.java:30)
at com.qa.anc.page.LoginPage.getLoginPageTitle(LoginPage.java:30)
at com.qa.anc.page.LoginPage.getLoginPageTitle(LoginPage.java:30)
at com.qa.anc.page.LoginPage.getLoginPageTitle(LoginPage.java:30)
at com.qa.anc.page.LoginPage.getLoginPageTitle(LoginPage.java:30)
at com.qa.anc.page.LoginPage.getLoginPageTitle(LoginPage.java:30)
at com.qa.anc.page.LoginPage.getLoginPageTitle(LoginPage.java:30)
at com.qa.anc.page.LoginPage.getLoginPageTitle(LoginPage.java:30)
at com.qa.anc.page.LoginPage.getLoginPageTitle(LoginPage.java:30)
at com.qa.anc.page.LoginPage.getLoginPageTitle(LoginPage.java:30)
at com.qa.anc.page.LoginPage.getLoginPageTitle(LoginPage.java:30)
at com.qa.anc.page.LoginPage.getLoginPageTitle(LoginPage.java:30)
at com.qa.anc.page.LoginPage.getLoginPageTitle(LoginPage.java:30)
at com.qa.anc.page.LoginPage.getLoginPageTitle(LoginPage.java:30)
at com.qa.anc.page.LoginPage.getLoginPageTitle(LoginPage.java:30)
at com.qa.anc.page.LoginPage.getLoginPageTitle(LoginPage.java:30)
at com.qa.anc.page.LoginPage.getLoginPageTitle(LoginPage.java:30)
at com.qa.anc.page.LoginPage.getLoginPageTitle(LoginPage.java:30)
at com.qa.anc.page.LoginPage.getLoginPageTitle(LoginPage.java:30)
at com.qa.anc.page.LoginPage.getLoginPageTitle(LoginPage.java:30)
at com.qa.anc.page.LoginPage.getLoginPageTitle(LoginPage.java:30)
at com.qa.anc.page.LoginPage.getLoginPageTitle(LoginPage.java:30)
at com.qa.anc.page.LoginPage.getLoginPageTitle(LoginPage.java:30)
at com.qa.anc.page.LoginPage.getLoginPageTitle(LoginPage.java:30)
at com.qa.anc.page.LoginPage.getLoginPageTitle(LoginPage.java:30)
at com.qa.anc.page.LoginPage.getLoginPageTitle(LoginPage.java:30)
at com.qa.anc.page.LoginPage.getLoginPageTitle(LoginPage.java:30)
at com.qa.anc.page.LoginPage.getLoginPageTitle(LoginPage.java:30)
at com.qa.anc.page.LoginPage.getLoginPageTitle(LoginPage.java:30)
at com.qa.anc.page.LoginPage.getLoginPageTitle(LoginPage.java:30)
at com.qa.anc.page.LoginPage.getLoginPageTitle(LoginPage.java:30)
at com.qa.anc.page.LoginPage.getLoginPageTitle(LoginPage.java:30)
at com.qa.anc.page.LoginPage.getLoginPageTitle(LoginPage.java:30)
at com.qa.anc.page.LoginPage.getLoginPageTitle(LoginPage.java:30)
at com.qa.anc.page.LoginPage.getLoginPageTitle(LoginPage.java:30)
at com.qa.anc.page.LoginPage.getLoginPageTitle(LoginPage.java:30)
at com.qa.anc.page.LoginPage.getLoginPageTitle(LoginPage.java:30)
at com.qa.anc.page.LoginPage.getLoginPageTitle(LoginPage.java:30)
at com.qa.anc.page.LoginPage.getLoginPageTitle(LoginPage.java:30)
at com.qa.anc.page.LoginPage.getLoginPageTitle(LoginPage.java:30)
at com.qa.anc.page.LoginPage.getLoginPageTitle(LoginPage.java:30)
at com.qa.anc.page.LoginPage.getLoginPageTitle(LoginPage.java:30)
at com.qa.anc.page.LoginPage.getLoginPageTitle(LoginPage.java:30)
at com.qa.anc.page.LoginPage.getLoginPageTitle(LoginPage.java:30)
at com.qa.anc.page.LoginPage.getLoginPageTitle(LoginPage.java:30)
at com.qa.anc.page.LoginPage.getLoginPageTitle(LoginPage.java:30)
at com.qa.anc.page.LoginPage.getLoginPageTitle(LoginPage.java:30)
at com.qa.anc.page.LoginPage.getLoginPageTitle(LoginPage.java:30)
at com.qa.anc.page.LoginPage.getLoginPageTitle(LoginPage.java:30)
at com.qa.anc.page.LoginPage.getLoginPageTitle(LoginPage.java:30)
at com.qa.anc.page.LoginPage.getLoginPageTitle(LoginPage.java:30)
at com.qa.anc.page.LoginPage.getLoginPageTitle(LoginPage.java:30)
at com.qa.anc.page.LoginPage.getLoginPageTitle(LoginPage.java:30)
at com.qa.anc.page.LoginPage.getLoginPageTitle(LoginPage.java:30)
at com.qa.anc.page.LoginPage.getLoginPageTitle(LoginPage.java:30)
at com.qa.anc.page.LoginPage.getLoginPageTitle(LoginPage.java:30)
at com.qa.anc.page.LoginPage.getLoginPageTitle(LoginPage.java:30)
at com.qa.anc.page.LoginPage.getLoginPageTitle(LoginPage.java:30)
at com.qa.anc.page.LoginPage.getLoginPageTitle(LoginPage.java:30)
at com.qa.anc.page.LoginPage.getLoginPageTitle(LoginPage.java:30)
at com.qa.anc.page.LoginPage.getLoginPageTitle(LoginPage.java:30)
at com.qa.anc.page.LoginPage.getLoginPageTitle(LoginPage.java:30)
at com.qa.anc.page.LoginPage.getLoginPageTitle(LoginPage.java:30)
at com.qa.anc.page.LoginPage.getLoginPageTitle(LoginPage.java:30)
at com.qa.anc.page.LoginPage.getLoginPageTitle(LoginPage.java:30)
at com.qa.anc.page.LoginPage.getLoginPageTitle(LoginPage.java:30)
at com.qa.anc.page.LoginPage.getLoginPageTitle(LoginPage.java:30)
at com.qa.anc.page.LoginPage.getLoginPageTitle(LoginPage.java:30)
at com.qa.anc.page.LoginPage.getLoginPageTitle(LoginPage.java:30)
at com.qa.anc.page.LoginPage.getLoginPageTitle(LoginPage.java:30)
at com.qa.anc.page.LoginPage.getLoginPageTitle(LoginPage.java:30)
at com.qa.anc.page.LoginPage.getLoginPageTitle(LoginPage.java:30)
at com.qa.anc.page.LoginPage.getLoginPageTitle(LoginPage.java:30)
at com.qa.anc.page.LoginPage.getLoginPageTitle(LoginPage.java:30)
at com.qa.anc.page.LoginPage.getLoginPageTitle(LoginPage.java:30)
at com.qa.anc.page.LoginPage.getLoginPageTitle(LoginPage.java:30)
at com.qa.anc.page.LoginPage.getLoginPageTitle(LoginPage.java:30)
at com.qa.anc.page.LoginPage.getLoginPageTitle(LoginPage.java:30)
at com.qa.anc.page.LoginPage.getLoginPageTitle(LoginPage.java:30)
at com.qa.anc.page.LoginPage.getLoginPageTitle(LoginPage.java:30)
at com.qa.anc.page.LoginPage.getLoginPageTitle(LoginPage.java:30)
at com.qa.anc.page.LoginPage.getLoginPageTitle(LoginPage.java:30)
at com.qa.anc.page.LoginPage.getLoginPageTitle(LoginPage.java:30)
at com.qa.anc.page.LoginPage.getLoginPageTitle(LoginPage.java:30)
at com.qa.anc.page.LoginPage.getLoginPageTitle(LoginPage.java:30)
at com.qa.anc.page.LoginPage.getLoginPageTitle(LoginPage.java:30)
at com.qa.anc.page.LoginPage.getLoginPageTitle(LoginPage.java:30)
at com.qa.anc.page.LoginPage.getLoginPageTitle(LoginPage.java:30)
at com.qa.anc.page.LoginPage.getLoginPageTitle(LoginPage.java:30)
at com.qa.anc.page.LoginPage.getLoginPageTitle(LoginPage.java:30)
at com.qa.anc.page.LoginPage.getLoginPageTitle(LoginPage.java:30)
at com.qa.anc.page.LoginPage.getLoginPageTitle(LoginPage.java:30)
at com.qa.anc.page.LoginPage.getLoginPageTitle(LoginPage.java:30)
at com.qa.anc.page.LoginPage.getLoginPageTitle(LoginPage.java:30)
at com.qa.anc.page.LoginPage.getLoginPageTitle(LoginPage.java:30)
at com.qa.anc.page.LoginPage.getLoginPageTitle(LoginPage.java:30)
at com.qa.anc.page.LoginPage.getLoginPageTitle(LoginPage.java:30)
at com.qa.anc.page.LoginPage.getLoginPageTitle(LoginPage.java:30)
at com.qa.anc.page.LoginPage.getLoginPageTitle(LoginPage.java:30)
at com.qa.anc.page.LoginPage.getLoginPageTitle(LoginPage.java:30)
at com.qa.anc.page.LoginPage.getLoginPageTitle(LoginPage.java:30)
at com.qa.anc.page.LoginPage.getLoginPageTitle(LoginPage.java:30)
at com.qa.anc.page.LoginPage.getLoginPageTitle(LoginPage.java:30)
at com.qa.anc.page.LoginPage.getLoginPageTitle(LoginPage.java:30)
at com.qa.anc.page.LoginPage.getLoginPageTitle(LoginPage.java:30)
at com.qa.anc.page.LoginPage.getLoginPageTitle(LoginPage.java:30)
at com.qa.anc.page.LoginPage.getLoginPageTitle(LoginPage.java:30)
at com.qa.anc.page.LoginPage.getLoginPageTitle(LoginPage.java:30)
at com.qa.anc.page.LoginPage.getLoginPageTitle(LoginPage.java:30)
at com.qa.anc.page.LoginPage.getLoginPageTitle(LoginPage.java:30)
at com.qa.anc.page.LoginPage.getLoginPageTitle(LoginPage.java:30)
at com.qa.anc.page.LoginPage.getLoginPageTitle(LoginPage.java:30)
at com.qa.anc.page.LoginPage.getLoginPageTitle(LoginPage.java:30)
at com.qa.anc.page.LoginPage.getLoginPageTitle(LoginPage.java:30)
at com.qa.anc.page.LoginPage.getLoginPageTitle(LoginPage.java:30)
at com.qa.anc.page.LoginPage.getLoginPageTitle(LoginPage.java:30)
at com.qa.anc.page.LoginPage.getLoginPageTitle(LoginPage.java:30)
at com.qa.anc.page.LoginPage.getLoginPageTitle(LoginPage.java:30)
at com.qa.anc.page.LoginPage.getLoginPageTitle(LoginPage.java:30)
at com.qa.anc.page.LoginPage.getLoginPageTitle(LoginPage.java:30)
at com.qa.anc.page.LoginPage.getLoginPageTitle(LoginPage.java:30)
at com.qa.anc.page.LoginPage.getLoginPageTitle(LoginPage.java:30)
at com.qa.anc.page.LoginPage.getLoginPageTitle(LoginPage.java:30)
at com.qa.anc.page.LoginPage.getLoginPageTitle(LoginPage.java:30)
at com.qa.anc.page.LoginPage.getLoginPageTitle(LoginPage.java:30)
at com.qa.anc.page.LoginPage.getLoginPageTitle(LoginPage.java:30)
at com.qa.anc.page.LoginPage.getLoginPageTitle(LoginPage.java:30)
at com.qa.anc.page.LoginPage.getLoginPageTitle(LoginPage.java:30)
at com.qa.anc.page.LoginPage.getLoginPageTitle(LoginPage.java:30)
at com.qa.anc.page.LoginPage.getLoginPageTitle(LoginPage.java:30)
at com.qa.anc.page.LoginPage.getLoginPageTitle(LoginPage.java:30)
at com.qa.anc.page.LoginPage.getLoginPageTitle(LoginPage.java:30)
at com.qa.anc.page.LoginPage.getLoginPageTitle(LoginPage.java:30)
at com.qa.anc.page.LoginPage.getLoginPageTitle(LoginPage.java:30)
at com.qa.anc.page.LoginPage.getLoginPageTitle(LoginPage.java:30)
at com.qa.anc.page.LoginPage.getLoginPageTitle(LoginPage.java:30)
at com.qa.anc.page.LoginPage.getLoginPageTitle(LoginPage.java:30)
at com.qa.anc.page.LoginPage.getLoginPageTitle(LoginPage.java:30)
at com.qa.anc.page.LoginPage.getLoginPageTitle(LoginPage.java:30)
at com.qa.anc.page.LoginPage.getLoginPageTitle(LoginPage.java:30)
at com.qa.anc.page.LoginPage.getLoginPageTitle(LoginPage.java:30)
at com.qa.anc.page.LoginPage.getLoginPageTitle(LoginPage.java:30)
at com.qa.anc.page.LoginPage.getLoginPageTitle(LoginPage.java:30)
at com.qa.anc.page.LoginPage.getLoginPageTitle(LoginPage.java:30)
at com.qa.anc.page.LoginPage.getLoginPageTitle(LoginPage.java:30)
at com.qa.anc.page.LoginPage.getLoginPageTitle(LoginPage.java:30)
at com.qa.anc.page.LoginPage.getLoginPageTitle(LoginPage.java:30)
at com.qa.anc.page.LoginPage.getLoginPageTitle(LoginPage.java:30)
at com.qa.anc.page.LoginPage.getLoginPageTitle(LoginPage.java:30)
at com.qa.anc.page.LoginPage.getLoginPageTitle(LoginPage.java:30)
at com.qa.anc.page.LoginPage.getLoginPageTitle(LoginPage.java:30)
at com.qa.anc.page.LoginPage.getLoginPageTitle(LoginPage.java:30)
at com.qa.anc.page.LoginPage.getLoginPageTitle(LoginPage.java:30)
at com.qa.anc.page.LoginPage.getLoginPageTitle(LoginPage.java:30)
at com.qa.anc.page.LoginPage.getLoginPageTitle(LoginPage.java:30)
at com.qa.anc.page.LoginPage.getLoginPageTitle(LoginPage.java:30)
at com.qa.anc.page.LoginPage.getLoginPageTitle(LoginPage.java:30)
at com.qa.anc.page.LoginPage.getLoginPageTitle(LoginPage.java:30)
at com.qa.anc.page.LoginPage.getLoginPageTitle(LoginPage.java:30)
at com.qa.anc.page.LoginPage.getLoginPageTitle(LoginPage.java:30)
at com.qa.anc.page.LoginPage.getLoginPageTitle(LoginPage.java:30)
at com.qa.anc.page.LoginPage.getLoginPageTitle(LoginPage.java:30)
at com.qa.anc.page.LoginPage.getLoginPageTitle(LoginPage.java:30)
at com.qa.anc.page.LoginPage.getLoginPageTitle(LoginPage.java:30)
at com.qa.anc.page.LoginPage.getLoginPageTitle(LoginPage.java:30)
at com.qa.anc.page.LoginPage.getLoginPageTitle(LoginPage.java:30)
at com.qa.anc.page.LoginPage.getLoginPageTitle(LoginPage.java:30)
at com.qa.anc.page.LoginPage.getLoginPageTitle(LoginPage.java:30)
at com.qa.anc.page.LoginPage.getLoginPageTitle(LoginPage.java:30)
at com.qa.anc.page.LoginPage.getLoginPageTitle(LoginPage.java:30)
at com.qa.anc.page.LoginPage.getLoginPageTitle(LoginPage.java:30)
at com.qa.anc.page.LoginPage.getLoginPageTitle(LoginPage.java:30)
at com.qa.anc.page.LoginPage.getLoginPageTitle(LoginPage.java:30)
at com.qa.anc.page.LoginPage.getLoginPageTitle(LoginPage.java:30)
at com.qa.anc.page.LoginPage.getLoginPageTitle(LoginPage.java:30)
at com.qa.anc.page.LoginPage.getLoginPageTitle(LoginPage.java:30)
at com.qa.anc.page.LoginPage.getLoginPageTitle(LoginPage.java:30)
at com.qa.anc.page.LoginPage.getLoginPageTitle(LoginPage.java:30)
at com.qa.anc.page.LoginPage.getLoginPageTitle(LoginPage.java:30)
at com.qa.anc.page.LoginPage.getLoginPageTitle(LoginPage.java:30)
at com.qa.anc.page.LoginPage.getLoginPageTitle(LoginPage.java:30)
at com.qa.anc.page.LoginPage.getLoginPageTitle(LoginPage.java:30)
at com.qa.anc.page.LoginPage.getLoginPageTitle(LoginPage.java:30)
at com.qa.anc.page.LoginPage.getLoginPageTitle(LoginPage.java:30)
at com.qa.anc.page.LoginPage.getLoginPageTitle(LoginPage.java:30)
at com.qa.anc.page.LoginPage.getLoginPageTitle(LoginPage.java:30)
at com.qa.anc.page.LoginPage.getLoginPageTitle(LoginPage.java:30)
at com.qa.anc.page.LoginPage.getLoginPageTitle(LoginPage.java:30)
at com.qa.anc.page.LoginPage.getLoginPageTitle(LoginPage.java:30)
at com.qa.anc.page.LoginPage.getLoginPageTitle(LoginPage.java:30)
at com.qa.anc.page.LoginPage.getLoginPageTitle(LoginPage.java:30)
at com.qa.anc.page.LoginPage.getLoginPageTitle(LoginPage.java:30)
at com.qa.anc.page.LoginPage.getLoginPageTitle(LoginPage.java:30)
at com.qa.anc.page.LoginPage.getLoginPageTitle(LoginPage.java:30)
at com.qa.anc.page.LoginPage.getLoginPageTitle(LoginPage.java:30)
at com.qa.anc.page.LoginPage.getLoginPageTitle(LoginPage.java:30)
at com.qa.anc.page.LoginPage.getLoginPageTitle(LoginPage.java:30)
at com.qa.anc.page.LoginPage.getLoginPageTitle(LoginPage.java:30)
at com.qa.anc.page.LoginPage.getLoginPageTitle(LoginPage.java:30)
at com.qa.anc.page.LoginPage.getLoginPageTitle(LoginPage.java:30)
at com.qa.anc.page.LoginPage.getLoginPageTitle(LoginPage.java:30)
at com.qa.anc.page.LoginPage.getLoginPageTitle(LoginPage.java:30)
at com.qa.anc.page.LoginPage.getLoginPageTitle(LoginPage.java:30)
at com.qa.anc.page.LoginPage.getLoginPageTitle(LoginPage.java:30)
at com.qa.anc.page.LoginPage.getLoginPageTitle(LoginPage.java:30)
at com.qa.anc.page.LoginPage.getLoginPageTitle(LoginPage.java:30)
at com.qa.anc.page.LoginPage.getLoginPageTitle(LoginPage.java:30)
at com.qa.anc.page.LoginPage.getLoginPageTitle(LoginPage.java:30)
at com.qa.anc.page.LoginPage.getLoginPageTitle(LoginPage.java:30)
at com.qa.anc.page.LoginPage.getLoginPageTitle(LoginPage.java:30)
at com.qa.anc.page.LoginPage.getLoginPageTitle(LoginPage.java:30)
at com.qa.anc.page.LoginPage.getLoginPageTitle(LoginPage.java:30)
at com.qa.anc.page.LoginPage.getLoginPageTitle(LoginPage.java:30)
at com.qa.anc.page.LoginPage.getLoginPageTitle(LoginPage.java:30)
at com.qa.anc.page.LoginPage.getLoginPageTitle(LoginPage.java:30)
at com.qa.anc.page.LoginPage.getLoginPageTitle(LoginPage.java:30)
at com.qa.anc.page.LoginPage.getLoginPageTitle(LoginPage.java:30)
at com.qa.anc.page.LoginPage.getLoginPageTitle(LoginPage.java:30)
at com.qa.anc.page.LoginPage.getLoginPageTitle(LoginPage.java:30)
at com.qa.anc.page.LoginPage.getLoginPageTitle(LoginPage.java:30)
at com.qa.anc.page.LoginPage.getLoginPageTitle(LoginPage.java:30)
at com.qa.anc.page.LoginPage.getLoginPageTitle(LoginPage.java:30)
at com.qa.anc.page.LoginPage.getLoginPageTitle(LoginPage.java:30)
at com.qa.anc.page.LoginPage.getLoginPageTitle(LoginPage.java:30)
at com.qa.anc.page.LoginPage.getLoginPageTitle(LoginPage.java:30)
at com.qa.anc.page.LoginPage.getLoginPageTitle(LoginPage.java:30)
at com.qa.anc.page.LoginPage.getLoginPageTitle(LoginPage.java:30)
at com.qa.anc.page.LoginPage.getLoginPageTitle(LoginPage.java:30)
at com.qa.anc.page.LoginPage.getLoginPageTitle(LoginPage.java:30)
at com.qa.anc.page.LoginPage.getLoginPageTitle(LoginPage.java:30)
at com.qa.anc.page.LoginPage.getLoginPageTitle(LoginPage.java:30)
at com.qa.anc.page.LoginPage.getLoginPageTitle(LoginPage.java:30)
at com.qa.anc.page.LoginPage.getLoginPageTitle(LoginPage.java:30)
at com.qa.anc.page.LoginPage.getLoginPageTitle(LoginPage.java:30)
at com.qa.anc.page.LoginPage.getLoginPageTitle(LoginPage.java:30)
at com.qa.anc.page.LoginPage.getLoginPageTitle(LoginPage.java:30)
at com.qa.anc.page.LoginPage.getLoginPageTitle(LoginPage.java:30)
at com.qa.anc.page.LoginPage.getLoginPageTitle(LoginPage.java:30)
at com.qa.anc.page.LoginPage.getLoginPageTitle(LoginPage.java:30)
at com.qa.anc.page.LoginPage.getLoginPageTitle(LoginPage.java:30)
at com.qa.anc.page.LoginPage.getLoginPageTitle(LoginPage.java:30)
at com.qa.anc.page.LoginPage.getLoginPageTitle(LoginPage.java:30)
at com.qa.anc.page.LoginPage.getLoginPageTitle(LoginPage.java:30)
at com.qa.anc.page.LoginPage.getLoginPageTitle(LoginPage.java:30)
at com.qa.anc.page.LoginPage.getLoginPageTitle(LoginPage.java:30)
at com.qa.anc.page.LoginPage.getLoginPageTitle(LoginPage.java:30)
at com.qa.anc.page.LoginPage.getLoginPageTitle(LoginPage.java:30)
at com.qa.anc.page.LoginPage.getLoginPageTitle(LoginPage.java:30)
at com.qa.anc.page.LoginPage.getLoginPageTitle(LoginPage.java:30)
at com.qa.anc.page.LoginPage.getLoginPageTitle(LoginPage.java:30)
at com.qa.anc.page.LoginPage.getLoginPageTitle(LoginPage.java:30)
at com.qa.anc.page.LoginPage.getLoginPageTitle(LoginPage.java:30)
at com.qa.anc.page.LoginPage.getLoginPageTitle(LoginPage.java:30)
at com.qa.anc.page.LoginPage.getLoginPageTitle(LoginPage.java:30)
at com.qa.anc.page.LoginPage.getLoginPageTitle(LoginPage.java:30)
at com.qa.anc.page.LoginPage.getLoginPageTitle(LoginPage.java:30)
at com.qa.anc.page.LoginPage.getLoginPageTitle(LoginPage.java:30)
at com.qa.anc.page.LoginPage.getLoginPageTitle(LoginPage.java:30)
at com.qa.anc.page.LoginPage.getLoginPageTitle(LoginPage.java:30)
at com.qa.anc.page.LoginPage.getLoginPageTitle(LoginPage.java:30)
at com.qa.anc.page.LoginPage.getLoginPageTitle(LoginPage.java:30)
at com.qa.anc.page.LoginPage.getLoginPageTitle(LoginPage.java:30)
at com.qa.anc.page.LoginPage.getLoginPageTitle(LoginPage.java:30)
at com.qa.anc.page.LoginPage.getLoginPageTitle(LoginPage.java:30)
at com.qa.anc.page.LoginPage.getLoginPageTitle(LoginPage.java:30)
at com.qa.anc.page.LoginPage.getLoginPageTitle(LoginPage.java:30)
at com.qa.anc.page.LoginPage.getLoginPageTitle(LoginPage.java:30)
at com.qa.anc.page.LoginPage.getLoginPageTitle(LoginPage.java:30)
at com.qa.anc.page.LoginPage.getLoginPageTitle(LoginPage.java:30)
at com.qa.anc.page.LoginPage.getLoginPageTitle(LoginPage.java:30)
at com.qa.anc.page.LoginPage.getLoginPageTitle(LoginPage.java:30)
at com.qa.anc.page.LoginPage.getLoginPageTitle(LoginPage.java:30)
at com.qa.anc.page.LoginPage.getLoginPageTitle(LoginPage.java:30)
at com.qa.anc.page.LoginPage.getLoginPageTitle(LoginPage.java:30)
at com.qa.anc.page.LoginPage.getLoginPageTitle(LoginPage.java:30)
at com.qa.anc.page.LoginPage.getLoginPageTitle(LoginPage.java:30)
at com.qa.anc.page.LoginPage.getLoginPageTitle(LoginPage.java:30)
at com.qa.anc.page.LoginPage.getLoginPageTitle(LoginPage.java:30)
at com.qa.anc.page.LoginPage.getLoginPageTitle(LoginPage.java:30)
at com.qa.anc.page.LoginPage.getLoginPageTitle(LoginPage.java:30)
at com.qa.anc.page.LoginPage.getLoginPageTitle(LoginPage.java:30)
at com.qa.anc.page.LoginPage.getLoginPageTitle(LoginPage.java:30)
at com.qa.anc.page.LoginPage.getLoginPageTitle(LoginPage.java:30)
at com.qa.anc.page.LoginPage.getLoginPageTitle(LoginPage.java:30)
at com.qa.anc.page.LoginPage.getLoginPageTitle(LoginPage.java:30)
at com.qa.anc.page.LoginPage.getLoginPageTitle(LoginPage.java:30)
at com.qa.anc.page.LoginPage.getLoginPageTitle(LoginPage.java:30)
at com.qa.anc.page.LoginPage.getLoginPageTitle(LoginPage.java:30)
at com.qa.anc.page.LoginPage.getLoginPageTitle(LoginPage.java:30)
at com.qa.anc.page.LoginPage.getLoginPageTitle(LoginPage.java:30)
at com.qa.anc.page.LoginPage.getLoginPageTitle(LoginPage.java:30)
at com.qa.anc.page.LoginPage.getLoginPageTitle(LoginPage.java:30)
at com.qa.anc.page.LoginPage.getLoginPageTitle(LoginPage.java:30)
at com.qa.anc.page.LoginPage.getLoginPageTitle(LoginPage.java:30)
at com.qa.anc.page.LoginPage.getLoginPageTitle(LoginPage.java:30)
at com.qa.anc.page.LoginPage.getLoginPageTitle(LoginPage.java:30)
at com.qa.anc.page.LoginPage.getLoginPageTitle(LoginPage.java:30)
at com.qa.anc.page.LoginPage.getLoginPageTitle(LoginPage.java:30)
at com.qa.anc.page.LoginPage.getLoginPageTitle(LoginPage.java:30)
at com.qa.anc.page.LoginPage.getLoginPageTitle(LoginPage.java:30)
at com.qa.anc.page.LoginPage.getLoginPageTitle(LoginPage.java:30)
at com.qa.anc.page.LoginPage.getLoginPageTitle(LoginPage.java:30)
at com.qa.anc.page.LoginPage.getLoginPageTitle(LoginPage.java:30)
at com.qa.anc.page.LoginPage.getLoginPageTitle(LoginPage.java:30)
at com.qa.anc.page.LoginPage.getLoginPageTitle(LoginPage.java:30)
at com.qa.anc.page.LoginPage.getLoginPageTitle(LoginPage.java:30)
at com.qa.anc.page.LoginPage.getLoginPageTitle(LoginPage.java:30)
at com.qa.anc.page.LoginPage.getLoginPageTitle(LoginPage.java:30)
at com.qa.anc.page.LoginPage.getLoginPageTitle(LoginPage.java:30)
at com.qa.anc.page.LoginPage.getLoginPageTitle(LoginPage.java:30)
at com.qa.anc.page.LoginPage.getLoginPageTitle(LoginPage.java:30)
at com.qa.anc.page.LoginPage.getLoginPageTitle(LoginPage.java:30)
at com.qa.anc.page.LoginPage.getLoginPageTitle(LoginPage.java:30)
at com.qa.anc.page.LoginPage.getLoginPageTitle(LoginPage.java:30)
at com.qa.anc.page.LoginPage.getLoginPageTitle(LoginPage.java:30)
at com.qa.anc.page.LoginPage.getLoginPageTitle(LoginPage.java:30)
at com.qa.anc.page.LoginPage.getLoginPageTitle(LoginPage.java:30)
at com.qa.anc.page.LoginPage.getLoginPageTitle(LoginPage.java:30)
at com.qa.anc.page.LoginPage.getLoginPageTitle(LoginPage.java:30)
at com.qa.anc.page.LoginPage.getLoginPageTitle(LoginPage.java:30)
at com.qa.anc.page.LoginPage.getLoginPageTitle(LoginPage.java:30)
at com.qa.anc.page.LoginPage.getLoginPageTitle(LoginPage.java:30)
at com.qa.anc.page.LoginPage.getLoginPageTitle(LoginPage.java:30)
at com.qa.anc.page.LoginPage.getLoginPageTitle(LoginPage.java:30)
at com.qa.anc.page.LoginPage.getLoginPageTitle(LoginPage.java:30)
at com.qa.anc.page.LoginPage.getLoginPageTitle(LoginPage.java:30)
at com.qa.anc.page.LoginPage.getLoginPageTitle(LoginPage.java:30)
at com.qa.anc.page.LoginPage.getLoginPageTitle(LoginPage.java:30)
at com.qa.anc.page.LoginPage.getLoginPageTitle(LoginPage.java:30)
at com.qa.anc.page.LoginPage.getLoginPageTitle(LoginPage.java:30)
at com.qa.anc.page.LoginPage.getLoginPageTitle(LoginPage.java:30)
at com.qa.anc.page.LoginPage.getLoginPageTitle(LoginPage.java:30)
at com.qa.anc.page.LoginPage.getLoginPageTitle(LoginPage.java:30)
at com.qa.anc.page.LoginPage.getLoginPageTitle(LoginPage.java:30)
at com.qa.anc.page.LoginPage.getLoginPageTitle(LoginPage.java:30)
at com.qa.anc.page.LoginPage.getLoginPageTitle(LoginPage.java:30)
at com.qa.anc.page.LoginPage.getLoginPageTitle(LoginPage.java:30)
at com.qa.anc.page.LoginPage.getLoginPageTitle(LoginPage.java:30)
at com.qa.anc.page.LoginPage.getLoginPageTitle(LoginPage.java:30)
at com.qa.anc.page.LoginPage.getLoginPageTitle(LoginPage.java:30)
at com.qa.anc.page.LoginPage.getLoginPageTitle(LoginPage.java:30)
at com.qa.anc.page.LoginPage.getLoginPageTitle(LoginPage.java:30)
at com.qa.anc.page.LoginPage.getLoginPageTitle(LoginPage.java:30)
at com.qa.anc.page.LoginPage.getLoginPageTitle(LoginPage.java:30)
at com.qa.anc.page.LoginPage.getLoginPageTitle(LoginPage.java:30)
at com.qa.anc.page.LoginPage.getLoginPageTitle(LoginPage.java:30)
at com.qa.anc.page.LoginPage.getLoginPageTitle(LoginPage.java:30)
at com.qa.anc.page.LoginPage.getLoginPageTitle(LoginPage.java:30)
at com.qa.anc.page.LoginPage.getLoginPageTitle(LoginPage.java:30)
at com.qa.anc.page.LoginPage.getLoginPageTitle(LoginPage.java:30)
at com.qa.anc.page.LoginPage.getLoginPageTitle(LoginPage.java:30)
at com.qa.anc.page.LoginPage.getLoginPageTitle(LoginPage.java:30)
at com.qa.anc.page.LoginPage.getLoginPageTitle(LoginPage.java:30)
at com.qa.anc.page.LoginPage.getLoginPageTitle(LoginPage.java:30)
at com.qa.anc.page.LoginPage.getLoginPageTitle(LoginPage.java:30)
at com.qa.anc.page.LoginPage.getLoginPageTitle(LoginPage.java:30)
at com.qa.anc.page.LoginPage.getLoginPageTitle(LoginPage.java:30)
at com.qa.anc.page.LoginPage.getLoginPageTitle(LoginPage.java:30)
at com.qa.anc.page.LoginPage.getLoginPageTitle(LoginPage.java:30)
at com.qa.anc.page.LoginPage.getLoginPageTitle(LoginPage.java:30)
at com.qa.anc.page.LoginPage.getLoginPageTitle(LoginPage.java:30)
at com.qa.anc.page.LoginPage.getLoginPageTitle(LoginPage.java:30)
at com.qa.anc.page.LoginPage.getLoginPageTitle(LoginPage.java:30)
at com.qa.anc.page.LoginPage.getLoginPageTitle(LoginPage.java:30)
at com.qa.anc.page.LoginPage.getLoginPageTitle(LoginPage.java:30)
at com.qa.anc.page.LoginPage.getLoginPageTitle(LoginPage.java:30)
at com.qa.anc.page.LoginPage.getLoginPageTitle(LoginPage.java:30)
at com.qa.anc.page.LoginPage.getLoginPageTitle(LoginPage.java:30)
at com.qa.anc.page.LoginPage.getLoginPageTitle(LoginPage.java:30)
at com.qa.anc.page.LoginPage.getLoginPageTitle(LoginPage.java:30)
at com.qa.anc.page.LoginPage.getLoginPageTitle(LoginPage.java:30)
at com.qa.anc.page.LoginPage.getLoginPageTitle(LoginPage.java:30)
at com.qa.anc.page.LoginPage.getLoginPageTitle(LoginPage.java:30)
at com.qa.anc.page.LoginPage.getLoginPageTitle(LoginPage.java:30)
at com.qa.anc.page.LoginPage.getLoginPageTitle(LoginPage.java:30)
at com.qa.anc.page.LoginPage.getLoginPageTitle(LoginPage.java:30)
at com.qa.anc.page.LoginPage.getLoginPageTitle(LoginPage.java:30)
at com.qa.anc.page.LoginPage.getLoginPageTitle(LoginPage.java:30)
at com.qa.anc.page.LoginPage.getLoginPageTitle(LoginPage.java:30)
at com.qa.anc.page.LoginPage.getLoginPageTitle(LoginPage.java:30)
at com.qa.anc.page.LoginPage.getLoginPageTitle(LoginPage.java:30)
at com.qa.anc.page.LoginPage.getLoginPageTitle(LoginPage.java:30)
at com.qa.anc.page.LoginPage.getLoginPageTitle(LoginPage.java:30)
at com.qa.anc.page.LoginPage.getLoginPageTitle(LoginPage.java:30)
at com.qa.anc.page.LoginPage.getLoginPageTitle(LoginPage.java:30)
at com.qa.anc.page.LoginPage.getLoginPageTitle(LoginPage.java:30)
at com.qa.anc.page.LoginPage.getLoginPageTitle(LoginPage.java:30)
at com.qa.anc.page.LoginPage.getLoginPageTitle(LoginPage.java:30)
at com.qa.anc.page.LoginPage.getLoginPageTitle(LoginPage.java:30)
at com.qa.anc.page.LoginPage.getLoginPageTitle(LoginPage.java:30)
at com.qa.anc.page.LoginPage.getLoginPageTitle(LoginPage.java:30)
at com.qa.anc.page.LoginPage.getLoginPageTitle(LoginPage.java:30)
at com.qa.anc.page.LoginPage.getLoginPageTitle(LoginPage.java:30)
at com.qa.anc.page.LoginPage.getLoginPageTitle(LoginPage.java:30)
at com.qa.anc.page.LoginPage.getLoginPageTitle(LoginPage.java:30)
at com.qa.anc.page.LoginPage.getLoginPageTitle(LoginPage.java:30)
at com.qa.anc.page.LoginPage.getLoginPageTitle(LoginPage.java:30)
at com.qa.anc.page.LoginPage.getLoginPageTitle(LoginPage.java:30)
at com.qa.anc.page.LoginPage.getLoginPageTitle(LoginPage.java:30)
at com.qa.anc.page.LoginPage.getLoginPageTitle(LoginPage.java:30)
at com.qa.anc.page.LoginPage.getLoginPageTitle(LoginPage.java:30)
at com.qa.anc.page.LoginPage.getLoginPageTitle(LoginPage.java:30)
at com.qa.anc.page.LoginPage.getLoginPageTitle(LoginPage.java:30)
at com.qa.anc.page.LoginPage.getLoginPageTitle(LoginPage.java:30)
at com.qa.anc.page.LoginPage.getLoginPageTitle(LoginPage.java:30)
at com.qa.anc.page.LoginPage.getLoginPageTitle(LoginPage.java:30)
at com.qa.anc.page.LoginPage.getLoginPageTitle(LoginPage.java:30)
at com.qa.anc.page.LoginPage.getLoginPageTitle(LoginPage.java:30)
at com.qa.anc.page.LoginPage.getLoginPageTitle(LoginPage.java:30)
at com.qa.anc.page.LoginPage.getLoginPageTitle(LoginPage.java:30)
at com.qa.anc.page.LoginPage.getLoginPageTitle(LoginPage.java:30)
at com.qa.anc.page.LoginPage.getLoginPageTitle(LoginPage.java:30)
at com.qa.anc.page.LoginPage.getLoginPageTitle(LoginPage.java:30)
at com.qa.anc.page.LoginPage.getLoginPageTitle(LoginPage.java:30)
at com.qa.anc.page.LoginPage.getLoginPageTitle(LoginPage.java:30)
at com.qa.anc.page.LoginPage.getLoginPageTitle(LoginPage.java:30)
at com.qa.anc.page.LoginPage.getLoginPageTitle(LoginPage.java:30)
at com.qa.anc.page.LoginPage.getLoginPageTitle(LoginPage.java:30)
at com.qa.anc.page.LoginPage.getLoginPageTitle(LoginPage.java:30)
at com.qa.anc.page.LoginPage.getLoginPageTitle(LoginPage.java:30)
at com.qa.anc.page.LoginPage.getLoginPageTitle(LoginPage.java:30)
at com.qa.anc.page.LoginPage.getLoginPageTitle(LoginPage.java:30)
at com.qa.anc.page.LoginPage.getLoginPageTitle(LoginPage.java:30)
at com.qa.anc.page.LoginPage.getLoginPageTitle(LoginPage.java:30)
at com.qa.anc.page.LoginPage.getLoginPageTitle(LoginPage.java:30)
at com.qa.anc.page.LoginPage.getLoginPageTitle(LoginPage.java:30)
at com.qa.anc.page.LoginPage.getLoginPageTitle(LoginPage.java:30)
at com.qa.anc.page.LoginPage.getLoginPageTitle(LoginPage.java:30)
at com.qa.anc.page.LoginPage.getLoginPageTitle(LoginPage.java:30)
at com.qa.anc.page.LoginPage.getLoginPageTitle(LoginPage.java:30)
at com.qa.anc.page.LoginPage.getLoginPageTitle(LoginPage.java:30)
at com.qa.anc.page.LoginPage.getLoginPageTitle(LoginPage.java:30)
at com.qa.anc.page.LoginPage.getLoginPageTitle(LoginPage.java:30)
at com.qa.anc.page.LoginPage.getLoginPageTitle(LoginPage.java:30)
at com.qa.anc.page.LoginPage.getLoginPageTitle(LoginPage.java:30)
at com.qa.anc.page.LoginPage.getLoginPageTitle(LoginPage.java:30)
at com.qa.anc.page.LoginPage.getLoginPageTitle(LoginPage.java:30)
at com.qa.anc.page.LoginPage.getLoginPageTitle(LoginPage.java:30)
at com.qa.anc.page.LoginPage.getLoginPageTitle(LoginPage.java:30)
at com.qa.anc.page.LoginPage.getLoginPageTitle(LoginPage.java:30)
at com.qa.anc.page.LoginPage.getLoginPageTitle(LoginPage.java:30)
at com.qa.anc.page.LoginPage.getLoginPageTitle(LoginPage.java:30)
at com.qa.anc.page.LoginPage.getLoginPageTitle(LoginPage.java:30)
at com.qa.anc.page.LoginPage.getLoginPageTitle(LoginPage.java:30)
at com.qa.anc.page.LoginPage.getLoginPageTitle(LoginPage.java:30)
at com.qa.anc.page.LoginPage.getLoginPageTitle(LoginPage.java:30)
at com.qa.anc.page.LoginPage.getLoginPageTitle(LoginPage.java:30)
at com.qa.anc.page.LoginPage.getLoginPageTitle(LoginPage.java:30)
at com.qa.anc.page.LoginPage.getLoginPageTitle(LoginPage.java:30)
at com.qa.anc.page.LoginPage.getLoginPageTitle(LoginPage.java:30)
at com.qa.anc.page.LoginPage.getLoginPageTitle(LoginPage.java:30)
at com.qa.anc.page.LoginPage.getLoginPageTitle(LoginPage.java:30)
at com.qa.anc.page.LoginPage.getLoginPageTitle(LoginPage.java:30)
at com.qa.anc.page.LoginPage.getLoginPageTitle(LoginPage.java:30)
at com.qa.anc.page.LoginPage.getLoginPageTitle(LoginPage.java:30)
at com.qa.anc.page.LoginPage.getLoginPageTitle(LoginPage.java:30)
at com.qa.anc.page.LoginPage.getLoginPageTitle(LoginPage.java:30)
at com.qa.anc.page.LoginPage.getLoginPageTitle(LoginPage.java:30)
at com.qa.anc.page.LoginPage.getLoginPageTitle(LoginPage.java:30)
at com.qa.anc.page.LoginPage.getLoginPageTitle(LoginPage.java:30)
at com.qa.anc.page.LoginPage.getLoginPageTitle(LoginPage.java:30)
at com.qa.anc.page.LoginPage.getLoginPageTitle(LoginPage.java:30)
at com.qa.anc.page.LoginPage.getLoginPageTitle(LoginPage.java:30)
at com.qa.anc.page.LoginPage.getLoginPageTitle(LoginPage.java:30)
at com.qa.anc.page.LoginPage.getLoginPageTitle(LoginPage.java:30)
at com.qa.anc.page.LoginPage.getLoginPageTitle(LoginPage.java:30)
at com.qa.anc.page.LoginPage.getLoginPageTitle(LoginPage.java:30)
at com.qa.anc.page.LoginPage.getLoginPageTitle(LoginPage.java:30)
at com.qa.anc.page.LoginPage.getLoginPageTitle(LoginPage.java:30)
at com.qa.anc.page.LoginPage.getLoginPageTitle(LoginPage.java:30)
at com.qa.anc.page.LoginPage.getLoginPageTitle(LoginPage.java:30)
at com.qa.anc.page.LoginPage.getLoginPageTitle(LoginPage.java:30)
at com.qa.anc.page.LoginPage.getLoginPageTitle(LoginPage.java:30)
at com.qa.anc.page.LoginPage.getLoginPageTitle(LoginPage.java:30)
at com.qa.anc.page.LoginPage.getLoginPageTitle(LoginPage.java:30)
at com.qa.anc.page.LoginPage.getLoginPageTitle(LoginPage.java:30)
at com.qa.anc.page.LoginPage.getLoginPageTitle(LoginPage.java:30)
at com.qa.anc.page.LoginPage.getLoginPageTitle(LoginPage.java:30)
at com.qa.anc.page.LoginPage.getLoginPageTitle(LoginPage.java:30)
at com.qa.anc.page.LoginPage.getLoginPageTitle(LoginPage.java:30)
at com.qa.anc.page.LoginPage.getLoginPageTitle(LoginPage.java:30)
at com.qa.anc.page.LoginPage.getLoginPageTitle(LoginPage.java:30)
at com.qa.anc.page.LoginPage.getLoginPageTitle(LoginPage.java:30)
at com.qa.anc.page.LoginPage.getLoginPageTitle(LoginPage.java:30)
at com.qa.anc.page.LoginPage.getLoginPageTitle(LoginPage.java:30)
at com.qa.anc.page.LoginPage.getLoginPageTitle(LoginPage.java:30)
at com.qa.anc.page.LoginPage.getLoginPageTitle(LoginPage.java:30)
at com.qa.anc.page.LoginPage.getLoginPageTitle(LoginPage.java:30)
at com.qa.anc.page.LoginPage.getLoginPageTitle(LoginPage.java:30)
at com.qa.anc.page.LoginPage.getLoginPageTitle(LoginPage.java:30)
at com.qa.anc.page.LoginPage.getLoginPageTitle(LoginPage.java:30)
at com.qa.anc.page.LoginPage.getLoginPageTitle(LoginPage.java:30)
at com.qa.anc.page.LoginPage.getLoginPageTitle(LoginPage.java:30)
at com.qa.anc.page.LoginPage.getLoginPageTitle(LoginPage.java:30)
at com.qa.anc.page.LoginPage.getLoginPageTitle(LoginPage.java:30)
at com.qa.anc.page.LoginPage.getLoginPageTitle(LoginPage.java:30)
at com.qa.anc.page.LoginPage.getLoginPageTitle(LoginPage.java:30)
at com.qa.anc.page.LoginPage.getLoginPageTitle(LoginPage.java:30)
at com.qa.anc.page.LoginPage.getLoginPageTitle(LoginPage.java:30)
at com.qa.anc.page.LoginPage.getLoginPageTitle(LoginPage.java:30)
at com.qa.anc.page.LoginPage.getLoginPageTitle(LoginPage.java:30)
at com.qa.anc.page.LoginPage.getLoginPageTitle(LoginPage.java:30)
at com.qa.anc.page.LoginPage.getLoginPageTitle(LoginPage.java:30)
at com.qa.anc.page.LoginPage.getLoginPageTitle(LoginPage.java:30)
at com.qa.anc.page.LoginPage.getLoginPageTitle(LoginPage.java:30)
at com.qa.anc.page.LoginPage.getLoginPageTitle(LoginPage.java:30)
at com.qa.anc.page.LoginPage.getLoginPageTitle(LoginPage.java:30)
at com.qa.anc.page.LoginPage.getLoginPageTitle(LoginPage.java:30)
at com.qa.anc.page.LoginPage.getLoginPageTitle(LoginPage.java:30)
at com.qa.anc.page.LoginPage.getLoginPageTitle(LoginPage.java:30)
at com.qa.anc.page.LoginPage.getLoginPageTitle(LoginPage.java:30)
at com.qa.anc.page.LoginPage.getLoginPageTitle(LoginPage.java:30)
at com.qa.anc.page.LoginPage.getLoginPageTitle(LoginPage.java:30)
at com.qa.anc.page.LoginPage.getLoginPageTitle(LoginPage.java:30)
at com.qa.anc.page.LoginPage.getLoginPageTitle(LoginPage.java:30)
at com.qa.anc.page.LoginPage.getLoginPageTitle(LoginPage.java:30)
at com.qa.anc.page.LoginPage.getLoginPageTitle(LoginPage.java:30)
at com.qa.anc.page.LoginPage.getLoginPageTitle(LoginPage.java:30)
at com.qa.anc.page.LoginPage.getLoginPageTitle(LoginPage.java:30)
at com.qa.anc.page.LoginPage.getLoginPageTitle(LoginPage.java:30)
at com.qa.anc.page.LoginPage.getLoginPageTitle(LoginPage.java:30)
at com.qa.anc.page.LoginPage.getLoginPageTitle(LoginPage.java:30)
at com.qa.anc.page.LoginPage.getLoginPageTitle(LoginPage.java:30)
at com.qa.anc.page.LoginPage.getLoginPageTitle(LoginPage.java:30)
at com.qa.anc.page.LoginPage.getLoginPageTitle(LoginPage.java:30)
at com.qa.anc.page.LoginPage.getLoginPageTitle(LoginPage.java:30)
at com.qa.anc.page.LoginPage.getLoginPageTitle(LoginPage.java:30)
at com.qa.anc.page.LoginPage.getLoginPageTitle(LoginPage.java:30)
at com.qa.anc.page.LoginPage.getLoginPageTitle(LoginPage.java:30)
at com.qa.anc.page.LoginPage.getLoginPageTitle(LoginPage.java:30)
at com.qa.anc.page.LoginPage.getLoginPageTitle(LoginPage.java:30)
at com.qa.anc.page.LoginPage.getLoginPageTitle(LoginPage.java:30)
at com.qa.anc.page.LoginPage.getLoginPageTitle(LoginPage.java:30)
at com.qa.anc.page.LoginPage.getLoginPageTitle(LoginPage.java:30)
at com.qa.anc.page.LoginPage.getLoginPageTitle(LoginPage.java:30)
at com.qa.anc.page.LoginPage.getLoginPageTitle(LoginPage.java:30)
at com.qa.anc.page.LoginPage.getLoginPageTitle(LoginPage.java:30)
at com.qa.anc.page.LoginPage.getLoginPageTitle(LoginPage.java:30)
at com.qa.anc.page.LoginPage.getLoginPageTitle(LoginPage.java:30)
at com.qa.anc.page.LoginPage.getLoginPageTitle(LoginPage.java:30)
at com.qa.anc.page.LoginPage.getLoginPageTitle(LoginPage.java:30)
at com.qa.anc.page.LoginPage.getLoginPageTitle(LoginPage.java:30)
at com.qa.anc.page.LoginPage.getLoginPageTitle(LoginPage.java:30)
at com.qa.anc.page.LoginPage.getLoginPageTitle(LoginPage.java:30)
at com.qa.anc.page.LoginPage.getLoginPageTitle(LoginPage.java:30)
at com.qa.anc.page.LoginPage.getLoginPageTitle(LoginPage.java:30)
at com.qa.anc.page.LoginPage.getLoginPageTitle(LoginPage.java:30)
at com.qa.anc.page.LoginPage.getLoginPageTitle(LoginPage.java:30)
at com.qa.anc.page.LoginPage.getLoginPageTitle(LoginPage.java:30)
at com.qa.anc.page.LoginPage.getLoginPageTitle(LoginPage.java:30)
at com.qa.anc.page.LoginPage.getLoginPageTitle(LoginPage.java:30)
at com.qa.anc.page.LoginPage.getLoginPageTitle(LoginPage.java:30)
at com.qa.anc.page.LoginPage.getLoginPageTitle(LoginPage.java:30)
at com.qa.anc.page.LoginPage.getLoginPageTitle(LoginPage.java:30)
at com.qa.anc.page.LoginPage.getLoginPageTitle(LoginPage.java:30)
at com.qa.anc.page.LoginPage.getLoginPageTitle(LoginPage.java:30)
at com.qa.anc.page.LoginPage.getLoginPageTitle(LoginPage.java:30)
at com.qa.anc.page.LoginPage.getLoginPageTitle(LoginPage.java:30)
at com.qa.anc.page.LoginPage.getLoginPageTitle(LoginPage.java:30)
at com.qa.anc.page.LoginPage.getLoginPageTitle(LoginPage.java:30)
at com.qa.anc.page.LoginPage.getLoginPageTitle(LoginPage.java:30)
at com.qa.anc.page.LoginPage.getLoginPageTitle(LoginPage.java:30)
at com.qa.anc.page.LoginPage.getLoginPageTitle(LoginPage.java:30)
at com.qa.anc.page.LoginPage.getLoginPageTitle(LoginPage.java:30)
at com.qa.anc.page.LoginPage.getLoginPageTitle(LoginPage.java:30)
at com.qa.anc.page.LoginPage.getLoginPageTitle(LoginPage.java:30)
at com.qa.anc.page.LoginPage.getLoginPageTitle(LoginPage.java:30)
at com.qa.anc.page.LoginPage.getLoginPageTitle(LoginPage.java:30)
at com.qa.anc.page.LoginPage.getLoginPageTitle(LoginPage.java:30)
at com.qa.anc.page.LoginPage.getLoginPageTitle(LoginPage.java:30)
at com.qa.anc.page.LoginPage.getLoginPageTitle(LoginPage.java:30)
at com.qa.anc.page.LoginPage.getLoginPageTitle(LoginPage.java:30)
at com.qa.anc.page.LoginPage.getLoginPageTitle(LoginPage.java:30)
at com.qa.anc.page.LoginPage.getLoginPageTitle(LoginPage.java:30)
at com.qa.anc.page.LoginPage.getLoginPageTitle(LoginPage.java:30)
at com.qa.anc.page.LoginPage.getLoginPageTitle(LoginPage.java:30)
at com.qa.anc.page.LoginPage.getLoginPageTitle(LoginPage.java:30)
at com.qa.anc.page.LoginPage.getLoginPageTitle(LoginPage.java:30)
at com.qa.anc.page.LoginPage.getLoginPageTitle(LoginPage.java:30)
at com.qa.anc.page.LoginPage.getLoginPageTitle(LoginPage.java:30)
at com.qa.anc.page.LoginPage.getLoginPageTitle(LoginPage.java:30)
at com.qa.anc.page.LoginPage.getLoginPageTitle(LoginPage.java:30)
at com.qa.anc.page.LoginPage.getLoginPageTitle(LoginPage.java:30)
at com.qa.anc.page.LoginPage.getLoginPageTitle(LoginPage.java:30)
at com.qa.anc.page.LoginPage.getLoginPageTitle(LoginPage.java:30)
at com.qa.anc.page.LoginPage.getLoginPageTitle(LoginPage.java:30)
at com.qa.anc.page.LoginPage.getLoginPageTitle(LoginPage.java:30)
at com.qa.anc.page.LoginPage.getLoginPageTitle(LoginPage.java:30)
at com.qa.anc.page.LoginPage.getLoginPageTitle(LoginPage.java:30)
at com.qa.anc.page.LoginPage.getLoginPageTitle(LoginPage.java:30)
at com.qa.anc.page.LoginPage.getLoginPageTitle(LoginPage.java:30)
at com.qa.anc.page.LoginPage.getLoginPageTitle(LoginPage.java:30)
at com.qa.anc.page.LoginPage.getLoginPageTitle(LoginPage.java:30)
at com.qa.anc.page.LoginPage.getLoginPageTitle(LoginPage.java:30)
at com.qa.anc.page.LoginPage.getLoginPageTitle(LoginPage.java:30)
at com.qa.anc.page.LoginPage.getLoginPageTitle(LoginPage.java:30)
at com.qa.anc.page.LoginPage.getLoginPageTitle(LoginPage.java:30)
at com.qa.anc.page.LoginPage.getLoginPageTitle(LoginPage.java:30)
at com.qa.anc.page.LoginPage.getLoginPageTitle(LoginPage.java:30)
at com.qa.anc.page.LoginPage.getLoginPageTitle(LoginPage.java:30)
at com.qa.anc.page.LoginPage.getLoginPageTitle(LoginPage.java:30)
at com.qa.anc.page.LoginPage.getLoginPageTitle(LoginPage.java:30)
at com.qa.anc.page.LoginPage.getLoginPageTitle(LoginPage.java:30)
at com.qa.anc.page.LoginPage.getLoginPageTitle(LoginPage.java:30)
at com.qa.anc.page.LoginPage.getLoginPageTitle(LoginPage.java:30)
at com.qa.anc.page.LoginPage.getLoginPageTitle(LoginPage.java:30)
at com.qa.anc.page.LoginPage.getLoginPageTitle(LoginPage.java:30)
at com.qa.anc.page.LoginPage.getLoginPageTitle(LoginPage.java:30)
at com.qa.anc.page.LoginPage.getLoginPageTitle(LoginPage.java:30)
at com.qa.anc.page.LoginPage.getLoginPageTitle(LoginPage.java:30)
at com.qa.anc.page.LoginPage.getLoginPageTitle(LoginPage.java:30)
at com.qa.anc.page.LoginPage.getLoginPageTitle(LoginPage.java:30)
at com.qa.anc.page.LoginPage.getLoginPageTitle(LoginPage.java:30)
at com.qa.anc.page.LoginPage.getLoginPageTitle(LoginPage.java:30)
at com.qa.anc.page.LoginPage.getLoginPageTitle(LoginPage.java:30)
at com.qa.anc.page.LoginPage.getLoginPageTitle(LoginPage.java:30)
at com.qa.anc.page.LoginPage.getLoginPageTitle(LoginPage.java:30)
at com.qa.anc.page.LoginPage.getLoginPageTitle(LoginPage.java:30)
at com.qa.anc.page.LoginPage.getLoginPageTitle(LoginPage.java:30)
at com.qa.anc.page.LoginPage.getLoginPageTitle(LoginPage.java:30)
at com.qa.anc.page.LoginPage.getLoginPageTitle(LoginPage.java:30)
at com.qa.anc.page.LoginPage.getLoginPageTitle(LoginPage.java:30)
at com.qa.anc.page.LoginPage.getLoginPageTitle(LoginPage.java:30)
at com.qa.anc.page.LoginPage.getLoginPageTitle(LoginPage.java:30)
at com.qa.anc.page.LoginPage.getLoginPageTitle(LoginPage.java:30)
at com.qa.anc.page.LoginPage.getLoginPageTitle(LoginPage.java:30)
at com.qa.anc.page.LoginPage.getLoginPageTitle(LoginPage.java:30)
at com.qa.anc.page.LoginPage.getLoginPageTitle(LoginPage.java:30)
at com.qa.anc.page.LoginPage.getLoginPageTitle(LoginPage.java:30)
at com.qa.anc.page.LoginPage.getLoginPageTitle(LoginPage.java:30)
at com.qa.anc.page.LoginPage.getLoginPageTitle(LoginPage.java:30)
at com.qa.anc.page.LoginPage.getLoginPageTitle(LoginPage.java:30)
at com.qa.anc.page.LoginPage.getLoginPageTitle(LoginPage.java:30)
at com.qa.anc.page.LoginPage.getLoginPageTitle(LoginPage.java:30)
at com.qa.anc.page.LoginPage.getLoginPageTitle(LoginPage.java:30)
at com.qa.anc.page.LoginPage.getLoginPageTitle(LoginPage.java:30)
at com.qa.anc.page.LoginPage.getLoginPageTitle(LoginPage.java:30)
at com.qa.anc.page.LoginPage.getLoginPageTitle(LoginPage.java:30)
at com.qa.anc.page.LoginPage.getLoginPageTitle(LoginPage.java:30)
at com.qa.anc.page.LoginPage.getLoginPageTitle(LoginPage.java:30)
at com.qa.anc.page.LoginPage.getLoginPageTitle(LoginPage.java:30)
at com.qa.anc.page.LoginPage.getLoginPageTitle(LoginPage.java:30)
at com.qa.anc.page.LoginPage.getLoginPageTitle(LoginPage.java:30)
at com.qa.anc.page.LoginPage.getLoginPageTitle(LoginPage.java:30)
at com.qa.anc.page.LoginPage.getLoginPageTitle(LoginPage.java:30)
at com.qa.anc.page.LoginPage.getLoginPageTitle(LoginPage.java:30)
at com.qa.anc.page.LoginPage.getLoginPageTitle(LoginPage.java:30)
at com.qa.anc.page.LoginPage.getLoginPageTitle(LoginPage.java:30)
at com.qa.anc.page.LoginPage.getLoginPageTitle(LoginPage.java:30)
at com.qa.anc.page.LoginPage.getLoginPageTitle(LoginPage.java:30)
at com.qa.anc.page.LoginPage.getLoginPageTitle(LoginPage.java:30)
at com.qa.anc.page.LoginPage.getLoginPageTitle(LoginPage.java:30)
at com.qa.anc.page.LoginPage.getLoginPageTitle(LoginPage.java:30)
at com.qa.anc.page.LoginPage.getLoginPageTitle(LoginPage.java:30)
at com.qa.anc.page.LoginPage.getLoginPageTitle(LoginPage.java:30)
at com.qa.anc.page.LoginPage.getLoginPageTitle(LoginPage.java:30)
at com.qa.anc.page.LoginPage.getLoginPageTitle(LoginPage.java:30)
at com.qa.anc.page.LoginPage.getLoginPageTitle(LoginPage.java:30)
at com.qa.anc.page.LoginPage.getLoginPageTitle(LoginPage.java:30)
at com.qa.anc.page.LoginPage.getLoginPageTitle(LoginPage.java:30)
at com.qa.anc.page.LoginPage.getLoginPageTitle(LoginPage.java:30)
at com.qa.anc.page.LoginPage.getLoginPageTitle(LoginPage.java:30)
at com.qa.anc.page.LoginPage.getLoginPageTitle(LoginPage.java:30)
at com.qa.anc.page.LoginPage.getLoginPageTitle(LoginPage.java:30)
at com.qa.anc.page.LoginPage.getLoginPageTitle(LoginPage.java:30)
at com.qa.anc.page.LoginPage.getLoginPageTitle(LoginPage.java:30)
at com.qa.anc.page.LoginPage.getLoginPageTitle(LoginPage.java:30)
at com.qa.anc.page.LoginPage.getLoginPageTitle(LoginPage.java:30)
at com.qa.anc.page.LoginPage.getLoginPageTitle(LoginPage.java:30)
at com.qa.anc.page.LoginPage.getLoginPageTitle(LoginPage.java:30)
at com.qa.anc.page.LoginPage.getLoginPageTitle(LoginPage.java:30)
at com.qa.anc.page.LoginPage.getLoginPageTitle(LoginPage.java:30)
at com.qa.anc.page.LoginPage.getLoginPageTitle(LoginPage.java:30)
at com.qa.anc.page.LoginPage.getLoginPageTitle(LoginPage.java:30)
at com.qa.anc.page.LoginPage.getLoginPageTitle(LoginPage.java:30)
at com.qa.anc.page.LoginPage.getLoginPageTitle(LoginPage.java:30)
at com.qa.anc.page.LoginPage.getLoginPageTitle(LoginPage.java:30)
at com.qa.anc.page.LoginPage.getLoginPageTitle(LoginPage.java:30)
at com.qa.anc.page.LoginPage.getLoginPageTitle(LoginPage.java:30)
at com.qa.anc.page.LoginPage.getLoginPageTitle(LoginPage.java:30)
at com.qa.anc.page.LoginPage.getLoginPageTitle(LoginPage.java:30)
at com.qa.anc.page.LoginPage.getLoginPageTitle(LoginPage.java:30)
at com.qa.anc.page.LoginPage.getLoginPageTitle(LoginPage.java:30)
at com.qa.anc.page.LoginPage.getLoginPageTitle(LoginPage.java:30)
at com.qa.anc.page.LoginPage.getLoginPageTitle(LoginPage.java:30)
at com.qa.anc.page.LoginPage.getLoginPageTitle(LoginPage.java:30)
at com.qa.anc.page.LoginPage.getLoginPageTitle(LoginPage.java:30)
at com.qa.anc.page.LoginPage.getLoginPageTitle(LoginPage.java:30)
at com.qa.anc.page.LoginPage.getLoginPageTitle(LoginPage.java:30)
at com.qa.anc.page.LoginPage.getLoginPageTitle(LoginPage.java:30)
at com.qa.anc.page.LoginPage.getLoginPageTitle(LoginPage.java:30)
at com.qa.anc.page.LoginPage.getLoginPageTitle(LoginPage.java:30)
at com.qa.anc.page.LoginPage.getLoginPageTitle(LoginPage.java:30)
at com.qa.anc.page.LoginPage.getLoginPageTitle(LoginPage.java:30)
at com.qa.anc.page.LoginPage.getLoginPageTitle(LoginPage.java:30)
at com.qa.anc.page.LoginPage.getLoginPageTitle(LoginPage.java:30)
at com.qa.anc.page.LoginPage.getLoginPageTitle(LoginPage.java:30)
at com.qa.anc.page.LoginPage.getLoginPageTitle(LoginPage.java:30)
at com.qa.anc.page.LoginPage.getLoginPageTitle(LoginPage.java:30)
at com.qa.anc.page.LoginPage.getLoginPageTitle(LoginPage.java:30)
at com.qa.anc.page.LoginPage.getLoginPageTitle(LoginPage.java:30)
at com.qa.anc.page.LoginPage.getLoginPageTitle(LoginPage.java:30)
at com.qa.anc.page.LoginPage.getLoginPageTitle(LoginPage.java:30)
at com.qa.anc.page.LoginPage.getLoginPageTitle(LoginPage.java:30)
at com.qa.anc.page.LoginPage.getLoginPageTitle(LoginPage.java:30)
at com.qa.anc.page.LoginPage.getLoginPageTitle(LoginPage.java:30)
at com.qa.anc.page.LoginPage.getLoginPageTitle(LoginPage.java:30)
at com.qa.anc.page.LoginPage.getLoginPageTitle(LoginPage.java:30)
at com.qa.anc.page.LoginPage.getLoginPageTitle(LoginPage.java:30)
at com.qa.anc.page.LoginPage.getLoginPageTitle(LoginPage.java:30)
at com.qa.anc.page.LoginPage.getLoginPageTitle(LoginPage.java:30)
at com.qa.anc.page.LoginPage.getLoginPageTitle(LoginPage.java:30)
at com.qa.anc.page.LoginPage.getLoginPageTitle(LoginPage.java:30)
at com.qa.anc.page.LoginPage.getLoginPageTitle(LoginPage.java:30)
at com.qa.anc.page.LoginPage.getLoginPageTitle(LoginPage.java:30)
at com.qa.anc.page.LoginPage.getLoginPageTitle(LoginPage.java:30)
at com.qa.anc.page.LoginPage.getLoginPageTitle(LoginPage.java:30)
at com.qa.anc.page.LoginPage.getLoginPageTitle(LoginPage.java:30)
at com.qa.anc.page.LoginPage.getLoginPageTitle(LoginPage.java:30)
at com.qa.anc.page.LoginPage.getLoginPageTitle(LoginPage.java:30)
at com.qa.anc.page.LoginPage.getLoginPageTitle(LoginPage.java:30)
at com.qa.anc.page.LoginPage.getLoginPageTitle(LoginPage.java:30)
at com.qa.anc.page.LoginPage.getLoginPageTitle(LoginPage.java:30)
at com.qa.anc.page.LoginPage.getLoginPageTitle(LoginPage.java:30)
at com.qa.anc.page.LoginPage.getLoginPageTitle(LoginPage.java:30)
at com.qa.anc.page.LoginPage.getLoginPageTitle(LoginPage.java:30)
at com.qa.anc.page.LoginPage.getLoginPageTitle(LoginPage.java:30)
at com.qa.anc.page.LoginPage.getLoginPageTitle(LoginPage.java:30)
at com.qa.anc.page.LoginPage.getLoginPageTitle(LoginPage.java:30)
at com.qa.anc.page.LoginPage.getLoginPageTitle(LoginPage.java:30)
at com.qa.anc.page.LoginPage.getLoginPageTitle(LoginPage.java:30)
at com.qa.anc.page.LoginPage.getLoginPageTitle(LoginPage.java:30)
at com.qa.anc.page.LoginPage.getLoginPageTitle(LoginPage.java:30)
at com.qa.anc.page.LoginPage.getLoginPageTitle(LoginPage.java:30)
at com.qa.anc.page.LoginPage.getLoginPageTitle(LoginPage.java:30)
at com.qa.anc.page.LoginPage.getLoginPageTitle(LoginPage.java:30)
at com.qa.anc.page.LoginPage.getLoginPageTitle(LoginPage.java:30)
at com.qa.anc.page.LoginPage.getLoginPageTitle(LoginPage.java:30)
at com.qa.anc.page.LoginPage.getLoginPageTitle(LoginPage.java:30)
at com.qa.anc.page.LoginPage.getLoginPageTitle(LoginPage.java:30)
at com.qa.anc.page.LoginPage.getLoginPageTitle(LoginPage.java:30)
at com.qa.anc.page.LoginPage.getLoginPageTitle(LoginPage.java:30)
at com.qa.anc.page.LoginPage.getLoginPageTitle(LoginPage.java:30)
at com.qa.anc.page.LoginPage.getLoginPageTitle(LoginPage.java:30)
at com.qa.anc.page.LoginPage.getLoginPageTitle(LoginPage.java:30)
at com.qa.anc.page.LoginPage.getLoginPageTitle(LoginPage.java:30)
at com.qa.anc.page.LoginPage.getLoginPageTitle(LoginPage.java:30)
at com.qa.anc.page.LoginPage.getLoginPageTitle(LoginPage.java:30)
at com.qa.anc.page.LoginPage.getLoginPageTitle(LoginPage.java:30)
at com.qa.anc.page.LoginPage.getLoginPageTitle(LoginPage.java:30)
at com.qa.anc.page.LoginPage.getLoginPageTitle(LoginPage.java:30)
at com.qa.anc.page.LoginPage.getLoginPageTitle(LoginPage.java:30)
at com.qa.anc.page.LoginPage.getLoginPageTitle(LoginPage.java:30)
at com.qa.anc.page.LoginPage.getLoginPageTitle(LoginPage.java:30)
at com.qa.anc.page.LoginPage.getLoginPageTitle(LoginPage.java:30)
at com.qa.anc.page.LoginPage.getLoginPageTitle(LoginPage.java:30)
at com.qa.anc.page.LoginPage.getLoginPageTitle(LoginPage.java:30)
at com.qa.anc.page.LoginPage.getLoginPageTitle(LoginPage.java:30)
at com.qa.anc.page.LoginPage.getLoginPageTitle(LoginPage.java:30)
at com.qa.anc.page.LoginPage.getLoginPageTitle(LoginPage.java:30)
at com.qa.anc.page.LoginPage.getLoginPageTitle(LoginPage.java:30)
at com.qa.anc.page.LoginPage.getLoginPageTitle(LoginPage.java:30)
at com.qa.anc.page.LoginPage.getLoginPageTitle(LoginPage.java:30)
at com.qa.anc.page.LoginPage.getLoginPageTitle(LoginPage.java:30)
at com.qa.anc.page.LoginPage.getLoginPageTitle(LoginPage.java:30)
at com.qa.anc.page.LoginPage.getLoginPageTitle(LoginPage.java:30)
at com.qa.anc.page.LoginPage.getLoginPageTitle(LoginPage.java:30)
at com.qa.anc.page.LoginPage.getLoginPageTitle(LoginPage.java:30)
at com.qa.anc.page.LoginPage.getLoginPageTitle(LoginPage.java:30)
at com.qa.anc.page.LoginPage.getLoginPageTitle(LoginPage.java:30)
at com.qa.anc.page.LoginPage.getLoginPageTitle(LoginPage.java:30)
at com.qa.anc.page.LoginPage.getLoginPageTitle(LoginPage.java:30)
at com.qa.anc.page.LoginPage.getLoginPageTitle(LoginPage.java:30)
at com.qa.anc.page.LoginPage.getLoginPageTitle(LoginPage.java:30)
at com.qa.anc.page.LoginPage.getLoginPageTitle(LoginPage.java:30)
at com.qa.anc.page.LoginPage.getLoginPageTitle(LoginPage.java:30)
at com.qa.anc.page.LoginPage.getLoginPageTitle(LoginPage.java:30)
at com.qa.anc.page.LoginPage.getLoginPageTitle(LoginPage.java:30)
at com.qa.anc.page.LoginPage.getLoginPageTitle(LoginPage.java:30)
at com.qa.anc.page.LoginPage.getLoginPageTitle(LoginPage.java:30)
at com.qa.anc.page.LoginPage.getLoginPageTitle(LoginPage.java:30)
at com.qa.anc.page.LoginPage.getLoginPageTitle(LoginPage.java:30)
at com.qa.anc.page.LoginPage.getLoginPageTitle(LoginPage.java:30)
at com.qa.anc.page.LoginPage.getLoginPageTitle(LoginPage.java:30)
at com.qa.anc.page.LoginPage.getLoginPageTitle(LoginPage.java:30)
at com.qa.anc.page.LoginPage.getLoginPageTitle(LoginPage.java:30)
at com.qa.anc.page.LoginPage.getLoginPageTitle(LoginPage.java:30)
at com.qa.anc.page.LoginPage.getLoginPageTitle(LoginPage.java:30)
at com.qa.anc.page.LoginPage.getLoginPageTitle(LoginPage.java:30)
at com.qa.anc.page.LoginPage.getLoginPageTitle(LoginPage.java:30)
at com.qa.anc.page.LoginPage.getLoginPageTitle(LoginPage.java:30)
at com.qa.anc.page.LoginPage.getLoginPageTitle(LoginPage.java:30)
at com.qa.anc.page.LoginPage.getLoginPageTitle(LoginPage.java:30)
at com.qa.anc.page.LoginPage.getLoginPageTitle(LoginPage.java:30)
at com.qa.anc.page.LoginPage.getLoginPageTitle(LoginPage.java:30)
at com.qa.anc.page.LoginPage.getLoginPageTitle(LoginPage.java:30)
at com.qa.anc.page.LoginPage.getLoginPageTitle(LoginPage.java:30)
at com.qa.anc.page.LoginPage.getLoginPageTitle(LoginPage.java:30)
at com.qa.anc.page.LoginPage.getLoginPageTitle(LoginPage.java:30)
at com.qa.anc.page.LoginPage.getLoginPageTitle(LoginPage.java:30)
at com.qa.anc.page.LoginPage.getLoginPageTitle(LoginPage.java:30)
at com.qa.anc.page.LoginPage.getLoginPageTitle(LoginPage.java:30)
at com.qa.anc.page.LoginPage.getLoginPageTitle(LoginPage.java:30)
at com.qa.anc.page.LoginPage.getLoginPageTitle(LoginPage.java:30)
at com.qa.anc.page.LoginPage.getLoginPageTitle(LoginPage.java:30)
at com.qa.anc.page.LoginPage.getLoginPageTitle(LoginPage.java:30)
at com.qa.anc.page.LoginPage.getLoginPageTitle(LoginPage.java:30)
at com.qa.anc.page.LoginPage.getLoginPageTitle(LoginPage.java:30)
at com.qa.anc.page.LoginPage.getLoginPageTitle(LoginPage.java:30)
at com.qa.anc.page.LoginPage.getLoginPageTitle(LoginPage.java:30)
at com.qa.anc.page.LoginPage.getLoginPageTitle(LoginPage.java:30)
at com.qa.anc.page.LoginPage.getLoginPageTitle(LoginPage.java:30)
at com.qa.anc.page.LoginPage.getLoginPageTitle(LoginPage.java:30)
at com.qa.anc.page.LoginPage.getLoginPageTitle(LoginPage.java:30)
at com.qa.anc.page.LoginPage.getLoginPageTitle(LoginPage.java:30)
at com.qa.anc.page.LoginPage.getLoginPageTitle(LoginPage.java:30)
at com.qa.anc.page.LoginPage.getLoginPageTitle(LoginPage.java:30)
at com.qa.anc.page.LoginPage.getLoginPageTitle(LoginPage.java:30)
at com.qa.anc.page.LoginPage.getLoginPageTitle(LoginPage.java:30)
at com.qa.anc.page.LoginPage.getLoginPageTitle(LoginPage.java:30)
at com.qa.anc.page.LoginPage.getLoginPageTitle(LoginPage.java:30)
at com.qa.anc.page.LoginPage.getLoginPageTitle(LoginPage.java:30)
at com.qa.anc.page.LoginPage.getLoginPageTitle(LoginPage.java:30)
at com.qa.anc.page.LoginPage.getLoginPageTitle(LoginPage.java:30)
at com.qa.anc.page.LoginPage.getLoginPageTitle(LoginPage.java:30)
at com.qa.anc.page.LoginPage.getLoginPageTitle(LoginPage.java:30)
at com.qa.anc.page.LoginPage.getLoginPageTitle(LoginPage.java:30)
at com.qa.anc.page.LoginPage.getLoginPageTitle(LoginPage.java:30)
at com.qa.anc.page.LoginPage.getLoginPageTitle(LoginPage.java:30)
at com.qa.anc.page.LoginPage.getLoginPageTitle(LoginPage.java:30)
at com.qa.anc.page.LoginPage.getLoginPageTitle(LoginPage.java:30)
at com.qa.anc.page.LoginPage.getLoginPageTitle(LoginPage.java:30)
at com.qa.anc.page.LoginPage.getLoginPageTitle(LoginPage.java:30)
at com.qa.anc.page.LoginPage.getLoginPageTitle(LoginPage.java:30)
at com.qa.anc.page.LoginPage.getLoginPageTitle(LoginPage.java:30)
at com.qa.anc.page.LoginPage.getLoginPageTitle(LoginPage.java:30)
at com.qa.anc.page.LoginPage.getLoginPageTitle(LoginPage.java:30)
at com.qa.anc.page.LoginPage.getLoginPageTitle(LoginPage.java:30)
at com.qa.anc.page.LoginPage.getLoginPageTitle(LoginPage.java:30)
at com.qa.anc.page.LoginPage.getLoginPageTitle(LoginPage.java:30)
at com.qa.anc.page.LoginPage.getLoginPageTitle(LoginPage.java:30)
at com.qa.anc.page.LoginPage.getLoginPageTitle(LoginPage.java:30)
at com.qa.anc.page.LoginPage.getLoginPageTitle(LoginPage.java:30)
at com.qa.anc.page.LoginPage.getLoginPageTitle(LoginPage.java:30)
at com.qa.anc.page.LoginPage.getLoginPageTitle(LoginPage.java:30)
at com.qa.anc.page.LoginPage.getLoginPageTitle(LoginPage.java:30)
at com.qa.anc.page.LoginPage.getLoginPageTitle(LoginPage.java:30)
at com.qa.anc.page.LoginPage.getLoginPageTitle(LoginPage.java:30)
at com.qa.anc.page.LoginPage.getLoginPageTitle(LoginPage.java:30)
at com.qa.anc.page.LoginPage.getLoginPageTitle(LoginPage.java:30)
at com.qa.anc.page.LoginPage.getLoginPageTitle(LoginPage.java:30)
at com.qa.anc.page.LoginPage.getLoginPageTitle(LoginPage.java:30)
at com.qa.anc.page.LoginPage.getLoginPageTitle(LoginPage.java:30)
at com.qa.anc.page.LoginPage.getLoginPageTitle(LoginPage.java:30)
at com.qa.anc.page.LoginPage.getLoginPageTitle(LoginPage.java:30)
at com.qa.anc.page.LoginPage.getLoginPageTitle(LoginPage.java:30)
at com.qa.anc.page.LoginPage.getLoginPageTitle(LoginPage.java:30)
at com.qa.anc.page.LoginPage.getLoginPageTitle(LoginPage.java:30)
at com.qa.anc.page.LoginPage.getLoginPageTitle(LoginPage.java:30)
at com.qa.anc.page.LoginPage.getLoginPageTitle(LoginPage.java:30)
at com.qa.anc.page.LoginPage.getLoginPageTitle(LoginPage.java:30)
at com.qa.anc.page.LoginPage.getLoginPageTitle(LoginPage.java:30)
at com.qa.anc.page.LoginPage.getLoginPageTitle(LoginPage.java:30)
at com.qa.anc.page.LoginPage.getLoginPageTitle(LoginPage.java:30)
at com.qa.anc.page.LoginPage.getLoginPageTitle(LoginPage.java:30)
at com.qa.anc.page.LoginPage.getLoginPageTitle(LoginPage.java:30)
at com.qa.anc.page.LoginPage.getLoginPageTitle(LoginPage.java:30)
at com.qa.anc.page.LoginPage.getLoginPageTitle(LoginPage.java:30)
at com.qa.anc.page.LoginPage.getLoginPageTitle(LoginPage.java:30)
at com.qa.anc.page.LoginPage.getLoginPageTitle(LoginPage.java:30)
at com.qa.anc.page.LoginPage.getLoginPageTitle(LoginPage.java:30)
at com.qa.anc.page.LoginPage.getLoginPageTitle(LoginPage.java:30)
at com.qa.anc.page.LoginPage.getLoginPageTitle(LoginPage.java:30)
at com.qa.anc.page.LoginPage.getLoginPageTitle(LoginPage.java:30)
at com.qa.anc.page.LoginPage.getLoginPageTitle(LoginPage.java:30)
at com.qa.anc.page.LoginPage.getLoginPageTitle(LoginPage.java:30)
at com.qa.anc.page.LoginPage.getLoginPageTitle(LoginPage.java:30)
at com.qa.anc.page.LoginPage.getLoginPageTitle(LoginPage.java:30)
at com.qa.anc.page.LoginPage.getLoginPageTitle(LoginPage.java:30)
at com.qa.anc.page.LoginPage.getLoginPageTitle(LoginPage.java:30)
at com.qa.anc.page.LoginPage.getLoginPageTitle(LoginPage.java:30)
at com.qa.anc.page.LoginPage.getLoginPageTitle(LoginPage.java:30)
at com.qa.anc.page.LoginPage.getLoginPageTitle(LoginPage.java:30)
at com.qa.anc.page.LoginPage.getLoginPageTitle(LoginPage.java:30)
at com.qa.anc.page.LoginPage.getLoginPageTitle(LoginPage.java:30)
at com.qa.anc.page.LoginPage.getLoginPageTitle(LoginPage.java:30)
at com.qa.anc.page.LoginPage.getLoginPageTitle(LoginPage.java:30)
at com.qa.anc.page.LoginPage.getLoginPageTitle(LoginPage.java:30)
at com.qa.anc.page.LoginPage.getLoginPageTitle(LoginPage.java:30)
at com.qa.anc.page.LoginPage.getLoginPageTitle(LoginPage.java:30)
at com.qa.anc.page.LoginPage.getLoginPageTitle(LoginPage.java:30)
at com.qa.anc.page.LoginPage.getLoginPageTitle(LoginPage.java:30)
at com.qa.anc.page.LoginPage.getLoginPageTitle(LoginPage.java:30)
at com.qa.anc.page.LoginPage.getLoginPageTitle(LoginPage.java:30)
at com.qa.anc.page.LoginPage.getLoginPageTitle(LoginPage.java:30)
at com.qa.anc.page.LoginPage.getLoginPageTitle(LoginPage.java:30)
at com.qa.anc.page.LoginPage.getLoginPageTitle(LoginPage.java:30)
at com.qa.anc.page.LoginPage.getLoginPageTitle(LoginPage.java:30)
at com.qa.anc.page.LoginPage.getLoginPageTitle(LoginPage.java:30)
at com.qa.anc.page.LoginPage.getLoginPageTitle(LoginPage.java:30)
at com.qa.anc.page.LoginPage.getLoginPageTitle(LoginPage.java:30)
at com.qa.anc.page.LoginPage.getLoginPageTitle(LoginPage.java:30)
at com.qa.anc.page.LoginPage.getLoginPageTitle(LoginPage.java:30)
at com.qa.anc.page.LoginPage.getLoginPageTitle(LoginPage.java:30)
at com.qa.anc.page.LoginPage.getLoginPageTitle(LoginPage.java:30)
at com.qa.anc.page.LoginPage.getLoginPageTitle(LoginPage.java:30)
]]>
    </failure>
  </testcase> <!-- loginPageTitleTest -->
  <testcase classname="com.qa.anc.test.LoginPageTest" name="loginTest" time="0.303"/>
</testsuite> <!-- Default test -->
